  Building Custom Rule C:/Users/vr/Desktop/ParaView-v5.3.0-VR/src/ParaViewCore/VTKExtensions/Default/CMakeLists.txt
  CMake does not need to re-run because C:/Users/vr/Desktop/ParaView-v5.3.0-VR/build/ParaViewCore/VTKExtensions/Default/CMakeFiles/generate.stamp is up-to-date.
  vtkAdditionalFieldReader.cxx
  vtkAMRConnectivity.cxx
  vtkAMRDualClip.cxx
  vtkAMRDualContour.cxx
  vtkAMRDualGridHelper.cxx
  vtkAMRFileSeriesReader.cxx
  vtkAMRFragmentIntegration.cxx
  vtkAMRFragmentsFilter.cxx
  vtkAppendArcLength.cxx
  vtkAppendRectilinearGrid.cxx
  vtkCellIntegrator.cxx
  vtkCleanUnstructuredGridCells.cxx
  vtkCleanUnstructuredGrid.cxx
  vtkCSVWriter.cxx
  vtkEnsembleDataReader.cxx
  vtkEquivalenceSet.cxx
  vtkExodusFileSeriesReader.cxx
  vtkExtractScatterPlot.cxx
  vtkExtractSelectionRange.cxx
  vtkFileSequenceParser.cxx
  Generating Code...
  Compiling...
  vtkFlashContour.cxx
  vtkGridAxes2DActor.cxx
  vtkGridAxes3DActor.cxx
  vtkGridAxesHelper.cxx
  vtkGridAxesPlane2DActor.cxx
  vtkGridConnectivity.cxx
  vtkHierarchicalFractal.cxx
  vtkHybridProbeFilter.cxx
  vtkIntegrateFlowThroughSurface.cxx
  vtkIntersectFragments.cxx
  vtkIsoVolume.cxx
  vtkMaterialInterfaceCommBuffer.cxx
  vtkMaterialInterfaceFilter.cxx
  vtkMaterialInterfaceIdList.cxx
  vtkMaterialInterfacePieceLoading.cxx
  vtkMaterialInterfacePieceTransaction.cxx
  vtkMaterialInterfacePieceTransactionMatrix.cxx
  vtkMaterialInterfaceProcessLoading.cxx
  vtkMaterialInterfaceProcessRing.cxx
  vtkMaterialInterfaceToProcMap.cxx
  Generating Code...
  Compiling...
  vtkMergeArrays.cxx
  vtkMergeCompositeDataSet.cxx
  vtkMinMax.cxx
  vtkPEnSightGoldBinaryReader.cxx
  vtkPEnSightGoldReader.cxx
  vtkPEnSightReader.cxx
  vtkPEquivalenceSet.cxx
  vtkPExtractTemporalFieldData.cxx
  vtkPGenericEnSightReader.cxx
  vtkPhastaReader.cxx
  vtkPlotEdges.cxx
  vtkPointHandleRepresentationSphere.cxx
  vtkPolyLineToRectilinearGridFilter.cxx
  vtkPPhastaReader.cxx
  vtkPSciVizContingencyStats.cxx
  vtkPSciVizDescriptiveStats.cxx
  vtkPSciVizKMeans.cxx
  vtkPSciVizMultiCorrelativeStats.cxx
  vtkPSciVizPCAStats.cxx
  vtkPVAMRDualClip.cxx
  Generating Code...
  Compiling...
  vtkPVAMRDualContour.cxx
  vtkPVAMRFragmentIntegration.cxx
  vtkPVArrayCalculator.cxx
  vtkPVBox.cxx
  vtkPVClipClosedSurface.cxx
  vtkPVClipDataSet.cxx
  vtkPVConnectivityFilter.cxx
  vtkPVContourFilter.cxx
  vtkPVCylinder.cxx
  vtkPVDataSetAlgorithmSelectorFilter.cxx
  vtkPVDReader.cxx
  vtkPVEnSightMasterServerReader2.cxx
  vtkPVEnSightMasterServerReader.cxx
  vtkPVEnSightMasterServerTranslator.cxx
  vtkPVExtractBagPlots.cxx
  vtkPVExtractComponent.cxx
  vtkPVExtractVOI.cxx
  vtkPVFrustumActor.cxx
  vtkPVGlyphFilter.cxx
  vtkPVGridAxes3DActor.cxx
  Generating Code...
  Compiling...
  vtkPVImageReader.cxx
  vtkPVLegacyGlyphFilter.cxx
  vtkPVLinearExtrusionFilter.cxx
  vtkPVMetaClipDataSet.cxx
  vtkPVMetaSliceDataSet.cxx
  vtkPVPlane.cxx
  vtkPVPLYWriter.cxx
  vtkPVSelectionSource.cxx
  vtkPVTextSource.cxx
  vtkPVTransposeTable.cxx
  vtkRulerLineForInput.cxx
  vtkQuerySelectionSource.cxx
  vtkRectilinearGridConnectivity.cxx
  vtkSciVizStatistics.cxx
  vtkSpyPlotBlock.cxx
  vtkSpyPlotBlockIterator.cxx
  vtkSpyPlotFileSeriesReader.cxx
  vtkSpyPlotHistoryReader.cxx
  vtkSpyPlotIStream.cxx
  vtkSpyPlotReader.cxx
  Generating Code...
  Compiling...
  vtkSpyPlotReaderMap.cxx
  vtkSpyPlotUniReader.cxx
  vtkSurfaceVectors.cxx
  vtkTimeStepProgressFilter.cxx
  vtkTimeToTextConvertor.cxx
  vtkUnstructuredPOPReader.cxx
  vtkVRMLSource.cxx
  vtkXMLCollectionReader.cxx
  vtkXMLPVDWriter.cxx
  vtkInSituPParticlePathFilter.cxx
  Generating Code...
     Creating library C:/Users/vr/Desktop/ParaView-v5.3.0-VR/build/lib/Debug/vtkPVVTKExtensionsDefault-pv5.3.lib and object C:/Users/vr/Desktop/ParaView-v5.3.0-VR/build/lib/Debug/vtkPVVTKExtensionsDefault-pv5.3.exp
  vtkPVVTKExtensionsDefault.vcxproj -> C:\Users\vr\Desktop\ParaView-v5.3.0-VR\build\bin\Debug\vtkPVVTKExtensionsDefault-pv5.3.dll
