  Building Custom Rule C:/Users/vr/Desktop/ParaView-v5.3.0-VR/src/Plugins/GeodesicMeasurementPlugin/FmmMesh/CMakeLists.txt
  CMake does not need to re-run because C:/Users/vr/Desktop/ParaView-v5.3.0-VR/build/Plugins/GeodesicMeasurementPlugin/FmmMesh/CMakeFiles/generate.stamp is up-to-date.
  GW_Config.cpp
  GW_Face.cpp
  GW_FaceIterator.cpp
  GW_Mesh.cpp
  GW_SmartCounter.cpp
  GW_Vertex.cpp
  GW_VertexIterator.cpp
  GW_GeodesicFace.cpp
  GW_GeodesicMesh.cpp
  GW_GeodesicPath.cpp
  GW_GeodesicPoint.cpp
  GW_GeodesicVertex.cpp
  GW_TriangularInterpolation_Linear.cpp
  GW_TriangularInterpolation_Quadratic.cpp
  GW_TriangularInterpolation_Cubic.cpp
  Generating Code...
c:\users\vr\desktop\paraview-v5.3.0-vr\src\plugins\geodesicmeasurementplugin\fmmmesh\gw_maths\gw_maths.h(512): warning C4701: potentially uninitialized local variable 'imax' used
c:\users\vr\desktop\paraview-v5.3.0-vr\src\plugins\geodesicmeasurementplugin\fmmmesh\gw_maths\gw_maths.h(512): warning C4701: potentially uninitialized local variable 'imax' used
c:\users\vr\desktop\paraview-v5.3.0-vr\src\plugins\geodesicmeasurementplugin\fmmmesh\gw_core\gw_mesh.cpp(568): warning C4701: potentially uninitialized local variable 'nVert1Num3' used
c:\users\vr\desktop\paraview-v5.3.0-vr\src\plugins\geodesicmeasurementplugin\fmmmesh\gw_core\gw_mesh.cpp(570): warning C4701: potentially uninitialized local variable 'nVert2Num3' used
  FmmMesh.vcxproj -> C:\Users\vr\Desktop\ParaView-v5.3.0-VR\build\lib\Debug\FmmMesh.lib
