  Building Custom Rule C:/Users/vr/Desktop/ParaView-v5.3.0-VR/src/Wrapping/ClientServer/CMakeLists.txt
  CMake does not need to re-run because C:/Users/vr/Desktop/ParaView-v5.3.0-VR/build/Wrapping/ClientServer/CMakeFiles/generate.stamp is up-to-date.
  CS Wrapping - generating vtkPAutoCorrelativeStatisticsClientServer.cxx
  CS Wrapping - generating vtkPContingencyStatisticsClientServer.cxx
  CS Wrapping - generating vtkPCorrelativeStatisticsClientServer.cxx
  CS Wrapping - generating vtkPDescriptiveStatisticsClientServer.cxx
  CS Wrapping - generating vtkPKMeansStatisticsClientServer.cxx
  CS Wrapping - generating vtkPMultiCorrelativeStatisticsClientServer.cxx
  CS Wrapping - generating vtkPOrderStatisticsClientServer.cxx
  CS Wrapping - generating vtkPPCAStatisticsClientServer.cxx
  CS Wrapping - generating vtkPBivariateLinearTableThresholdClientServer.cxx
  vtkPAutoCorrelativeStatisticsClientServer.cxx
  vtkPContingencyStatisticsClientServer.cxx
  vtkPCorrelativeStatisticsClientServer.cxx
  vtkPDescriptiveStatisticsClientServer.cxx
  vtkPKMeansStatisticsClientServer.cxx
  vtkPMultiCorrelativeStatisticsClientServer.cxx
  vtkPOrderStatisticsClientServer.cxx
  vtkPPCAStatisticsClientServer.cxx
  vtkPBivariateLinearTableThresholdClientServer.cxx
  vtkFiltersParallelStatisticsCSInit.cxx
  Generating Code...
  vtkFiltersParallelStatisticsCS.vcxproj -> C:\Users\vr\Desktop\ParaView-v5.3.0-VR\build\lib\Debug\vtkFiltersParallelStatisticsCS-pv5.3.lib
