  Building Custom Rule C:/Users/vr/Desktop/ParaView-v5.3.0-VR/src/VTK/Rendering/VolumeOpenGL2/CMakeLists.txt
  CMake does not need to re-run because C:/Users/vr/Desktop/ParaView-v5.3.0-VR/build/VTK/Rendering/VolumeOpenGL2/CMakeFiles/generate.stamp is up-to-date.
  Generating raycasterfs.cxx, raycasterfs.h
  Generating raycastervs.cxx, raycastervs.h
  Generating vtkglProjectedTetrahedraVS.cxx, vtkglProjectedTetrahedraVS.h
  Generating vtkglProjectedTetrahedraFS.cxx, vtkglProjectedTetrahedraFS.h
  vtkMultiBlockVolumeMapper.cxx
  vtkOpenGLGPUVolumeRayCastMapper.cxx
  vtkOpenGLProjectedTetrahedraMapper.cxx
  vtkOpenGLRayCastImageDisplayHelper.cxx
  vtkSmartVolumeMapper.cxx
  vtkVolumeTexture.cxx
  raycasterfs.cxx
  raycastervs.cxx
  vtkglProjectedTetrahedraVS.cxx
  vtkglProjectedTetrahedraFS.cxx
  vtkRenderingVolumeOpenGL2ObjectFactory.cxx
  Generating Code...
     Creating library C:/Users/vr/Desktop/ParaView-v5.3.0-VR/build/lib/Debug/vtkRenderingVolumeOpenGL2-pv5.3.lib and object C:/Users/vr/Desktop/ParaView-v5.3.0-VR/build/lib/Debug/vtkRenderingVolumeOpenGL2-pv5.3.exp
  vtkRenderingVolumeOpenGL2.vcxproj -> C:\Users\vr\Desktop\ParaView-v5.3.0-VR\build\bin\Debug\vtkRenderingVolumeOpenGL2-pv5.3.dll
