  Building Custom Rule C:/Users/vr/Desktop/ParaView-v5.3.0-VR/src/Applications/ParaView/Documentation/CMakeLists.txt
  CMake does not need to re-run because C:/Users/vr/Desktop/ParaView-v5.3.0-VR/build/Applications/ParaView/Documentation/CMakeFiles/generate.stamp is up-to-date.
  Generating Documentation HTMLs from xmls
  Processing wiki sources
  Processing wiki filters
  Processing wiki writers
  Processing wiki readers
  Compiling Qt help project paraview.qhp
  Building up file structure...
  Insert custom filters...
  Insert help data for filter section (1 of 1)...
  Insert files...
  Insert contents...
  Insert indices...
  Documentation successfully generated.
  Generating qrc_paraview_documentation.cpp
  ParaViewDocumentationInitializer.cxx
  qrc_paraview_documentation.cpp
  Generating Code...
  vtkParaViewDocumentation.vcxproj -> C:\Users\vr\Desktop\ParaView-v5.3.0-VR\build\lib\Debug\vtkParaViewDocumentation.lib
