  Building Custom Rule C:/Users/vr/Desktop/ParaView-v5.3.0-VR/src/VTK/Common/DataModel/CMakeLists.txt
  CMake does not need to re-run because C:/Users/vr/Desktop/ParaView-v5.3.0-VR/build/VTK/Common/DataModel/CMakeFiles/generate.stamp is up-to-date.
  vtkAbstractCellLinks.cxx
  vtkAbstractCellLocator.cxx
  vtkAbstractPointLocator.cxx
  vtkAdjacentVertexIterator.cxx
  vtkAMRBox.cxx
  vtkAMRUtilities.cxx
  vtkAnimationScene.cxx
  vtkAnnotation.cxx
  vtkAnnotationLayers.cxx
  vtkArrayData.cxx
  vtkAttributesErrorMetric.cxx
  vtkBiQuadraticQuad.cxx
  vtkBiQuadraticQuadraticHexahedron.cxx
  vtkBiQuadraticQuadraticWedge.cxx
  vtkBiQuadraticTriangle.cxx
  vtkBox.cxx
  vtkBSPCuts.cxx
  vtkBSPIntersections.cxx
  vtkCell3D.cxx
  vtkCellArray.cxx
  Generating Code...
  Compiling...
  vtkCell.cxx
  vtkCellData.cxx
  vtkCellIterator.cxx
  vtkCellLinks.cxx
  vtkCellLocator.cxx
  vtkCellTypes.cxx
  vtkCompositeDataSet.cxx
  vtkCompositeDataIterator.cxx
  vtkCone.cxx
  vtkConvexPointSet.cxx
  vtkCubicLine.cxx
  vtkCylinder.cxx
  vtkDataSetCellIterator.cxx
  vtkDataObjectCollection.cxx
  vtkDataObject.cxx
  vtkDataObjectTypes.cxx
  vtkDataObjectTree.cxx
  vtkDataObjectTreeIterator.cxx
  vtkDataSetAttributes.cxx
  vtkDataSetCollection.cxx
  Generating Code...
  Compiling...
  vtkDataSet.cxx
  vtkDirectedAcyclicGraph.cxx
  vtkDirectedGraph.cxx
  vtkDistributedGraphHelper.cxx
  vtkEdgeListIterator.cxx
  vtkEdgeTable.cxx
  vtkEmptyCell.cxx
  vtkExtractStructuredGridHelper.cxx
  vtkFieldData.cxx
  vtkGenericAdaptorCell.cxx
  vtkGenericAttributeCollection.cxx
  vtkGenericAttribute.cxx
  vtkGenericCell.cxx
  vtkGenericCellIterator.cxx
  vtkGenericCellTessellator.cxx
  vtkGenericDataSet.cxx
  vtkGenericEdgeTable.cxx
  vtkGenericInterpolatedVelocityField.cxx
  vtkGenericPointIterator.cxx
  vtkGenericSubdivisionErrorMetric.cxx
  Generating Code...
  Compiling...
  vtkGeometricErrorMetric.cxx
  vtkGraph.cxx
  vtkGraphEdge.cxx
  vtkGraphInternals.cxx
  vtkHexagonalPrism.cxx
  vtkHexahedron.cxx
  vtkHierarchicalBoxDataIterator.cxx
  vtkHierarchicalBoxDataSet.cxx
  vtkHyperOctreeCursor.cxx
  vtkHyperOctree.cxx
  vtkHyperOctreePointsGrabber.cxx
  vtkHyperTree.cxx
  vtkHyperTreeCursor.cxx
  vtkHyperTreeGrid.cxx
C:\Users\vr\Desktop\ParaView-v5.3.0-VR\src\VTK\Common\DataModel\vtkHyperTreeGrid.cxx(689): warning C4334: '<<': result of 32-bit shift implicitly converted to 64 bits (was 64-bit shift intended?)
  vtkImageData.cxx
  vtkImageIterator.cxx
  vtkImplicitBoolean.cxx
  vtkImplicitDataSet.cxx
  vtkImplicitFunctionCollection.cxx
  vtkImplicitFunction.cxx
  Generating Code...
  Compiling...
  vtkImplicitHalo.cxx
  vtkImplicitSelectionLoop.cxx
  vtkImplicitSum.cxx
  vtkImplicitVolume.cxx
  vtkImplicitWindowFunction.cxx
  vtkIncrementalOctreeNode.cxx
  vtkIncrementalOctreePointLocator.cxx
  vtkIncrementalPointLocator.cxx
  vtkInEdgeIterator.cxx
  vtkInformationQuadratureSchemeDefinitionVectorKey.cxx
  vtkIterativeClosestPointTransform.cxx
  vtkKdNode.cxx
  vtkKdTree.cxx
  vtkKdTreePointLocator.cxx
  vtkLine.cxx
  vtkLocator.cxx
  vtkMarchingSquaresLineCases.cxx
  vtkMarchingCubesTriangleCases.cxx
  vtkMeanValueCoordinatesInterpolator.cxx
  vtkMergePoints.cxx
  Generating Code...
  Compiling...
  vtkMultiBlockDataSet.cxx
  vtkMultiPieceDataSet.cxx
  vtkMutableDirectedGraph.cxx
  vtkMutableUndirectedGraph.cxx
  vtkNonLinearCell.cxx
  vtkNonMergingPointLocator.cxx
  vtkOctreePointLocator.cxx
  vtkOctreePointLocatorNode.cxx
  vtkOrderedTriangulator.cxx
  vtkOutEdgeIterator.cxx
  vtkPath.cxx
  vtkPentagonalPrism.cxx
  vtkPerlinNoise.cxx
  vtkPiecewiseFunction.cxx
  vtkPixel.cxx
  vtkPixelExtent.cxx
  vtkPixelTransfer.cxx
  vtkPlaneCollection.cxx
  vtkPlane.cxx
  vtkPlanes.cxx
  Generating Code...
  Compiling...
  vtkPlanesIntersection.cxx
  vtkPointData.cxx
  vtkPointLocator.cxx
  vtkPointSet.cxx
  vtkPointSetCellIterator.cxx
  vtkPointsProjectedHull.cxx
  vtkPolyDataCollection.cxx
  vtkPolyData.cxx
  vtkPolygon.cxx
  vtkPolyhedron.cxx
  vtkPolyLine.cxx
  vtkPolyPlane.cxx
  vtkPolyVertex.cxx
  vtkPyramid.cxx
  vtkQuad.cxx
  vtkQuadraticEdge.cxx
  vtkQuadraticHexahedron.cxx
  vtkQuadraticLinearQuad.cxx
  vtkQuadraticLinearWedge.cxx
  vtkQuadraticPolygon.cxx
  Generating Code...
  Compiling...
  vtkQuadraticPyramid.cxx
  vtkQuadraticQuad.cxx
  vtkQuadraticTetra.cxx
  vtkQuadraticTriangle.cxx
  vtkQuadraticWedge.cxx
  vtkQuadratureSchemeDefinition.cxx
  vtkQuadric.cxx
  vtkRectilinearGrid.cxx
  vtkReebGraph.cxx
  vtkReebGraphSimplificationMetric.cxx
  vtkSelection.cxx
  vtkSelectionNode.cxx
  vtkSimpleCellTessellator.cxx
  vtkSmoothErrorMetric.cxx
  vtkSortFieldData.cxx
  vtkSphere.cxx
  vtkSpline.cxx
  vtkStaticCellLinks.cxx
  vtkStaticPointLocator.cxx
  vtkStructuredData.cxx
  Generating Code...
  Compiling...
  vtkStructuredExtent.cxx
  vtkStructuredGrid.cxx
  vtkStructuredPointsCollection.cxx
  vtkStructuredPoints.cxx
  vtkSuperquadric.cxx
  vtkTable.cxx
  vtkTetra.cxx
  vtkTreeBFSIterator.cxx
  vtkTree.cxx
  vtkTreeDFSIterator.cxx
  vtkTriangle.cxx
  vtkTriangleStrip.cxx
  vtkTriQuadraticHexahedron.cxx
  vtkUndirectedGraph.cxx
  vtkUniformGrid.cxx
  vtkUnstructuredGrid.cxx
  vtkUnstructuredGridBase.cxx
  vtkUnstructuredGridCellIterator.cxx
  vtkVertex.cxx
  vtkVertexListIterator.cxx
  Generating Code...
  Compiling...
  vtkVoxel.cxx
  vtkWedge.cxx
  vtkXMLDataElement.cxx
  vtkTreeIterator.cxx
  vtkBoundingBox.cxx
  vtkAtom.cxx
  vtkBond.cxx
  vtkMolecule.cxx
  vtkAbstractElectronicData.cxx
  vtkNonOverlappingAMR.cxx
  vtkOverlappingAMR.cxx
  vtkAMRInformation.cxx
  vtkAMRDataInternals.cxx
  vtkUniformGridAMR.cxx
  vtkUniformGridAMRDataIterator.cxx
  Generating Code...
     Creating library C:/Users/vr/Desktop/ParaView-v5.3.0-VR/build/lib/Debug/vtkCommonDataModel-pv5.3.lib and object C:/Users/vr/Desktop/ParaView-v5.3.0-VR/build/lib/Debug/vtkCommonDataModel-pv5.3.exp
  vtkCommonDataModel.vcxproj -> C:\Users\vr\Desktop\ParaView-v5.3.0-VR\build\bin\Debug\vtkCommonDataModel-pv5.3.dll
