  Building Custom Rule C:/Users/vr/Desktop/ParaView-v5.3.0-VR/src/Plugins/Moments/CMakeLists.txt
  CMake does not need to re-run because C:/Users/vr/Desktop/ParaView-v5.3.0-VR/build/Plugins/Moments/CMakeFiles/generate.stamp is up-to-date.
  CS Wrapping - generating vtkMomentGlyphsClientServer.cxx
  CS Wrapping - generating vtkMomentVectorsClientServer.cxx
  Generating Documentation HTMLs from xmls
  Processing wiki sources
  Processing wiki filters
  Processing wiki writers
  Processing wiki readers
  Generating vtkSMXML_Moments.h
  -- Generate module: Moments
  vtkMomentGlyphs.cxx
  vtkMomentVectors.cxx
  vtkMomentGlyphsClientServer.cxx
  vtkMomentVectorsClientServer.cxx
  MomentsInit.cxx
  Moments_Plugin.cxx
  Generating Code...
     Creating library C:/Users/vr/Desktop/ParaView-v5.3.0-VR/build/lib/Debug/Moments.lib and object C:/Users/vr/Desktop/ParaView-v5.3.0-VR/build/lib/Debug/Moments.exp
  Moments.vcxproj -> C:\Users\vr\Desktop\ParaView-v5.3.0-VR\build\bin\Debug\Moments.dll
