  Building Custom Rule C:/Users/vr/Desktop/ParaView-v5.3.0-VR/src/Plugins/StreamLinesRepresentation/CMakeLists.txt
  CMake does not need to re-run because C:/Users/vr/Desktop/ParaView-v5.3.0-VR/build/Plugins/StreamLinesRepresentation/CMakeFiles/generate.stamp is up-to-date.
  CS Wrapping - generating vtkStreamLinesRepresentationClientServer.cxx
  CS Wrapping - generating vtkStreamLinesMapperClientServer.cxx
  Generating Documentation HTMLs from xmls
  Processing wiki sources
  Processing wiki filters
  Processing wiki writers
  Processing wiki readers
  Generating vtkSMXML_StreamLinesRepresentation.h
  -- Generate module: StreamLinesRepresentation
  Generating vtkStreamLinesBlending_fs.cxx
  Generating vtkStreamLinesCopy_fs.cxx
  Generating vtkStreamLines_fs.cxx
  Generating vtkStreamLines_vs.cxx
  Generating moc_pqStreamLinesAnimationManager.cpp
  Generating moc_pqStreamLinesAnimationManagerImplementation.cpp
  Generating moc_StreamLinesRepresentation_Plugin.cpp
  vtkStreamLinesRepresentation.cxx
  vtkStreamLinesMapper.cxx
  vtkStreamLinesRepresentationClientServer.cxx
  vtkStreamLinesMapperClientServer.cxx
  StreamLinesRepresentationInit.cxx
  vtkStreamLinesBlending_fs.cxx
  vtkStreamLinesCopy_fs.cxx
  vtkStreamLines_fs.cxx
  vtkStreamLines_vs.cxx
  pqStreamLinesAnimationManager.cxx
  moc_pqStreamLinesAnimationManager.cpp
  pqStreamLinesAnimationManagerImplementation.cxx
  moc_pqStreamLinesAnimationManagerImplementation.cpp
  StreamLinesRepresentation_Plugin.cxx
  moc_StreamLinesRepresentation_Plugin.cpp
  Generating Code...
     Creating library C:/Users/vr/Desktop/ParaView-v5.3.0-VR/build/lib/Debug/StreamLinesRepresentation.lib and object C:/Users/vr/Desktop/ParaView-v5.3.0-VR/build/lib/Debug/StreamLinesRepresentation.exp
  StreamLinesRepresentation.vcxproj -> C:\Users\vr\Desktop\ParaView-v5.3.0-VR\build\bin\Debug\StreamLinesRepresentation.dll
