  Building Custom Rule C:/Users/vr/Desktop/ParaView-v5.3.0-VR/src/VTK/Common/ExecutionModel/CMakeLists.txt
  CMake does not need to re-run because C:/Users/vr/Desktop/ParaView-v5.3.0-VR/build/VTK/Common/ExecutionModel/CMakeFiles/generate.stamp is up-to-date.
  vtkAlgorithm.cxx
  vtkAlgorithmOutput.cxx
  vtkAnnotationLayersAlgorithm.cxx
  vtkArrayDataAlgorithm.cxx
  vtkCachedStreamingDemandDrivenPipeline.cxx
  vtkCastToConcrete.cxx
  vtkCompositeDataPipeline.cxx
  vtkCompositeDataSetAlgorithm.cxx
  vtkDataObjectAlgorithm.cxx
  vtkDataSetAlgorithm.cxx
  vtkDemandDrivenPipeline.cxx
  vtkDirectedGraphAlgorithm.cxx
  vtkEnsembleSource.cxx
  vtkExecutive.cxx
  vtkExtentSplitter.cxx
  vtkExtentTranslator.cxx
  vtkFilteringInformationKeyManager.cxx
  vtkGraphAlgorithm.cxx
  vtkHierarchicalBoxDataSetAlgorithm.cxx
  vtkHyperOctreeAlgorithm.cxx
  Generating Code...
  Compiling...
  vtkHyperTreeGridAlgorithm.cxx
  vtkImageAlgorithm.cxx
  vtkImageInPlaceFilter.cxx
  vtkImageProgressIterator.cxx
  vtkImageToStructuredGrid.cxx
  vtkImageToStructuredPoints.cxx
  vtkInformationDataObjectMetaDataKey.cxx
  vtkInformationExecutivePortKey.cxx
  vtkInformationExecutivePortVectorKey.cxx
  vtkInformationIntegerRequestKey.cxx
  vtkMultiBlockDataSetAlgorithm.cxx
  vtkMultiTimeStepAlgorithm.cxx
  vtkPassInputTypeAlgorithm.cxx
  vtkPiecewiseFunctionAlgorithm.cxx
  vtkPiecewiseFunctionShiftScale.cxx
  vtkPointSetAlgorithm.cxx
  vtkPolyDataAlgorithm.cxx
  vtkRectilinearGridAlgorithm.cxx
  vtkScalarTree.cxx
  vtkSimpleImageToImageFilter.cxx
  Generating Code...
  Compiling...
  vtkSimpleScalarTree.cxx
  vtkSpanSpace.cxx
  vtkStreamingDemandDrivenPipeline.cxx
  vtkStructuredGridAlgorithm.cxx
  vtkTableAlgorithm.cxx
  vtkSMPProgressObserver.cxx
  vtkThreadedCompositeDataPipeline.cxx
  vtkThreadedImageAlgorithm.cxx
  vtkTreeAlgorithm.cxx
  vtkTrivialConsumer.cxx
  vtkTrivialProducer.cxx
  vtkUndirectedGraphAlgorithm.cxx
  vtkUnstructuredGridAlgorithm.cxx
  vtkUnstructuredGridBaseAlgorithm.cxx
  vtkProgressObserver.cxx
  vtkSelectionAlgorithm.cxx
  vtkExtentRCBPartitioner.cxx
  vtkUniformGridPartitioner.cxx
  vtkUniformGridAMRAlgorithm.cxx
  vtkOverlappingAMRAlgorithm.cxx
  Generating Code...
  Compiling...
  vtkNonOverlappingAMRAlgorithm.cxx
  Generating Code...
     Creating library C:/Users/vr/Desktop/ParaView-v5.3.0-VR/build/lib/Debug/vtkCommonExecutionModel-pv5.3.lib and object C:/Users/vr/Desktop/ParaView-v5.3.0-VR/build/lib/Debug/vtkCommonExecutionModel-pv5.3.exp
  vtkCommonExecutionModel.vcxproj -> C:\Users\vr\Desktop\ParaView-v5.3.0-VR\build\bin\Debug\vtkCommonExecutionModel-pv5.3.dll
