  Building Custom Rule C:/Users/vr/Desktop/ParaView-v5.3.0-VR/src/Wrapping/ClientServer/CMakeLists.txt
  CMake does not need to re-run because C:/Users/vr/Desktop/ParaView-v5.3.0-VR/build/Wrapping/ClientServer/CMakeFiles/generate.stamp is up-to-date.
  CS Wrapping - generating vtkGenericClipClientServer.cxx
  CS Wrapping - generating vtkGenericContourFilterClientServer.cxx
  CS Wrapping - generating vtkGenericCutterClientServer.cxx
  CS Wrapping - generating vtkGenericDataSetTessellatorClientServer.cxx
  CS Wrapping - generating vtkGenericGeometryFilterClientServer.cxx
  CS Wrapping - generating vtkGenericGlyph3DFilterClientServer.cxx
  CS Wrapping - generating vtkGenericOutlineFilterClientServer.cxx
  CS Wrapping - generating vtkGenericProbeFilterClientServer.cxx
  CS Wrapping - generating vtkGenericStreamTracerClientServer.cxx
  vtkGenericClipClientServer.cxx
  vtkGenericContourFilterClientServer.cxx
  vtkGenericCutterClientServer.cxx
  vtkGenericDataSetTessellatorClientServer.cxx
  vtkGenericGeometryFilterClientServer.cxx
  vtkGenericGlyph3DFilterClientServer.cxx
  vtkGenericOutlineFilterClientServer.cxx
  vtkGenericProbeFilterClientServer.cxx
  vtkGenericStreamTracerClientServer.cxx
  vtkFiltersGenericCSInit.cxx
  Generating Code...
  vtkFiltersGenericCS.vcxproj -> C:\Users\vr\Desktop\ParaView-v5.3.0-VR\build\lib\Debug\vtkFiltersGenericCS-pv5.3.lib
