  Building Custom Rule C:/Users/vr/Desktop/ParaView-v5.3.0-VR/src/VTK/Rendering/Core/CMakeLists.txt
  CMake does not need to re-run because C:/Users/vr/Desktop/ParaView-v5.3.0-VR/build/VTK/Rendering/Core/CMakeFiles/generate.stamp is up-to-date.
  vtkAbstractMapper3D.cxx
  vtkAbstractMapper.cxx
  vtkAbstractPicker.cxx
  vtkAbstractVolumeMapper.cxx
  vtkActor2DCollection.cxx
  vtkActor2D.cxx
  vtkActorCollection.cxx
  vtkActor.cxx
  vtkAssembly.cxx
  vtkBackgroundColorMonitor.cxx
  vtkBillboardTextActor3D.cxx
  vtkCameraActor.cxx
  vtkCamera.cxx
  vtkCameraInterpolator.cxx
  vtkCellCenterDepthSort.cxx
  vtkColorTransferFunction.cxx
  vtkCompositeDataDisplayAttributes.cxx
  vtkCompositePolyDataMapper.cxx
  vtkCoordinate.cxx
  vtkCullerCollection.cxx
  Generating Code...
  Compiling...
  vtkCuller.cxx
  vtkDataSetMapper.cxx
  vtkDiscretizableColorTransferFunction.cxx
  vtkDistanceToCamera.cxx
  vtkFollower.cxx
  vtkFrameBufferObjectBase.cxx
  vtkFrustumCoverageCuller.cxx
  vtkFXAAOptions.cxx
  vtkGenericRenderWindowInteractor.cxx
  vtkGenericVertexAttributeMapping.cxx
  vtkGlyph3DMapper.cxx
  vtkGPUInfo.cxx
  vtkGPUInfoList.cxx
  vtkGraphicsFactory.cxx
  vtkGraphMapper.cxx
  vtkGraphToGlyphs.cxx
  vtkHierarchicalPolyDataMapper.cxx
  vtkImageActor.cxx
  vtkImageMapper3D.cxx
  vtkImageMapper.cxx
  Generating Code...
  Compiling...
  vtkImageProperty.cxx
  vtkImageSlice.cxx
  vtkImageSliceMapper.cxx
  vtkInteractorEventRecorder.cxx
  vtkInteractorObserver.cxx
  vtkLabeledContourMapper.cxx
  vtkLightActor.cxx
  vtkLightCollection.cxx
  vtkLight.cxx
  vtkLightKit.cxx
  vtkLogLookupTable.cxx
  vtkLookupTableWithEnabling.cxx
  vtkMapArrayValues.cxx
  vtkMapper2D.cxx
  vtkMapperCollection.cxx
  vtkMapper.cxx
  vtkObserverMediator.cxx
  vtkPolyDataMapper2D.cxx
  vtkPolyDataMapper.cxx
  vtkProp3DCollection.cxx
  Generating Code...
  Compiling...
  vtkProp3D.cxx
  vtkProp3DFollower.cxx
  vtkPropAssembly.cxx
  vtkPropCollection.cxx
  vtkPropPicker3D.cxx
  vtkProp.cxx
  vtkProperty2D.cxx
  vtkProperty.cxx
  vtkRendererCollection.cxx
  vtkRenderer.cxx
  vtkRendererDelegate.cxx
  vtkRendererSource.cxx
  vtkRenderPass.cxx
  vtkRenderState.cxx
  vtkRenderWindowCollection.cxx
  vtkRenderWindowInteractor.cxx
  vtkRenderWindowInteractor3D.cxx
  vtkSelectVisiblePoints.cxx
  vtkShaderDeviceAdapter2.cxx
  vtkTextActor.cxx
  Generating Code...
  Compiling...
  vtkTextActor3D.cxx
  vtkTexture.cxx
  vtkTexturedActor2D.cxx
  vtkTransformCoordinateSystems.cxx
  vtkTransformInterpolator.cxx
  vtkTupleInterpolator.cxx
  vtkViewDependentErrorMetric.cxx
  vtkViewport.cxx
  vtkVisibilitySort.cxx
  vtkVolumeCollection.cxx
  vtkVolume.cxx
  vtkVolumeProperty.cxx
  vtkWindowLevelLookupTable.cxx
  vtkWindowToImageFilter.cxx
  vtkAssemblyNode.cxx
  vtkAssemblyPath.cxx
  vtkAssemblyPaths.cxx
  vtkAreaPicker.cxx
  vtkPicker.cxx
  vtkAbstractPropPicker.cxx
  Generating Code...
  Compiling...
  vtkPropPicker.cxx
  vtkPickingManager.cxx
  vtkLODProp3D.cxx
  vtkWorldPointPicker.cxx
  vtkCellPicker.cxx
  vtkPointPicker.cxx
  vtkRenderedAreaPicker.cxx
  vtkScenePicker.cxx
  vtkInteractorStyle.cxx
  vtkInteractorStyleSwitchBase.cxx
  vtkInteractorStyle3D.cxx
  vtkTDxInteractorStyle.cxx
  vtkTDxInteractorStyleCamera.cxx
  vtkTDxInteractorStyleSettings.cxx
  vtkStringToImage.cxx
  vtkTextMapper.cxx
  vtkTextProperty.cxx
  vtkTextPropertyCollection.cxx
  vtkTextRenderer.cxx
  vtkAbstractInteractionDevice.cxx
  Generating Code...
  Compiling...
  vtkAbstractRenderDevice.cxx
  vtkRenderWidget.cxx
  vtkPointGaussianMapper.cxx
  Generating Code...
  vtkHardwareSelector.cxx
  vtkRenderWindow.cxx
  Generating Code...
     Creating library C:/Users/vr/Desktop/ParaView-v5.3.0-VR/build/lib/Debug/vtkRenderingCore-pv5.3.lib and object C:/Users/vr/Desktop/ParaView-v5.3.0-VR/build/lib/Debug/vtkRenderingCore-pv5.3.exp
  vtkRenderingCore.vcxproj -> C:\Users\vr\Desktop\ParaView-v5.3.0-VR\build\bin\Debug\vtkRenderingCore-pv5.3.dll
