  Building Custom Rule C:/Users/vr/Desktop/ParaView-v5.3.0-VR/src/Wrapping/ClientServer/CMakeLists.txt
  CMake does not need to re-run because C:/Users/vr/Desktop/ParaView-v5.3.0-VR/build/Wrapping/ClientServer/CMakeFiles/generate.stamp is up-to-date.
  CS Wrapping - generating vtkAbstractCellLinksClientServer.cxx
  CS Wrapping - generating vtkAbstractCellLocatorClientServer.cxx
  CS Wrapping - generating vtkAbstractPointLocatorClientServer.cxx
  CS Wrapping - generating vtkAdjacentVertexIteratorClientServer.cxx
  CS Wrapping - generating vtkAMRUtilitiesClientServer.cxx
  CS Wrapping - generating vtkAnimationSceneClientServer.cxx
  CS Wrapping - generating vtkAnnotationClientServer.cxx
  CS Wrapping - generating vtkAnnotationLayersClientServer.cxx
  CS Wrapping - generating vtkArrayDataClientServer.cxx
  CS Wrapping - generating vtkAttributesErrorMetricClientServer.cxx
  CS Wrapping - generating vtkBiQuadraticQuadClientServer.cxx
  CS Wrapping - generating vtkBiQuadraticQuadraticHexahedronClientServer.cxx
  CS Wrapping - generating vtkBiQuadraticQuadraticWedgeClientServer.cxx
  CS Wrapping - generating vtkBiQuadraticTriangleClientServer.cxx
  CS Wrapping - generating vtkBoxClientServer.cxx
  CS Wrapping - generating vtkBSPCutsClientServer.cxx
  CS Wrapping - generating vtkBSPIntersectionsClientServer.cxx
  CS Wrapping - generating vtkCell3DClientServer.cxx
  CS Wrapping - generating vtkCellArrayClientServer.cxx
  CS Wrapping - generating vtkCellClientServer.cxx
  CS Wrapping - generating vtkCellDataClientServer.cxx
  CS Wrapping - generating vtkCellIteratorClientServer.cxx
  CS Wrapping - generating vtkCellLinksClientServer.cxx
  CS Wrapping - generating vtkCellLocatorClientServer.cxx
  CS Wrapping - generating vtkCellTypesClientServer.cxx
  CS Wrapping - generating vtkCompositeDataSetClientServer.cxx
  CS Wrapping - generating vtkCompositeDataIteratorClientServer.cxx
  CS Wrapping - generating vtkConeClientServer.cxx
  CS Wrapping - generating vtkConvexPointSetClientServer.cxx
  CS Wrapping - generating vtkCubicLineClientServer.cxx
  CS Wrapping - generating vtkCylinderClientServer.cxx
  CS Wrapping - generating vtkDataSetCellIteratorClientServer.cxx
  CS Wrapping - generating vtkDataObjectCollectionClientServer.cxx
  CS Wrapping - generating vtkDataObjectClientServer.cxx
  CS Wrapping - generating vtkDataObjectTypesClientServer.cxx
  CS Wrapping - generating vtkDataObjectTreeClientServer.cxx
  CS Wrapping - generating vtkDataObjectTreeIteratorClientServer.cxx
  CS Wrapping - generating vtkDataSetAttributesClientServer.cxx
  CS Wrapping - generating vtkDataSetCollectionClientServer.cxx
  CS Wrapping - generating vtkDataSetClientServer.cxx
  CS Wrapping - generating vtkDirectedAcyclicGraphClientServer.cxx
  CS Wrapping - generating vtkDirectedGraphClientServer.cxx
  CS Wrapping - generating vtkDistributedGraphHelperClientServer.cxx
  CS Wrapping - generating vtkEdgeListIteratorClientServer.cxx
  CS Wrapping - generating vtkEdgeTableClientServer.cxx
  CS Wrapping - generating vtkEmptyCellClientServer.cxx
  CS Wrapping - generating vtkExtractStructuredGridHelperClientServer.cxx
  CS Wrapping - generating vtkFieldDataClientServer.cxx
  CS Wrapping - generating vtkGenericAdaptorCellClientServer.cxx
  CS Wrapping - generating vtkGenericAttributeCollectionClientServer.cxx
  CS Wrapping - generating vtkGenericAttributeClientServer.cxx
  CS Wrapping - generating vtkGenericCellClientServer.cxx
  CS Wrapping - generating vtkGenericCellIteratorClientServer.cxx
  CS Wrapping - generating vtkGenericCellTessellatorClientServer.cxx
  CS Wrapping - generating vtkGenericDataSetClientServer.cxx
  CS Wrapping - generating vtkGenericEdgeTableClientServer.cxx
  CS Wrapping - generating vtkGenericInterpolatedVelocityFieldClientServer.cxx
  CS Wrapping - generating vtkGenericPointIteratorClientServer.cxx
  CS Wrapping - generating vtkGenericSubdivisionErrorMetricClientServer.cxx
  CS Wrapping - generating vtkGeometricErrorMetricClientServer.cxx
  CS Wrapping - generating vtkGraphClientServer.cxx
  CS Wrapping - generating vtkGraphEdgeClientServer.cxx
  CS Wrapping - generating vtkGraphInternalsClientServer.cxx
  CS Wrapping - generating vtkHexagonalPrismClientServer.cxx
  CS Wrapping - generating vtkHexahedronClientServer.cxx
  CS Wrapping - generating vtkHierarchicalBoxDataIteratorClientServer.cxx
  CS Wrapping - generating vtkHierarchicalBoxDataSetClientServer.cxx
  CS Wrapping - generating vtkHyperOctreeCursorClientServer.cxx
  CS Wrapping - generating vtkHyperOctreeClientServer.cxx
  CS Wrapping - generating vtkHyperOctreePointsGrabberClientServer.cxx
  CS Wrapping - generating vtkHyperTreeClientServer.cxx
  CS Wrapping - generating vtkHyperTreeCursorClientServer.cxx
  CS Wrapping - generating vtkHyperTreeGridClientServer.cxx
  CS Wrapping - generating vtkImageDataClientServer.cxx
  CS Wrapping - generating vtkImplicitBooleanClientServer.cxx
  CS Wrapping - generating vtkImplicitDataSetClientServer.cxx
  CS Wrapping - generating vtkImplicitFunctionCollectionClientServer.cxx
  CS Wrapping - generating vtkImplicitFunctionClientServer.cxx
  CS Wrapping - generating vtkImplicitHaloClientServer.cxx
  CS Wrapping - generating vtkImplicitSelectionLoopClientServer.cxx
  CS Wrapping - generating vtkImplicitSumClientServer.cxx
  CS Wrapping - generating vtkImplicitVolumeClientServer.cxx
  CS Wrapping - generating vtkImplicitWindowFunctionClientServer.cxx
  CS Wrapping - generating vtkIncrementalOctreeNodeClientServer.cxx
  CS Wrapping - generating vtkIncrementalOctreePointLocatorClientServer.cxx
  CS Wrapping - generating vtkIncrementalPointLocatorClientServer.cxx
  CS Wrapping - generating vtkInEdgeIteratorClientServer.cxx
  CS Wrapping - generating vtkInformationQuadratureSchemeDefinitionVectorKeyClientServer.cxx
  CS Wrapping - generating vtkIterativeClosestPointTransformClientServer.cxx
  CS Wrapping - generating vtkKdNodeClientServer.cxx
  CS Wrapping - generating vtkKdTreeClientServer.cxx
  CS Wrapping - generating vtkKdTreePointLocatorClientServer.cxx
  CS Wrapping - generating vtkLineClientServer.cxx
  CS Wrapping - generating vtkLocatorClientServer.cxx
  CS Wrapping - generating vtkMeanValueCoordinatesInterpolatorClientServer.cxx
  CS Wrapping - generating vtkMergePointsClientServer.cxx
  CS Wrapping - generating vtkMultiBlockDataSetClientServer.cxx
  CS Wrapping - generating vtkMultiPieceDataSetClientServer.cxx
  CS Wrapping - generating vtkMutableDirectedGraphClientServer.cxx
  CS Wrapping - generating vtkMutableUndirectedGraphClientServer.cxx
  CS Wrapping - generating vtkNonLinearCellClientServer.cxx
  CS Wrapping - generating vtkNonMergingPointLocatorClientServer.cxx
  CS Wrapping - generating vtkOctreePointLocatorClientServer.cxx
  CS Wrapping - generating vtkOctreePointLocatorNodeClientServer.cxx
  CS Wrapping - generating vtkOrderedTriangulatorClientServer.cxx
  CS Wrapping - generating vtkOutEdgeIteratorClientServer.cxx
  CS Wrapping - generating vtkPathClientServer.cxx
  CS Wrapping - generating vtkPentagonalPrismClientServer.cxx
  CS Wrapping - generating vtkPerlinNoiseClientServer.cxx
  CS Wrapping - generating vtkPiecewiseFunctionClientServer.cxx
  CS Wrapping - generating vtkPixelClientServer.cxx
  CS Wrapping - generating vtkPlaneCollectionClientServer.cxx
  CS Wrapping - generating vtkPlaneClientServer.cxx
  CS Wrapping - generating vtkPlanesClientServer.cxx
  CS Wrapping - generating vtkPlanesIntersectionClientServer.cxx
  CS Wrapping - generating vtkPointDataClientServer.cxx
  CS Wrapping - generating vtkPointLocatorClientServer.cxx
  CS Wrapping - generating vtkPointSetClientServer.cxx
  CS Wrapping - generating vtkPointSetCellIteratorClientServer.cxx
  CS Wrapping - generating vtkPointsProjectedHullClientServer.cxx
  CS Wrapping - generating vtkPolyDataCollectionClientServer.cxx
  CS Wrapping - generating vtkPolyDataClientServer.cxx
  CS Wrapping - generating vtkPolygonClientServer.cxx
  CS Wrapping - generating vtkPolyhedronClientServer.cxx
  CS Wrapping - generating vtkPolyLineClientServer.cxx
  CS Wrapping - generating vtkPolyPlaneClientServer.cxx
  CS Wrapping - generating vtkPolyVertexClientServer.cxx
  CS Wrapping - generating vtkPyramidClientServer.cxx
  CS Wrapping - generating vtkQuadClientServer.cxx
  CS Wrapping - generating vtkQuadraticEdgeClientServer.cxx
  CS Wrapping - generating vtkQuadraticHexahedronClientServer.cxx
  CS Wrapping - generating vtkQuadraticLinearQuadClientServer.cxx
  CS Wrapping - generating vtkQuadraticLinearWedgeClientServer.cxx
  CS Wrapping - generating vtkQuadraticPolygonClientServer.cxx
  CS Wrapping - generating vtkQuadraticPyramidClientServer.cxx
  CS Wrapping - generating vtkQuadraticQuadClientServer.cxx
  CS Wrapping - generating vtkQuadraticTetraClientServer.cxx
  CS Wrapping - generating vtkQuadraticTriangleClientServer.cxx
  CS Wrapping - generating vtkQuadraticWedgeClientServer.cxx
  CS Wrapping - generating vtkQuadratureSchemeDefinitionClientServer.cxx
  CS Wrapping - generating vtkQuadricClientServer.cxx
  CS Wrapping - generating vtkRectilinearGridClientServer.cxx
  CS Wrapping - generating vtkReebGraphClientServer.cxx
  CS Wrapping - generating vtkReebGraphSimplificationMetricClientServer.cxx
  CS Wrapping - generating vtkSelectionClientServer.cxx
  CS Wrapping - generating vtkSelectionNodeClientServer.cxx
  CS Wrapping - generating vtkSimpleCellTessellatorClientServer.cxx
  CS Wrapping - generating vtkSmoothErrorMetricClientServer.cxx
  CS Wrapping - generating vtkSortFieldDataClientServer.cxx
  CS Wrapping - generating vtkSphereClientServer.cxx
  CS Wrapping - generating vtkSplineClientServer.cxx
  CS Wrapping - generating vtkStaticCellLinksClientServer.cxx
  CS Wrapping - generating vtkStaticPointLocatorClientServer.cxx
  CS Wrapping - generating vtkStructuredDataClientServer.cxx
  CS Wrapping - generating vtkStructuredExtentClientServer.cxx
  CS Wrapping - generating vtkStructuredGridClientServer.cxx
  CS Wrapping - generating vtkStructuredPointsCollectionClientServer.cxx
  CS Wrapping - generating vtkStructuredPointsClientServer.cxx
  CS Wrapping - generating vtkSuperquadricClientServer.cxx
  CS Wrapping - generating vtkTableClientServer.cxx
  CS Wrapping - generating vtkTetraClientServer.cxx
  CS Wrapping - generating vtkTreeBFSIteratorClientServer.cxx
  CS Wrapping - generating vtkTreeClientServer.cxx
  CS Wrapping - generating vtkTreeDFSIteratorClientServer.cxx
  CS Wrapping - generating vtkTriangleClientServer.cxx
  CS Wrapping - generating vtkTriangleStripClientServer.cxx
  CS Wrapping - generating vtkTriQuadraticHexahedronClientServer.cxx
  CS Wrapping - generating vtkUndirectedGraphClientServer.cxx
  CS Wrapping - generating vtkUniformGridClientServer.cxx
  CS Wrapping - generating vtkUnstructuredGridClientServer.cxx
  CS Wrapping - generating vtkUnstructuredGridBaseClientServer.cxx
  CS Wrapping - generating vtkUnstructuredGridCellIteratorClientServer.cxx
  CS Wrapping - generating vtkVertexClientServer.cxx
  CS Wrapping - generating vtkVertexListIteratorClientServer.cxx
  CS Wrapping - generating vtkVoxelClientServer.cxx
  CS Wrapping - generating vtkWedgeClientServer.cxx
  CS Wrapping - generating vtkXMLDataElementClientServer.cxx
  CS Wrapping - generating vtkTreeIteratorClientServer.cxx
  CS Wrapping - generating vtkMoleculeClientServer.cxx
  CS Wrapping - generating vtkAbstractElectronicDataClientServer.cxx
  CS Wrapping - generating vtkNonOverlappingAMRClientServer.cxx
  CS Wrapping - generating vtkOverlappingAMRClientServer.cxx
  CS Wrapping - generating vtkAMRInformationClientServer.cxx
  CS Wrapping - generating vtkUniformGridAMRClientServer.cxx
  CS Wrapping - generating vtkUniformGridAMRDataIteratorClientServer.cxx
  vtkAbstractCellLinksClientServer.cxx
  vtkAbstractCellLocatorClientServer.cxx
  vtkAbstractPointLocatorClientServer.cxx
  vtkAdjacentVertexIteratorClientServer.cxx
  vtkAMRUtilitiesClientServer.cxx
  vtkAnimationSceneClientServer.cxx
  vtkAnnotationClientServer.cxx
  vtkAnnotationLayersClientServer.cxx
  vtkArrayDataClientServer.cxx
  vtkAttributesErrorMetricClientServer.cxx
  vtkBiQuadraticQuadClientServer.cxx
  vtkBiQuadraticQuadraticHexahedronClientServer.cxx
  vtkBiQuadraticQuadraticWedgeClientServer.cxx
  vtkBiQuadraticTriangleClientServer.cxx
  vtkBoxClientServer.cxx
  vtkBSPCutsClientServer.cxx
  vtkBSPIntersectionsClientServer.cxx
  vtkCell3DClientServer.cxx
  vtkCellArrayClientServer.cxx
  vtkCellClientServer.cxx
  Generating Code...
  Compiling...
  vtkCellDataClientServer.cxx
  vtkCellIteratorClientServer.cxx
  vtkCellLinksClientServer.cxx
  vtkCellLocatorClientServer.cxx
  vtkCellTypesClientServer.cxx
  vtkCompositeDataSetClientServer.cxx
  vtkCompositeDataIteratorClientServer.cxx
  vtkConeClientServer.cxx
  vtkConvexPointSetClientServer.cxx
  vtkCubicLineClientServer.cxx
  vtkCylinderClientServer.cxx
  vtkDataSetCellIteratorClientServer.cxx
  vtkDataObjectCollectionClientServer.cxx
  vtkDataObjectClientServer.cxx
  vtkDataObjectTypesClientServer.cxx
  vtkDataObjectTreeClientServer.cxx
  vtkDataObjectTreeIteratorClientServer.cxx
  vtkDataSetAttributesClientServer.cxx
  vtkDataSetCollectionClientServer.cxx
  vtkDataSetClientServer.cxx
  Generating Code...
  Compiling...
  vtkDirectedAcyclicGraphClientServer.cxx
  vtkDirectedGraphClientServer.cxx
  vtkDistributedGraphHelperClientServer.cxx
  vtkEdgeListIteratorClientServer.cxx
  vtkEdgeTableClientServer.cxx
  vtkEmptyCellClientServer.cxx
  vtkExtractStructuredGridHelperClientServer.cxx
  vtkFieldDataClientServer.cxx
  vtkGenericAdaptorCellClientServer.cxx
  vtkGenericAttributeCollectionClientServer.cxx
  vtkGenericAttributeClientServer.cxx
  vtkGenericCellClientServer.cxx
  vtkGenericCellIteratorClientServer.cxx
  vtkGenericCellTessellatorClientServer.cxx
  vtkGenericDataSetClientServer.cxx
  vtkGenericEdgeTableClientServer.cxx
  vtkGenericInterpolatedVelocityFieldClientServer.cxx
  vtkGenericPointIteratorClientServer.cxx
  vtkGenericSubdivisionErrorMetricClientServer.cxx
  vtkGeometricErrorMetricClientServer.cxx
  Generating Code...
  Compiling...
  vtkGraphClientServer.cxx
  vtkGraphEdgeClientServer.cxx
  vtkGraphInternalsClientServer.cxx
  vtkHexagonalPrismClientServer.cxx
  vtkHexahedronClientServer.cxx
  vtkHierarchicalBoxDataIteratorClientServer.cxx
  vtkHierarchicalBoxDataSetClientServer.cxx
  vtkHyperOctreeCursorClientServer.cxx
  vtkHyperOctreeClientServer.cxx
  vtkHyperOctreePointsGrabberClientServer.cxx
  vtkHyperTreeClientServer.cxx
  vtkHyperTreeCursorClientServer.cxx
  vtkHyperTreeGridClientServer.cxx
  vtkImageDataClientServer.cxx
  vtkImplicitBooleanClientServer.cxx
  vtkImplicitDataSetClientServer.cxx
  vtkImplicitFunctionCollectionClientServer.cxx
  vtkImplicitFunctionClientServer.cxx
  vtkImplicitHaloClientServer.cxx
  vtkImplicitSelectionLoopClientServer.cxx
  Generating Code...
  Compiling...
  vtkImplicitSumClientServer.cxx
  vtkImplicitVolumeClientServer.cxx
  vtkImplicitWindowFunctionClientServer.cxx
  vtkIncrementalOctreeNodeClientServer.cxx
  vtkIncrementalOctreePointLocatorClientServer.cxx
  vtkIncrementalPointLocatorClientServer.cxx
  vtkInEdgeIteratorClientServer.cxx
  vtkInformationQuadratureSchemeDefinitionVectorKeyClientServer.cxx
  vtkIterativeClosestPointTransformClientServer.cxx
  vtkKdNodeClientServer.cxx
  vtkKdTreeClientServer.cxx
  vtkKdTreePointLocatorClientServer.cxx
  vtkLineClientServer.cxx
  vtkLocatorClientServer.cxx
  vtkMeanValueCoordinatesInterpolatorClientServer.cxx
  vtkMergePointsClientServer.cxx
  vtkMultiBlockDataSetClientServer.cxx
  vtkMultiPieceDataSetClientServer.cxx
  vtkMutableDirectedGraphClientServer.cxx
  vtkMutableUndirectedGraphClientServer.cxx
  Generating Code...
  Compiling...
  vtkNonLinearCellClientServer.cxx
  vtkNonMergingPointLocatorClientServer.cxx
  vtkOctreePointLocatorClientServer.cxx
  vtkOctreePointLocatorNodeClientServer.cxx
  vtkOrderedTriangulatorClientServer.cxx
  vtkOutEdgeIteratorClientServer.cxx
  vtkPathClientServer.cxx
  vtkPentagonalPrismClientServer.cxx
  vtkPerlinNoiseClientServer.cxx
  vtkPiecewiseFunctionClientServer.cxx
  vtkPixelClientServer.cxx
  vtkPlaneCollectionClientServer.cxx
  vtkPlaneClientServer.cxx
  vtkPlanesClientServer.cxx
  vtkPlanesIntersectionClientServer.cxx
  vtkPointDataClientServer.cxx
  vtkPointLocatorClientServer.cxx
  vtkPointSetClientServer.cxx
  vtkPointSetCellIteratorClientServer.cxx
  vtkPointsProjectedHullClientServer.cxx
  Generating Code...
  Compiling...
  vtkPolyDataCollectionClientServer.cxx
  vtkPolyDataClientServer.cxx
  vtkPolygonClientServer.cxx
  vtkPolyhedronClientServer.cxx
  vtkPolyLineClientServer.cxx
  vtkPolyPlaneClientServer.cxx
  vtkPolyVertexClientServer.cxx
  vtkPyramidClientServer.cxx
  vtkQuadClientServer.cxx
  vtkQuadraticEdgeClientServer.cxx
  vtkQuadraticHexahedronClientServer.cxx
  vtkQuadraticLinearQuadClientServer.cxx
  vtkQuadraticLinearWedgeClientServer.cxx
  vtkQuadraticPolygonClientServer.cxx
  vtkQuadraticPyramidClientServer.cxx
  vtkQuadraticQuadClientServer.cxx
  vtkQuadraticTetraClientServer.cxx
  vtkQuadraticTriangleClientServer.cxx
  vtkQuadraticWedgeClientServer.cxx
  vtkQuadratureSchemeDefinitionClientServer.cxx
  Generating Code...
  Compiling...
  vtkQuadricClientServer.cxx
  vtkRectilinearGridClientServer.cxx
  vtkReebGraphClientServer.cxx
  vtkReebGraphSimplificationMetricClientServer.cxx
  vtkSelectionClientServer.cxx
  vtkSelectionNodeClientServer.cxx
  vtkSimpleCellTessellatorClientServer.cxx
  vtkSmoothErrorMetricClientServer.cxx
  vtkSortFieldDataClientServer.cxx
  vtkSphereClientServer.cxx
  vtkSplineClientServer.cxx
  vtkStaticCellLinksClientServer.cxx
  vtkStaticPointLocatorClientServer.cxx
  vtkStructuredDataClientServer.cxx
  vtkStructuredExtentClientServer.cxx
  vtkStructuredGridClientServer.cxx
  vtkStructuredPointsCollectionClientServer.cxx
  vtkStructuredPointsClientServer.cxx
  vtkSuperquadricClientServer.cxx
  vtkTableClientServer.cxx
  Generating Code...
  Compiling...
  vtkTetraClientServer.cxx
  vtkTreeBFSIteratorClientServer.cxx
  vtkTreeClientServer.cxx
  vtkTreeDFSIteratorClientServer.cxx
  vtkTriangleClientServer.cxx
  vtkTriangleStripClientServer.cxx
  vtkTriQuadraticHexahedronClientServer.cxx
  vtkUndirectedGraphClientServer.cxx
  vtkUniformGridClientServer.cxx
  vtkUnstructuredGridClientServer.cxx
  vtkUnstructuredGridBaseClientServer.cxx
  vtkUnstructuredGridCellIteratorClientServer.cxx
  vtkVertexClientServer.cxx
  vtkVertexListIteratorClientServer.cxx
  vtkVoxelClientServer.cxx
  vtkWedgeClientServer.cxx
  vtkXMLDataElementClientServer.cxx
  vtkTreeIteratorClientServer.cxx
  vtkMoleculeClientServer.cxx
  vtkAbstractElectronicDataClientServer.cxx
  Generating Code...
  Compiling...
  vtkNonOverlappingAMRClientServer.cxx
  vtkOverlappingAMRClientServer.cxx
  vtkAMRInformationClientServer.cxx
  vtkUniformGridAMRClientServer.cxx
  vtkUniformGridAMRDataIteratorClientServer.cxx
  vtkCommonDataModelCSInit.cxx
  Generating Code...
  vtkCommonDataModelCS.vcxproj -> C:\Users\vr\Desktop\ParaView-v5.3.0-VR\build\lib\Debug\vtkCommonDataModelCS-pv5.3.lib
