  Building Custom Rule C:/Users/vr/Desktop/ParaView-v5.3.0-VR/src/Wrapping/ClientServer/CMakeLists.txt
  CMake does not need to re-run because C:/Users/vr/Desktop/ParaView-v5.3.0-VR/build/Wrapping/ClientServer/CMakeFiles/generate.stamp is up-to-date.
  CS Wrapping - generating vtkCommunicatorClientServer.cxx
  CS Wrapping - generating vtkDummyCommunicatorClientServer.cxx
  CS Wrapping - generating vtkDummyControllerClientServer.cxx
  CS Wrapping - generating vtkMultiProcessControllerClientServer.cxx
  CS Wrapping - generating vtkPDirectoryClientServer.cxx
  CS Wrapping - generating vtkProcessClientServer.cxx
  CS Wrapping - generating vtkProcessGroupClientServer.cxx
  CS Wrapping - generating vtkPSystemToolsClientServer.cxx
  CS Wrapping - generating vtkSocketCommunicatorClientServer.cxx
  CS Wrapping - generating vtkSocketControllerClientServer.cxx
  CS Wrapping - generating vtkSubCommunicatorClientServer.cxx
  CS Wrapping - generating vtkSubGroupClientServer.cxx
  CS Wrapping - generating vtkFieldDataSerializerClientServer.cxx
  vtkCommunicatorClientServer.cxx
  vtkDummyCommunicatorClientServer.cxx
  vtkDummyControllerClientServer.cxx
  vtkMultiProcessControllerClientServer.cxx
  vtkPDirectoryClientServer.cxx
  vtkProcessClientServer.cxx
  vtkProcessGroupClientServer.cxx
  vtkPSystemToolsClientServer.cxx
  vtkSocketCommunicatorClientServer.cxx
  vtkSocketControllerClientServer.cxx
  vtkSubCommunicatorClientServer.cxx
  vtkSubGroupClientServer.cxx
  vtkFieldDataSerializerClientServer.cxx
  vtkParallelCoreCSInit.cxx
  Generating Code...
  vtkParallelCoreCS.vcxproj -> C:\Users\vr\Desktop\ParaView-v5.3.0-VR\build\lib\Debug\vtkParallelCoreCS-pv5.3.lib
