  Building Custom Rule C:/Users/vr/Desktop/ParaView-v5.3.0-VR/src/VTK/Common/Core/CMakeLists.txt
  CMake does not need to re-run because C:/Users/vr/Desktop/ParaView-v5.3.0-VR/build/VTK/Common/Core/CMakeFiles/generate.stamp is up-to-date.
  Generating vtkUnicodeCaseFoldData.h
  vtkAbstractArray.cxx
  vtkAnimationCue.cxx
  vtkArrayCoordinates.cxx
  vtkArray.cxx
  vtkArrayExtents.cxx
  vtkArrayExtentsList.cxx
  vtkArrayIterator.cxx
  vtkArrayIteratorTemplateInstantiate.cxx
  vtkArrayRange.cxx
  vtkArraySort.cxx
  vtkArrayWeights.cxx
  vtkBitArray.cxx
  vtkBitArrayIterator.cxx
  vtkBoxMuellerRandomSequence.cxx
  vtkBreakPoint.cxx
  vtkByteSwap.cxx
  vtkCallbackCommand.cxx
  vtkCharArray.cxx
  vtkCollection.cxx
  vtkCollectionIterator.cxx
  Generating Code...
  Compiling...
  vtkCommand.cxx
  vtkCommonInformationKeyManager.cxx
  vtkConditionVariable.cxx
  vtkCriticalSection.cxx
  vtkDataArrayCollection.cxx
  vtkDataArrayCollectionIterator.cxx
  vtkDataArray.cxx
  vtkDataArraySelection.cxx
  vtkDebugLeaks.cxx
  vtkDebugLeaksManager.cxx
  vtkDoubleArray.cxx
  vtkDynamicLoader.cxx
  vtkEventForwarderCommand.cxx
  vtkFileOutputWindow.cxx
  vtkFloatArray.cxx
  vtkFloatingPointExceptions.cxx
  vtkGarbageCollector.cxx
  vtkGarbageCollectorManager.cxx
  vtkGaussianRandomSequence.cxx
  vtkIdListCollection.cxx
  Generating Code...
  Compiling...
  vtkIdList.cxx
  vtkIdTypeArray.cxx
  vtkIndent.cxx
  vtkInformation.cxx
  vtkInformationDoubleKey.cxx
  vtkInformationDoubleVectorKey.cxx
  vtkInformationIdTypeKey.cxx
  vtkInformationInformationKey.cxx
  vtkInformationInformationVectorKey.cxx
  vtkInformationIntegerKey.cxx
  vtkInformationIntegerPointerKey.cxx
  vtkInformationIntegerVectorKey.cxx
  vtkInformationIterator.cxx
  vtkInformationKey.cxx
  vtkInformationKeyLookup.cxx
  vtkInformationKeyVectorKey.cxx
  vtkInformationObjectBaseKey.cxx
  vtkInformationObjectBaseVectorKey.cxx
  vtkInformationRequestKey.cxx
  vtkInformationStringKey.cxx
  Generating Code...
  Compiling...
  vtkInformationStringVectorKey.cxx
  vtkInformationUnsignedLongKey.cxx
  vtkInformationVariantKey.cxx
  vtkInformationVariantVectorKey.cxx
  vtkInformationVector.cxx
  vtkInstantiator.cxx
  vtkIntArray.cxx
  vtkLargeInteger.cxx
  vtkLongArray.cxx
  vtkLongLongArray.cxx
  vtkLookupTable.cxx
  vtkMath.cxx
  vtkMersenneTwister.cxx
  vtkMinimalStandardRandomSequence.cxx
  vtkMultiThreader.cxx
  vtkMutexLock.cxx
  vtkObjectBase.cxx
  vtkObject.cxx
  vtkObjectFactoryCollection.cxx
  vtkObjectFactory.cxx
C:\Users\vr\Desktop\ParaView-v5.3.0-VR\src\VTK\Common\Core\vtkObjectFactory.cxx(73): warning C4100: 'vtkclassname': unreferenced formal parameter
  Generating Code...
  Compiling...
  vtkOldStyleCallbackCommand.cxx
  vtkOStreamWrapper.cxx
  vtkOStrStreamWrapper.cxx
  vtkOutputWindow.cxx
  vtkOverrideInformationCollection.cxx
  vtkOverrideInformation.cxx
  vtkPoints2D.cxx
  vtkPoints.cxx
  vtkPriorityQueue.cxx
  vtkRandomSequence.cxx
  vtkReferenceCount.cxx
  vtkScalarsToColors.cxx
  vtkShortArray.cxx
  vtkSignedCharArray.cxx
  vtkSimpleCriticalSection.cxx
  vtkSmartPointerBase.cxx
  vtkSOADataArrayTemplateInstantiate.cxx
  vtkSortDataArray.cxx
  vtkStdString.cxx
  vtkStringArray.cxx
  Generating Code...
  Compiling...
  vtkStringOutputWindow.cxx
  vtkTimePointUtility.cxx
  vtkTimeStamp.cxx
  vtkUnicodeStringArray.cxx
  vtkUnicodeString.cxx
  vtkUnsignedCharArray.cxx
  vtkUnsignedIntArray.cxx
  vtkUnsignedLongArray.cxx
  vtkUnsignedLongLongArray.cxx
  vtkUnsignedShortArray.cxx
  vtkVariantArray.cxx
  vtkVariant.cxx
  vtkVersion.cxx
  vtkVoidArray.cxx
  vtkWeakPointerBase.cxx
  vtkWindow.cxx
  vtkXMLFileOutputWindow.cxx
  vtkSMPTools.cxx
  vtkAtomic.cxx
  vtkWin32OutputWindow.cxx
  Generating Code...
  Compiling...
  vtkWin32ProcessOutputWindow.cxx
  vtkTypeInt8Array.cxx
  vtkTypeInt16Array.cxx
  vtkTypeInt32Array.cxx
  vtkTypeInt64Array.cxx
  vtkTypeUInt8Array.cxx
  vtkTypeUInt16Array.cxx
  vtkTypeUInt32Array.cxx
  vtkTypeUInt64Array.cxx
  vtkTypeFloat32Array.cxx
  vtkTypeFloat64Array.cxx
  Generating Code...
  vtkInformationDataObjectKey.cxx
  vtkWin32OutputWindowProcessEncoded.c
     Creating library C:/Users/vr/Desktop/ParaView-v5.3.0-VR/build/lib/Debug/vtkCommonCore-pv5.3.lib and object C:/Users/vr/Desktop/ParaView-v5.3.0-VR/build/lib/Debug/vtkCommonCore-pv5.3.exp
  vtkCommonCore.vcxproj -> C:\Users\vr\Desktop\ParaView-v5.3.0-VR\build\bin\Debug\vtkCommonCore-pv5.3.dll
