  Building Custom Rule C:/Users/vr/Desktop/ParaView-v5.3.0-VR/src/VTK/IO/Export/CMakeLists.txt
  CMake does not need to re-run because C:/Users/vr/Desktop/ParaView-v5.3.0-VR/build/VTK/IO/Export/CMakeFiles/generate.stamp is up-to-date.
  vtkExporter.cxx
  vtkGL2PSExporter.cxx
  vtkIVExporter.cxx
  vtkOBJExporter.cxx
  vtkOOGLExporter.cxx
  vtkPOVExporter.cxx
  vtkRIBExporter.cxx
  vtkRIBLight.cxx
  vtkRIBProperty.cxx
  vtkVRMLExporter.cxx
  vtkX3D.cxx
  vtkX3DExporter.cxx
  vtkX3DExporterFIWriter.cxx
  vtkX3DExporterWriter.cxx
  vtkX3DExporterXMLWriter.cxx
  Generating Code...
     Creating library C:/Users/vr/Desktop/ParaView-v5.3.0-VR/build/lib/Debug/vtkIOExport-pv5.3.lib and object C:/Users/vr/Desktop/ParaView-v5.3.0-VR/build/lib/Debug/vtkIOExport-pv5.3.exp
  vtkIOExport.vcxproj -> C:\Users\vr\Desktop\ParaView-v5.3.0-VR\build\bin\Debug\vtkIOExport-pv5.3.dll
