  Building Custom Rule C:/Users/vr/Desktop/ParaView-v5.3.0-VR/src/VTK/Rendering/Annotation/CMakeLists.txt
  CMake does not need to re-run because C:/Users/vr/Desktop/ParaView-v5.3.0-VR/build/VTK/Rendering/Annotation/CMakeFiles/generate.stamp is up-to-date.
  vtkAnnotatedCubeActor.cxx
  vtkArcPlotter.cxx
  vtkAxesActor.cxx
  vtkAxisActor2D.cxx
  vtkAxisActor.cxx
  vtkAxisFollower.cxx
  vtkBarChartActor.cxx
  vtkCaptionActor2D.cxx
  vtkConvexHull2D.cxx
  vtkCornerAnnotation.cxx
  vtkCubeAxesActor2D.cxx
  vtkCubeAxesActor.cxx
  vtkGraphAnnotationLayersFilter.cxx
  vtkLeaderActor2D.cxx
  vtkLegendBoxActor.cxx
  vtkLegendScaleActor.cxx
  vtkParallelCoordinatesActor.cxx
  vtkPieChartActor.cxx
  vtkPolarAxesActor.cxx
  vtkProp3DAxisFollower.cxx
  Generating Code...
  Compiling...
  vtkScalarBarActor.cxx
  vtkSpiderPlotActor.cxx
  vtkXYPlotActor.cxx
  Generating Code...
     Creating library C:/Users/vr/Desktop/ParaView-v5.3.0-VR/build/lib/Debug/vtkRenderingAnnotation-pv5.3.lib and object C:/Users/vr/Desktop/ParaView-v5.3.0-VR/build/lib/Debug/vtkRenderingAnnotation-pv5.3.exp
  vtkRenderingAnnotation.vcxproj -> C:\Users\vr\Desktop\ParaView-v5.3.0-VR\build\bin\Debug\vtkRenderingAnnotation-pv5.3.dll
