  Building Custom Rule C:/Users/vr/Desktop/ParaView-v5.3.0-VR/src/Wrapping/ClientServer/CMakeLists.txt
  CMake does not need to re-run because C:/Users/vr/Desktop/ParaView-v5.3.0-VR/build/Wrapping/ClientServer/CMakeFiles/generate.stamp is up-to-date.
  CS Wrapping - generating vtkPVGeneralSettingsClientServer.cxx
  CS Wrapping - generating vtkPVMultiServerDataSourceClientServer.cxx
  CS Wrapping - generating vtkSMCameraConfigurationReaderClientServer.cxx
  CS Wrapping - generating vtkSMCameraConfigurationWriterClientServer.cxx
  CS Wrapping - generating vtkSMCSVExporterProxyClientServer.cxx
  CS Wrapping - generating vtkSMDirectoryProxyClientServer.cxx
  CS Wrapping - generating vtkSMEnsembleDataReaderProxyClientServer.cxx
  CS Wrapping - generating vtkSMExporterProxyClientServer.cxx
  CS Wrapping - generating vtkSMGL2PSExporterProxyClientServer.cxx
  CS Wrapping - generating vtkSMInteractionUndoStackBuilderClientServer.cxx
  CS Wrapping - generating vtkSMInteractiveSelectionPipelineClientServer.cxx
  CS Wrapping - generating vtkSMMultiServerSourceProxyClientServer.cxx
  CS Wrapping - generating vtkSMPLYWriterProxyInitializationHelperClientServer.cxx
  CS Wrapping - generating vtkSMPreselectionPipelineClientServer.cxx
  CS Wrapping - generating vtkSMPropertyModificationUndoElementClientServer.cxx
  CS Wrapping - generating vtkSMProxyClipboardClientServer.cxx
  CS Wrapping - generating vtkSMProxyConfigurationReaderClientServer.cxx
  CS Wrapping - generating vtkSMProxyConfigurationWriterClientServer.cxx
  CS Wrapping - generating vtkSMPSWriterProxyClientServer.cxx
  CS Wrapping - generating vtkSMReaderReloadHelperClientServer.cxx
  CS Wrapping - generating vtkSMRenderViewExporterProxyClientServer.cxx
  CS Wrapping - generating vtkSMTestingClientServer.cxx
  CS Wrapping - generating vtkSMTooltipSelectionPipelineClientServer.cxx
  CS Wrapping - generating vtkSMViewExportHelperClientServer.cxx
  vtkPVGeneralSettingsClientServer.cxx
  vtkPVMultiServerDataSourceClientServer.cxx
  vtkSMCameraConfigurationReaderClientServer.cxx
  vtkSMCameraConfigurationWriterClientServer.cxx
  vtkSMCSVExporterProxyClientServer.cxx
  vtkSMDirectoryProxyClientServer.cxx
  vtkSMEnsembleDataReaderProxyClientServer.cxx
  vtkSMExporterProxyClientServer.cxx
  vtkSMGL2PSExporterProxyClientServer.cxx
  vtkSMInteractionUndoStackBuilderClientServer.cxx
  vtkSMInteractiveSelectionPipelineClientServer.cxx
  vtkSMMultiServerSourceProxyClientServer.cxx
  vtkSMPLYWriterProxyInitializationHelperClientServer.cxx
  vtkSMPreselectionPipelineClientServer.cxx
  vtkSMPropertyModificationUndoElementClientServer.cxx
  vtkSMProxyClipboardClientServer.cxx
  vtkSMProxyConfigurationReaderClientServer.cxx
  vtkSMProxyConfigurationWriterClientServer.cxx
  vtkSMPSWriterProxyClientServer.cxx
  vtkSMReaderReloadHelperClientServer.cxx
  Generating Code...
  Compiling...
  vtkSMRenderViewExporterProxyClientServer.cxx
  vtkSMTestingClientServer.cxx
  vtkSMTooltipSelectionPipelineClientServer.cxx
  vtkSMViewExportHelperClientServer.cxx
  vtkPVServerManagerDefaultCSInit.cxx
  Generating Code...
  vtkPVServerManagerDefaultCS.vcxproj -> C:\Users\vr\Desktop\ParaView-v5.3.0-VR\build\lib\Debug\vtkPVServerManagerDefaultCS-pv5.3.lib
