  Building Custom Rule C:/Users/vr/Desktop/ParaView-v5.3.0-VR/src/VTK/Parallel/Core/CMakeLists.txt
  CMake does not need to re-run because C:/Users/vr/Desktop/ParaView-v5.3.0-VR/build/VTK/Parallel/Core/CMakeFiles/generate.stamp is up-to-date.
  Generating vtkSocketCommunicatorHash.h
  vtkCommunicator.cxx
  vtkDummyCommunicator.cxx
  vtkDummyController.cxx
  vtkMultiProcessController.cxx
  vtkMultiProcessStream.cxx
  vtkPDirectory.cxx
  vtkProcess.cxx
  vtkProcessGroup.cxx
  vtkPSystemTools.cxx
  vtkSocketCommunicator.cxx
  vtkSocketController.cxx
  vtkSubCommunicator.cxx
  vtkSubGroup.cxx
  vtkFieldDataSerializer.cxx
  Generating Code...
     Creating library C:/Users/vr/Desktop/ParaView-v5.3.0-VR/build/lib/Debug/vtkParallelCore-pv5.3.lib and object C:/Users/vr/Desktop/ParaView-v5.3.0-VR/build/lib/Debug/vtkParallelCore-pv5.3.exp
  vtkParallelCore.vcxproj -> C:\Users\vr\Desktop\ParaView-v5.3.0-VR\build\bin\Debug\vtkParallelCore-pv5.3.dll
