  CS Wrapping - generating vtkStreamingParticlesRepresentationClientServer.cxx
  CS Wrapping - generating vtkStreamingParticlesPriorityQueueClientServer.cxx
  CS Wrapping - generating vtkPVRandomPointsStreamingSourceClientServer.cxx
  Building Custom Rule C:/Users/vr/Desktop/ParaView-v5.3.0-VR/src/Plugins/StreamingParticles/CMakeLists.txt
  CMake does not need to re-run because C:/Users/vr/Desktop/ParaView-v5.3.0-VR/build/Plugins/StreamingParticles/CMakeFiles/generate.stamp is up-to-date.
  Generating Documentation HTMLs from xmls
  Processing wiki sources
  Processing wiki filters
  Processing wiki writers
  Processing wiki readers
  Generating vtkSMXML_StreamingParticles.h
  -- Generate module: StreamingParticles
  vtkStreamingParticlesRepresentation.cxx
  vtkStreamingParticlesPriorityQueue.cxx
  vtkPVRandomPointsStreamingSource.cxx
  vtkStreamingParticlesRepresentationClientServer.cxx
  vtkStreamingParticlesPriorityQueueClientServer.cxx
  vtkPVRandomPointsStreamingSourceClientServer.cxx
  StreamingParticlesInit.cxx
  StreamingParticles_Plugin.cxx
  Generating Code...
     Creating library C:/Users/vr/Desktop/ParaView-v5.3.0-VR/build/lib/Debug/StreamingParticles.lib and object C:/Users/vr/Desktop/ParaView-v5.3.0-VR/build/lib/Debug/StreamingParticles.exp
  StreamingParticles.vcxproj -> C:\Users\vr\Desktop\ParaView-v5.3.0-VR\build\bin\Debug\StreamingParticles.dll
