  Building Custom Rule C:/Users/vr/Desktop/ParaView-v5.3.0-VR/src/VTK/Rendering/Context2D/CMakeLists.txt
  CMake does not need to re-run because C:/Users/vr/Desktop/ParaView-v5.3.0-VR/build/VTK/Rendering/Context2D/CMakeFiles/generate.stamp is up-to-date.
  vtkAbstractContextBufferId.cxx
  vtkAbstractContextItem.cxx
  vtkBlockItem.cxx
  vtkBrush.cxx
  vtkContext2D.cxx
  vtkContext3D.cxx
  vtkContextActor.cxx
  vtkContextClip.cxx
  vtkContextDevice2D.cxx
  vtkContextDevice3D.cxx
  vtkContextItem.cxx
  vtkContextKeyEvent.cxx
  vtkContextMapper2D.cxx
  vtkContextMouseEvent.cxx
  vtkContextScene.cxx
  vtkContextTransform.cxx
  vtkImageItem.cxx
  vtkMarkerUtilities.cxx
  vtkPen.cxx
  vtkPolyDataItem.cxx
  Generating Code...
  Compiling...
  vtkPropItem.cxx
  vtkTooltipItem.cxx
  Generating Code...
     Creating library C:/Users/vr/Desktop/ParaView-v5.3.0-VR/build/lib/Debug/vtkRenderingContext2D-pv5.3.lib and object C:/Users/vr/Desktop/ParaView-v5.3.0-VR/build/lib/Debug/vtkRenderingContext2D-pv5.3.exp
  vtkRenderingContext2D.vcxproj -> C:\Users\vr\Desktop\ParaView-v5.3.0-VR\build\bin\Debug\vtkRenderingContext2D-pv5.3.dll
