  Building Custom Rule C:/Users/vr/Desktop/ParaView-v5.3.0-VR/src/ParaViewCore/VTKExtensions/Rendering/CMakeLists.txt
  CMake does not need to re-run because C:/Users/vr/Desktop/ParaView-v5.3.0-VR/build/ParaViewCore/VTKExtensions/Rendering/CMakeFiles/generate.stamp is up-to-date.
  Generating vtkIceTCompositeZPassShader_fs.cxx, vtkIceTCompositeZPassShader_fs.h
  vtkAttributeDataToTableFilter.cxx
  vtkBlockDeliveryPreprocessor.cxx
  vtkCameraInterpolator2.cxx
  vtkCameraManipulator.cxx
  vtkCameraManipulatorGUIHelper.cxx
  vtkCleanArrays.cxx
  vtkCompositeDataToUnstructuredGridFilter.cxx
  vtkCSVExporter.cxx
  vtkImageCompressor.cxx
  vtkKdTreeGenerator.cxx
  vtkKdTreeManager.cxx
  vtkLZ4Compressor.cxx
  vtkMarkSelectedRows.cxx
  vtkMultiSliceContextItem.cxx
  vtkOrderedCompositeDistributor.cxx
  vtkPartitionOrdering.cxx
  vtkPartitionOrderingInterface.cxx
  vtkPVAxesActor.cxx
  vtkPVAxesWidget.cxx
  vtkPVCameraCollection.cxx
  Generating Code...
  Compiling...
  vtkPVCenterAxesActor.cxx
  vtkPVDiscretizableColorTransferFunction.cxx
  vtkPVGL2PSExporter.cxx
  vtkPVInteractiveViewLinkRepresentation.cxx
  vtkPVInteractorStyle.cxx
  vtkPVJoystickFly.cxx
  vtkPVJoystickFlyIn.cxx
  vtkPVJoystickFlyOut.cxx
  vtkPVLODActor.cxx
  vtkPVLODVolume.cxx
  vtkPVMergeTables.cxx
  vtkPVMergeTablesMultiBlock.cxx
  vtkPVPlotTime.cxx
  vtkPVRecoverGeometryWireframe.cxx
  vtkPVScalarBarActor.cxx
  vtkPVTrackballMoveActor.cxx
  vtkPVTrackballMultiRotate.cxx
  vtkPVTrackballPan.cxx
  vtkPVTrackballRoll.cxx
  vtkPVTrackballRotate.cxx
  Generating Code...
  Compiling...
  vtkPVTrackballZoom.cxx
  vtkPVTrackballZoomToMouse.cxx
  vtkPVUpdateSuppressor.cxx
  vtkResampledAMRImageSource.cxx
  vtkSelectionConverter.cxx
  vtkSortedTableStreamer.cxx
  vtkSquirtCompressor.cxx
  vtkTileDisplayHelper.cxx
  vtkTilesHelper.cxx
  vtkTrackballPan.cxx
  vtkUpdateSuppressorPipeline.cxx
  vtkViewLayout.cxx
  vtkVolumeRepresentationPreprocessor.cxx
  vtkZlibImageCompressor.cxx
  vtkCinemaExporter.cxx
  vtkAllToNRedistributeCompositePolyData.cxx
  vtkAllToNRedistributePolyData.cxx
  vtkBalancedRedistributePolyData.cxx
  vtkRedistributePolyData.cxx
  vtkWeightedRedistributePolyData.cxx
  Generating Code...
  Compiling...
  vtkMPICompositeManager.cxx
  vtkIceTContext.cxx
  vtkIceTCompositeZPassShader_fs.cxx
  Generating Code...
  vtkPVDefaultPass.cxx
  vtkPVGeometryFilter.cxx
  vtkIceTCompositePass.cxx
  Generating Code...
     Creating library C:/Users/vr/Desktop/ParaView-v5.3.0-VR/build/lib/Debug/vtkPVVTKExtensionsRendering-pv5.3.lib and object C:/Users/vr/Desktop/ParaView-v5.3.0-VR/build/lib/Debug/vtkPVVTKExtensionsRendering-pv5.3.exp
  vtkPVVTKExtensionsRendering.vcxproj -> C:\Users\vr\Desktop\ParaView-v5.3.0-VR\build\bin\Debug\vtkPVVTKExtensionsRendering-pv5.3.dll
