Build started 09/05/2017 13:34:39.
     1>Project "F:\Documents\Universita\Erasmus\Thesis\vrinterface\build\Wrapping\ClientServer\vtkInteractionWidgetsCS.vcxproj" on node 2 (Build target(s)).
     1>Building with tools version "14.0".
     1>Target "_CheckForInvalidConfigurationAndPlatform" in file "C:\Program Files (x86)\MSBuild\14.0\bin\Microsoft.Common.CurrentVersion.targets" from project "F:\Documents\Universita\Erasmus\Thesis\vrinterface\build\Wrapping\ClientServer\vtkInteractionWidgetsCS.vcxproj" (entry point):
       Task "Error" skipped, due to false condition; ( '$(_InvalidConfigurationError)' == 'true' ) was evaluated as ( '' == 'true' ).
       Task "Warning" skipped, due to false condition; ( '$(_InvalidConfigurationWarning)' == 'true' ) was evaluated as ( '' == 'true' ).
       Task "Message"
         Configuration=Debug
       Done executing task "Message".
       Task "Message"
         Platform=x64
       Done executing task "Message".
       Task "Error" skipped, due to false condition; ('$(OutDir)' != '' and !HasTrailingSlash('$(OutDir)')) was evaluated as ('C:\Users\vr\Desktop\ParaView-v5.3.0-VR\build\lib\Debug\' != '' and !HasTrailingSlash('C:\Users\vr\Desktop\ParaView-v5.3.0-VR\build\lib\Debug\')).
       Task "Error" skipped, due to false condition; ('$(BaseIntermediateOutputPath)' != '' and !HasTrailingSlash('$(BaseIntermediateOutputPath)')) was evaluated as ('obj\' != '' and !HasTrailingSlash('obj\')).
       Task "Error" skipped, due to false condition; ('$(IntermediateOutputPath)' != '' and !HasTrailingSlash('$(IntermediateOutputPath)')) was evaluated as ('vtkInteractionWidgetsCS.dir\Debug\' != '' and !HasTrailingSlash('vtkInteractionWidgetsCS.dir\Debug\')).
     1>Done building target "_CheckForInvalidConfigurationAndPlatform" in project "vtkInteractionWidgetsCS.vcxproj".
     1>Target "_PrepareForBuild" in file "C:\Program Files (x86)\MSBuild\Microsoft.Cpp\v4.0\V140\Microsoft.BuildSteps.Targets" from project "F:\Documents\Universita\Erasmus\Thesis\vrinterface\build\Wrapping\ClientServer\vtkInteractionWidgetsCS.vcxproj" (target "Build" depends on it):
       Task "CreateItem" skipped, due to false condition; ('%(CustomBuild.IncludeFileToTool)'!='') was evaluated as (''!='').
     1>Done building target "_PrepareForBuild" in project "vtkInteractionWidgetsCS.vcxproj".
     1>Target "_PrepareForReferenceResolution" in file "C:\Program Files (x86)\MSBuild\Microsoft.Cpp\v4.0\V140\Microsoft.CppBuild.targets" from project "F:\Documents\Universita\Erasmus\Thesis\vrinterface\build\Wrapping\ClientServer\vtkInteractionWidgetsCS.vcxproj" (target "ResolveReferences" depends on it):
       Task "Message" skipped, due to false condition; ('$(_REFERENCE_DEBUG)'=='true') was evaluated as (''=='true').
     1>Done building target "_PrepareForReferenceResolution" in project "vtkInteractionWidgetsCS.vcxproj".
       Target "ComputeCrtSDKReference" skipped, due to false condition; ('@(ClCompile)'!='' and '$(WindowsAppContainer)'=='true' and '$(UseCrtSDKReference)' != 'false') was evaluated as ('C:\Users\vr\Desktop\ParaView-v5.3.0-VR\build\Wrapping\ClientServer\vtk3DWidgetClientServer.cxx;C:\Users\vr\Desktop\ParaView-v5.3.0-VR\build\Wrapping\ClientServer\vtkAbstractPolygonalHandleRepresentation3DClientServer.cxx;C:\Users\vr\Desktop\ParaView-v5.3.0-VR\build\Wrapping\ClientServer\vtkAbstractWidgetClientServer.cxx;C:\Users\vr\Desktop\ParaView-v5.3.0-VR\build\Wrapping\ClientServer\vtkAffineRepresentation2DClientServer.cxx;C:\Users\vr\Desktop\ParaView-v5.3.0-VR\build\Wrapping\ClientServer\vtkAffineRepresentationClientServer.cxx;C:\Users\vr\Desktop\ParaView-v5.3.0-VR\build\Wrapping\ClientServer\vtkAffineWidgetClientServer.cxx;C:\Users\vr\Desktop\ParaView-v5.3.0-VR\build\Wrapping\ClientServer\vtkAngleRepresentation2DClientServer.cxx;C:\Users\vr\Desktop\ParaView-v5.3.0-VR\build\Wrapping\ClientServer\vtkAngleRepresentation3DClientServer.cxx;C:\Users\vr\Desktop\ParaView-v5.3.0-VR\build\Wrapping\ClientServer\vtkAngleRepresentationClientServer.cxx;C:\Users\vr\Desktop\ParaView-v5.3.0-VR\build\Wrapping\ClientServer\vtkAngleWidgetClientServer.cxx;C:\Users\vr\Desktop\ParaView-v5.3.0-VR\build\Wrapping\ClientServer\vtkAxesTransformRepresentationClientServer.cxx;C:\Users\vr\Desktop\ParaView-v5.3.0-VR\build\Wrapping\ClientServer\vtkAxesTransformWidgetClientServer.cxx;C:\Users\vr\Desktop\ParaView-v5.3.0-VR\build\Wrapping\ClientServer\vtkBalloonRepresentationClientServer.cxx;C:\Users\vr\Desktop\ParaView-v5.3.0-VR\build\Wrapping\ClientServer\vtkBalloonWidgetClientServer.cxx;C:\Users\vr\Desktop\ParaView-v5.3.0-VR\build\Wrapping\ClientServer\vtkBezierContourLineInterpolatorClientServer.cxx;C:\Users\vr\Desktop\ParaView-v5.3.0-VR\build\Wrapping\ClientServer\vtkBiDimensionalRepresentation2DClientServer.cxx;C:\Users\vr\Desktop\ParaView-v5.3.0-VR\build\Wrapping\ClientServer\vtkBiDimensionalRepresentationClientServer.cxx;C:\Users\vr\Desktop\ParaView-v5.3.0-VR\build\Wrapping\ClientServer\vtkBiDimensionalWidgetClientServer.cxx;C:\Users\vr\Desktop\ParaView-v5.3.0-VR\build\Wrapping\ClientServer\vtkBorderRepresentationClientServer.cxx;C:\Users\vr\Desktop\ParaView-v5.3.0-VR\build\Wrapping\ClientServer\vtkBorderWidgetClientServer.cxx;C:\Users\vr\Desktop\ParaView-v5.3.0-VR\build\Wrapping\ClientServer\vtkBoundedPlanePointPlacerClientServer.cxx;C:\Users\vr\Desktop\ParaView-v5.3.0-VR\build\Wrapping\ClientServer\vtkBoxRepresentationClientServer.cxx;C:\Users\vr\Desktop\ParaView-v5.3.0-VR\build\Wrapping\ClientServer\vtkBoxWidget2ClientServer.cxx;C:\Users\vr\Desktop\ParaView-v5.3.0-VR\build\Wrapping\ClientServer\vtkBoxWidgetClientServer.cxx;C:\Users\vr\Desktop\ParaView-v5.3.0-VR\build\Wrapping\ClientServer\vtkBrokenLineWidgetClientServer.cxx;C:\Users\vr\Desktop\ParaView-v5.3.0-VR\build\Wrapping\ClientServer\vtkButtonRepresentationClientServer.cxx;C:\Users\vr\Desktop\ParaView-v5.3.0-VR\build\Wrapping\ClientServer\vtkButtonWidgetClientServer.cxx;C:\Users\vr\Desktop\ParaView-v5.3.0-VR\build\Wrapping\ClientServer\vtkCameraRepresentationClientServer.cxx;C:\Users\vr\Desktop\ParaView-v5.3.0-VR\build\Wrapping\ClientServer\vtkCameraWidgetClientServer.cxx;C:\Users\vr\Desktop\ParaView-v5.3.0-VR\build\Wrapping\ClientServer\vtkCaptionRepresentationClientServer.cxx;C:\Users\vr\Desktop\ParaView-v5.3.0-VR\build\Wrapping\ClientServer\vtkCaptionWidgetClientServer.cxx;C:\Users\vr\Desktop\ParaView-v5.3.0-VR\build\Wrapping\ClientServer\vtkCellCentersPointPlacerClientServer.cxx;C:\Users\vr\Desktop\ParaView-v5.3.0-VR\build\Wrapping\ClientServer\vtkCenteredSliderRepresentationClientServer.cxx;C:\Users\vr\Desktop\ParaView-v5.3.0-VR\build\Wrapping\ClientServer\vtkCenteredSliderWidgetClientServer.cxx;C:\Users\vr\Desktop\ParaView-v5.3.0-VR\build\Wrapping\ClientServer\vtkCheckerboardRepresentationClientServer.cxx;C:\Users\vr\Desktop\ParaView-v5.3.0-VR\build\Wrapping\ClientServer\vtkCheckerboardWidgetClientServer.cxx;C:\Users\vr\Desktop\ParaView-v5.3.0-VR\build\Wrapping\ClientServer\vtkClosedSurfacePointPlacerClientServer.cxx;C:\Users\vr\Desktop\ParaView-v5.3.0-VR\build\Wrapping\ClientServer\vtkConstrainedPointHandleRepresentationClientServer.cxx;C:\Users\vr\Desktop\ParaView-v5.3.0-VR\build\Wrapping\ClientServer\vtkContinuousValueWidgetClientServer.cxx;C:\Users\vr\Desktop\ParaView-v5.3.0-VR\build\Wrapping\ClientServer\vtkContinuousValueWidgetRepresentationClientServer.cxx;C:\Users\vr\Desktop\ParaView-v5.3.0-VR\build\Wrapping\ClientServer\vtkContourLineInterpolatorClientServer.cxx;C:\Users\vr\Desktop\ParaView-v5.3.0-VR\build\Wrapping\ClientServer\vtkContourRepresentationClientServer.cxx;C:\Users\vr\Desktop\ParaView-v5.3.0-VR\build\Wrapping\ClientServer\vtkContourWidgetClientServer.cxx;C:\Users\vr\Desktop\ParaView-v5.3.0-VR\build\Wrapping\ClientServer\vtkCurveRepresentationClientServer.cxx;C:\Users\vr\Desktop\ParaView-v5.3.0-VR\build\Wrapping\ClientServer\vtkDijkstraImageContourLineInterpolatorClientServer.cxx;C:\Users\vr\Desktop\ParaView-v5.3.0-VR\build\Wrapping\ClientServer\vtkDistanceRepresentation2DClientServer.cxx;C:\Users\vr\Desktop\ParaView-v5.3.0-VR\build\Wrapping\ClientServer\vtkDistanceRepresentation3DClientServer.cxx;C:\Users\vr\Desktop\ParaView-v5.3.0-VR\build\Wrapping\ClientServer\vtkDistanceRepresentationClientServer.cxx;C:\Users\vr\Desktop\ParaView-v5.3.0-VR\build\Wrapping\ClientServer\vtkDistanceWidgetClientServer.cxx;C:\Users\vr\Desktop\ParaView-v5.3.0-VR\build\Wrapping\ClientServer\vtkEllipsoidTensorProbeRepresentationClientServer.cxx;C:\Users\vr\Desktop\ParaView-v5.3.0-VR\build\Wrapping\ClientServer\vtkEventClientServer.cxx;C:\Users\vr\Desktop\ParaView-v5.3.0-VR\build\Wrapping\ClientServer\vtkFinitePlaneRepresentationClientServer.cxx;C:\Users\vr\Desktop\ParaView-v5.3.0-VR\build\Wrapping\ClientServer\vtkFinitePlaneWidgetClientServer.cxx;C:\Users\vr\Desktop\ParaView-v5.3.0-VR\build\Wrapping\ClientServer\vtkFixedSizeHandleRepresentation3DClientServer.cxx;C:\Users\vr\Desktop\ParaView-v5.3.0-VR\build\Wrapping\ClientServer\vtkFocalPlaneContourRepresentationClientServer.cxx;C:\Users\vr\Desktop\ParaView-v5.3.0-VR\build\Wrapping\ClientServer\vtkFocalPlanePointPlacerClientServer.cxx;C:\Users\vr\Desktop\ParaView-v5.3.0-VR\build\Wrapping\ClientServer\vtkHandleRepresentationClientServer.cxx;C:\Users\vr\Desktop\ParaView-v5.3.0-VR\build\Wrapping\ClientServer\vtkHandleWidgetClientServer.cxx;C:\Users\vr\Desktop\ParaView-v5.3.0-VR\build\Wrapping\ClientServer\vtkHoverWidgetClientServer.cxx;C:\Users\vr\Desktop\ParaView-v5.3.0-VR\build\Wrapping\ClientServer\vtkImageActorPointPlacerClientServer.cxx;C:\Users\vr\Desktop\ParaView-v5.3.0-VR\build\Wrapping\ClientServer\vtkImageCroppingRegionsWidgetClientServer.cxx;C:\Users\vr\Desktop\ParaView-v5.3.0-VR\build\Wrapping\ClientServer\vtkImageOrthoPlanesClientServer.cxx;C:\Users\vr\Desktop\ParaView-v5.3.0-VR\build\Wrapping\ClientServer\vtkImagePlaneWidgetClientServer.cxx;C:\Users\vr\Desktop\ParaView-v5.3.0-VR\build\Wrapping\ClientServer\vtkImageTracerWidgetClientServer.cxx;C:\Users\vr\Desktop\ParaView-v5.3.0-VR\build\Wrapping\ClientServer\vtkImplicitCylinderRepresentationClientServer.cxx;C:\Users\vr\Desktop\ParaView-v5.3.0-VR\build\Wrapping\ClientServer\vtkImplicitCylinderWidgetClientServer.cxx;C:\Users\vr\Desktop\ParaView-v5.3.0-VR\build\Wrapping\ClientServer\vtkImplicitPlaneRepresentationClientServer.cxx;C:\Users\vr\Desktop\ParaView-v5.3.0-VR\build\Wrapping\ClientServer\vtkImplicitPlaneWidget2ClientServer.cxx;C:\Users\vr\Desktop\ParaView-v5.3.0-VR\build\Wrapping\ClientServer\vtkImplicitPlaneWidgetClientServer.cxx;C:\Users\vr\Desktop\ParaView-v5.3.0-VR\build\Wrapping\ClientServer\vtkLinearContourLineInterpolatorClientServer.cxx;C:\Users\vr\Desktop\ParaView-v5.3.0-VR\build\Wrapping\ClientServer\vtkLineRepresentationClientServer.cxx;C:\Users\vr\Desktop\ParaView-v5.3.0-VR\build\Wrapping\ClientServer\vtkLineWidget2ClientServer.cxx;C:\Users\vr\Desktop\ParaView-v5.3.0-VR\build\Wrapping\ClientServer\vtkLineWidgetClientServer.cxx;C:\Users\vr\Desktop\ParaView-v5.3.0-VR\build\Wrapping\ClientServer\vtkLogoRepresentationClientServer.cxx;C:\Users\vr\Desktop\ParaView-v5.3.0-VR\build\Wrapping\ClientServer\vtkLogoWidgetClientServer.cxx;C:\Users\vr\Desktop\ParaView-v5.3.0-VR\build\Wrapping\ClientServer\vtkMeasurementCubeHandleRepresentation3DClientServer.cxx;C:\Users\vr\Desktop\ParaView-v5.3.0-VR\build\Wrapping\ClientServer\vtkOrientationMarkerWidgetClientServer.cxx;C:\Users\vr\Desktop\ParaView-v5.3.0-VR\build\Wrapping\ClientServer\vtkOrientedGlyphContourRepresentationClientServer.cxx;C:\Users\vr\Desktop\ParaView-v5.3.0-VR\build\Wrapping\ClientServer\vtkOrientedGlyphFocalPlaneContourRepresentationClientServer.cxx;C:\Users\vr\Desktop\ParaView-v5.3.0-VR\build\Wrapping\ClientServer\vtkOrientedPolygonalHandleRepresentation3DClientServer.cxx;C:\Users\vr\Desktop\ParaView-v5.3.0-VR\build\Wrapping\ClientServer\vtkParallelopipedRepresentationClientServer.cxx;C:\Users\vr\Desktop\ParaView-v5.3.0-VR\build\Wrapping\ClientServer\vtkParallelopipedWidgetClientServer.cxx;C:\Users\vr\Desktop\ParaView-v5.3.0-VR\build\Wrapping\ClientServer\vtkPlaneWidgetClientServer.cxx;C:\Users\vr\Desktop\ParaView-v5.3.0-VR\build\Wrapping\ClientServer\vtkPlaybackRepresentationClientServer.cxx;C:\Users\vr\Desktop\ParaView-v5.3.0-VR\build\Wrapping\ClientServer\vtkPlaybackWidgetClientServer.cxx;C:\Users\vr\Desktop\ParaView-v5.3.0-VR\build\Wrapping\ClientServer\vtkPointHandleRepresentation2DClientServer.cxx;C:\Users\vr\Desktop\ParaView-v5.3.0-VR\build\Wrapping\ClientServer\vtkPointHandleRepresentation3DClientServer.cxx;C:\Users\vr\Desktop\ParaView-v5.3.0-VR\build\Wrapping\ClientServer\vtkPointPlacerClientServer.cxx;C:\Users\vr\Desktop\ParaView-v5.3.0-VR\build\Wrapping\ClientServer\vtkPointWidgetClientServer.cxx;C:\Users\vr\Desktop\ParaView-v5.3.0-VR\build\Wrapping\ClientServer\vtkPolyDataContourLineInterpolatorClientServer.cxx;C:\Users\vr\Desktop\ParaView-v5.3.0-VR\build\Wrapping\ClientServer\vtkPolyDataPointPlacerClientServer.cxx;C:\Users\vr\Desktop\ParaView-v5.3.0-VR\build\Wrapping\ClientServer\vtkPolyDataSourceWidgetClientServer.cxx;C:\Users\vr\Desktop\ParaView-v5.3.0-VR\build\Wrapping\ClientServer\vtkPolyLineRepresentationClientServer.cxx;C:\Users\vr\Desktop\ParaView-v5.3.0-VR\build\Wrapping\ClientServer\vtkPolyLineWidgetClientServer.cxx;C:\Users\vr\Desktop\ParaView-v5.3.0-VR\build\Wrapping\ClientServer\vtkPolygonalHandleRepresentation3DClientServer.cxx;C:\Users\vr\Desktop\ParaView-v5.3.0-VR\build\Wrapping\ClientServer\vtkPolygonalSurfaceContourLineInterpolatorClientServer.cxx;C:\Users\vr\Desktop\ParaView-v5.3.0-VR\build\Wrapping\ClientServer\vtkPolygonalSurfacePointPlacerClientServer.cxx;C:\Users\vr\Desktop\ParaView-v5.3.0-VR\build\Wrapping\ClientServer\vtkProgressBarRepresentationClientServer.cxx;C:\Users\vr\Desktop\ParaView-v5.3.0-VR\build\Wrapping\ClientServer\vtkProgressBarWidgetClientServer.cxx;C:\Users\vr\Desktop\ParaView-v5.3.0-VR\build\Wrapping\ClientServer\vtkProp3DButtonRepresentationClientServer.cxx;C:\Users\vr\Desktop\ParaView-v5.3.0-VR\build\Wrapping\ClientServer\vtkRectilinearWipeRepresentationClientServer.cxx;C:\Users\vr\Desktop\ParaView-v5.3.0-VR\build\Wrapping\ClientServer\vtkRectilinearWipeWidgetClientServer.cxx;C:\Users\vr\Desktop\ParaView-v5.3.0-VR\build\Wrapping\ClientServer\vtkScalarBarRepresentationClientServer.cxx;C:\Users\vr\Desktop\ParaView-v5.3.0-VR\build\Wrapping\ClientServer\vtkScalarBarWidgetClientServer.cxx;C:\Users\vr\Desktop\ParaView-v5.3.0-VR\build\Wrapping\ClientServer\vtkSeedRepresentationClientServer.cxx;C:\Users\vr\Desktop\ParaView-v5.3.0-VR\build\Wrapping\ClientServer\vtkSeedWidgetClientServer.cxx;C:\Users\vr\Desktop\ParaView-v5.3.0-VR\build\Wrapping\ClientServer\vtkSliderRepresentation2DClientServer.cxx;C:\Users\vr\Desktop\ParaView-v5.3.0-VR\build\Wrapping\ClientServer\vtkSliderRepresentation3DClientServer.cxx;C:\Users\vr\Desktop\ParaView-v5.3.0-VR\build\Wrapping\ClientServer\vtkSliderRepresentationClientServer.cxx;C:\Users\vr\Desktop\ParaView-v5.3.0-VR\build\Wrapping\ClientServer\vtkSliderWidgetClientServer.cxx;C:\Users\vr\Desktop\ParaView-v5.3.0-VR\build\Wrapping\ClientServer\vtkSphereHandleRepresentationClientServer.cxx;C:\Users\vr\Desktop\ParaView-v5.3.0-VR\build\Wrapping\ClientServer\vtkSphereRepresentationClientServer.cxx;C:\Users\vr\Desktop\ParaView-v5.3.0-VR\build\Wrapping\ClientServer\vtkSphereWidget2ClientServer.cxx;C:\Users\vr\Desktop\ParaView-v5.3.0-VR\build\Wrapping\ClientServer\vtkSphereWidgetClientServer.cxx;C:\Users\vr\Desktop\ParaView-v5.3.0-VR\build\Wrapping\ClientServer\vtkSplineRepresentationClientServer.cxx;C:\Users\vr\Desktop\ParaView-v5.3.0-VR\build\Wrapping\ClientServer\vtkSplineWidget2ClientServer.cxx;C:\Users\vr\Desktop\ParaView-v5.3.0-VR\build\Wrapping\ClientServer\vtkSplineWidgetClientServer.cxx;C:\Users\vr\Desktop\ParaView-v5.3.0-VR\build\Wrapping\ClientServer\vtkTensorProbeRepresentationClientServer.cxx;C:\Users\vr\Desktop\ParaView-v5.3.0-VR\build\Wrapping\ClientServer\vtkTensorProbeWidgetClientServer.cxx;C:\Users\vr\Desktop\ParaView-v5.3.0-VR\build\Wrapping\ClientServer\vtkTerrainContourLineInterpolatorClientServer.cxx;C:\Users\vr\Desktop\ParaView-v5.3.0-VR\build\Wrapping\ClientServer\vtkTerrainDataPointPlacerClientServer.cxx;C:\Users\vr\Desktop\ParaView-v5.3.0-VR\build\Wrapping\ClientServer\vtkTextRepresentationClientServer.cxx;C:\Users\vr\Desktop\ParaView-v5.3.0-VR\build\Wrapping\ClientServer\vtkTexturedButtonRepresentation2DClientServer.cxx;C:\Users\vr\Desktop\ParaView-v5.3.0-VR\build\Wrapping\ClientServer\vtkTexturedButtonRepresentationClientServer.cxx;C:\Users\vr\Desktop\ParaView-v5.3.0-VR\build\Wrapping\ClientServer\vtkTextWidgetClientServer.cxx;C:\Users\vr\Desktop\ParaView-v5.3.0-VR\build\Wrapping\ClientServer\vtkWidgetCallbackMapperClientServer.cxx;C:\Users\vr\Desktop\ParaView-v5.3.0-VR\build\Wrapping\ClientServer\vtkWidgetEventClientServer.cxx;C:\Users\vr\Desktop\ParaView-v5.3.0-VR\build\Wrapping\ClientServer\vtkWidgetEventTranslatorClientServer.cxx;C:\Users\vr\Desktop\ParaView-v5.3.0-VR\build\Wrapping\ClientServer\vtkWidgetRepresentationClientServer.cxx;C:\Users\vr\Desktop\ParaView-v5.3.0-VR\build\Wrapping\ClientServer\vtkWidgetSetClientServer.cxx;C:\Users\vr\Desktop\ParaView-v5.3.0-VR\build\Wrapping\ClientServer\vtkXYPlotWidgetClientServer.cxx;C:\Users\vr\Desktop\ParaView-v5.3.0-VR\build\Wrapping\ClientServer\vtkResliceCursorLineRepresentationClientServer.cxx;C:\Users\vr\Desktop\ParaView-v5.3.0-VR\build\Wrapping\ClientServer\vtkResliceCursorRepresentationClientServer.cxx;C:\Users\vr\Desktop\ParaView-v5.3.0-VR\build\Wrapping\ClientServer\vtkResliceCursorThickLineRepresentationClientServer.cxx;C:\Users\vr\Desktop\ParaView-v5.3.0-VR\build\Wrapping\ClientServer\vtkResliceCursorWidgetClientServer.cxx;C:\Users\vr\Desktop\ParaView-v5.3.0-VR\build\Wrapping\ClientServer\vtkResliceCursorActorClientServer.cxx;C:\Users\vr\Desktop\ParaView-v5.3.0-VR\build\Wrapping\ClientServer\vtkResliceCursorPickerClientServer.cxx;C:\Users\vr\Desktop\ParaView-v5.3.0-VR\build\Wrapping\ClientServer\vtkResliceCursorClientServer.cxx;C:\Users\vr\Desktop\ParaView-v5.3.0-VR\build\Wrapping\ClientServer\vtkResliceCursorPolyDataAlgorithmClientServer.cxx;C:\Users\vr\Desktop\ParaView-v5.3.0-VR\build\Wrapping\ClientServer\vtkInteractionWidgetsCSInit.cxx'!='' and 'false'=='true' and '' != 'false').
     1>Target "BeforeResolveReferences" in file "C:\Program Files (x86)\MSBuild\14.0\bin\Microsoft.Common.CurrentVersion.targets" from project "F:\Documents\Universita\Erasmus\Thesis\vrinterface\build\Wrapping\ClientServer\vtkInteractionWidgetsCS.vcxproj" (target "ResolveReferences" depends on it):
     1>Done building target "BeforeResolveReferences" in project "vtkInteractionWidgetsCS.vcxproj".
     1>Target "AssignProjectConfiguration" in file "C:\Program Files (x86)\MSBuild\14.0\bin\Microsoft.Common.CurrentVersion.targets" from project "F:\Documents\Universita\Erasmus\Thesis\vrinterface\build\Wrapping\ClientServer\vtkInteractionWidgetsCS.vcxproj" (target "ResolveReferences" depends on it):
       Task "AssignProjectConfiguration"
         Project reference "C:\Users\vr\Desktop\ParaView-v5.3.0-VR\build\ZERO_CHECK.vcxproj" has not been resolved.
         Project reference "C:\Users\vr\Desktop\ParaView-v5.3.0-VR\build\ParaViewCore\ClientServerStream\vtkClientServer.vcxproj" has not been resolved.
         Project reference "C:\Users\vr\Desktop\ParaView-v5.3.0-VR\build\VTK\Common\Core\vtkCommonCore.vcxproj" has not been resolved.
         Project reference "C:\Users\vr\Desktop\ParaView-v5.3.0-VR\build\VTK\Common\DataModel\vtkCommonDataModel.vcxproj" has not been resolved.
         Project reference "C:\Users\vr\Desktop\ParaView-v5.3.0-VR\build\VTK\Common\ExecutionModel\vtkCommonExecutionModel.vcxproj" has not been resolved.
         Project reference "C:\Users\vr\Desktop\ParaView-v5.3.0-VR\build\VTK\Common\Math\vtkCommonMath.vcxproj" has not been resolved.
         Project reference "C:\Users\vr\Desktop\ParaView-v5.3.0-VR\build\VTK\Common\Misc\vtkCommonMisc.vcxproj" has not been resolved.
         Project reference "C:\Users\vr\Desktop\ParaView-v5.3.0-VR\build\VTK\Common\Transforms\vtkCommonTransforms.vcxproj" has not been resolved.
         Project reference "C:\Users\vr\Desktop\ParaView-v5.3.0-VR\build\VTK\Filters\Core\vtkFiltersCore.vcxproj" has not been resolved.
         Project reference "C:\Users\vr\Desktop\ParaView-v5.3.0-VR\build\VTK\Filters\General\vtkFiltersGeneral.vcxproj" has not been resolved.
         Project reference "C:\Users\vr\Desktop\ParaView-v5.3.0-VR\build\VTK\Filters\Sources\vtkFiltersSources.vcxproj" has not been resolved.
         Project reference "C:\Users\vr\Desktop\ParaView-v5.3.0-VR\build\VTK\Interaction\Widgets\vtkInteractionWidgets.vcxproj" has not been resolved.
         Project reference "C:\Users\vr\Desktop\ParaView-v5.3.0-VR\build\VTK\Rendering\Core\vtkRenderingCore.vcxproj" has not been resolved.
         Project reference "C:\Users\vr\Desktop\ParaView-v5.3.0-VR\build\Utilities\WrapClientServer\vtkWrapClientServer.vcxproj" has not been resolved.
       Done executing task "AssignProjectConfiguration".
     1>Done building target "AssignProjectConfiguration" in project "vtkInteractionWidgetsCS.vcxproj".
       Target "AssignProjectConfiguration" skipped. Previously built successfully.
     1>Target "_SplitProjectReferencesByFileExistence" in file "C:\Program Files (x86)\MSBuild\14.0\bin\Microsoft.Common.CurrentVersion.targets" from project "F:\Documents\Universita\Erasmus\Thesis\vrinterface\build\Wrapping\ClientServer\vtkInteractionWidgetsCS.vcxproj" (target "ResolveProjectReferences" depends on it):
       Task "ResolveNonMSBuildProjectOutput"
         Resolving project reference "C:\Users\vr\Desktop\ParaView-v5.3.0-VR\build\ZERO_CHECK.vcxproj".
         Project reference "C:\Users\vr\Desktop\ParaView-v5.3.0-VR\build\ZERO_CHECK.vcxproj" has not been resolved.
         Resolving project reference "C:\Users\vr\Desktop\ParaView-v5.3.0-VR\build\ParaViewCore\ClientServerStream\vtkClientServer.vcxproj".
         Project reference "C:\Users\vr\Desktop\ParaView-v5.3.0-VR\build\ParaViewCore\ClientServerStream\vtkClientServer.vcxproj" has not been resolved.
         Resolving project reference "C:\Users\vr\Desktop\ParaView-v5.3.0-VR\build\VTK\Common\Core\vtkCommonCore.vcxproj".
         Project reference "C:\Users\vr\Desktop\ParaView-v5.3.0-VR\build\VTK\Common\Core\vtkCommonCore.vcxproj" has not been resolved.
         Resolving project reference "C:\Users\vr\Desktop\ParaView-v5.3.0-VR\build\VTK\Common\DataModel\vtkCommonDataModel.vcxproj".
         Project reference "C:\Users\vr\Desktop\ParaView-v5.3.0-VR\build\VTK\Common\DataModel\vtkCommonDataModel.vcxproj" has not been resolved.
         Resolving project reference "C:\Users\vr\Desktop\ParaView-v5.3.0-VR\build\VTK\Common\ExecutionModel\vtkCommonExecutionModel.vcxproj".
         Project reference "C:\Users\vr\Desktop\ParaView-v5.3.0-VR\build\VTK\Common\ExecutionModel\vtkCommonExecutionModel.vcxproj" has not been resolved.
         Resolving project reference "C:\Users\vr\Desktop\ParaView-v5.3.0-VR\build\VTK\Common\Math\vtkCommonMath.vcxproj".
         Project reference "C:\Users\vr\Desktop\ParaView-v5.3.0-VR\build\VTK\Common\Math\vtkCommonMath.vcxproj" has not been resolved.
         Resolving project reference "C:\Users\vr\Desktop\ParaView-v5.3.0-VR\build\VTK\Common\Misc\vtkCommonMisc.vcxproj".
         Project reference "C:\Users\vr\Desktop\ParaView-v5.3.0-VR\build\VTK\Common\Misc\vtkCommonMisc.vcxproj" has not been resolved.
         Resolving project reference "C:\Users\vr\Desktop\ParaView-v5.3.0-VR\build\VTK\Common\Transforms\vtkCommonTransforms.vcxproj".
         Project reference "C:\Users\vr\Desktop\ParaView-v5.3.0-VR\build\VTK\Common\Transforms\vtkCommonTransforms.vcxproj" has not been resolved.
         Resolving project reference "C:\Users\vr\Desktop\ParaView-v5.3.0-VR\build\VTK\Filters\Core\vtkFiltersCore.vcxproj".
         Project reference "C:\Users\vr\Desktop\ParaView-v5.3.0-VR\build\VTK\Filters\Core\vtkFiltersCore.vcxproj" has not been resolved.
         Resolving project reference "C:\Users\vr\Desktop\ParaView-v5.3.0-VR\build\VTK\Filters\General\vtkFiltersGeneral.vcxproj".
         Project reference "C:\Users\vr\Desktop\ParaView-v5.3.0-VR\build\VTK\Filters\General\vtkFiltersGeneral.vcxproj" has not been resolved.
         Resolving project reference "C:\Users\vr\Desktop\ParaView-v5.3.0-VR\build\VTK\Filters\Sources\vtkFiltersSources.vcxproj".
         Project reference "C:\Users\vr\Desktop\ParaView-v5.3.0-VR\build\VTK\Filters\Sources\vtkFiltersSources.vcxproj" has not been resolved.
         Resolving project reference "C:\Users\vr\Desktop\ParaView-v5.3.0-VR\build\VTK\Interaction\Widgets\vtkInteractionWidgets.vcxproj".
         Project reference "C:\Users\vr\Desktop\ParaView-v5.3.0-VR\build\VTK\Interaction\Widgets\vtkInteractionWidgets.vcxproj" has not been resolved.
         Resolving project reference "C:\Users\vr\Desktop\ParaView-v5.3.0-VR\build\VTK\Rendering\Core\vtkRenderingCore.vcxproj".
         Project reference "C:\Users\vr\Desktop\ParaView-v5.3.0-VR\build\VTK\Rendering\Core\vtkRenderingCore.vcxproj" has not been resolved.
         Resolving project reference "C:\Users\vr\Desktop\ParaView-v5.3.0-VR\build\Utilities\WrapClientServer\vtkWrapClientServer.vcxproj".
         Project reference "C:\Users\vr\Desktop\ParaView-v5.3.0-VR\build\Utilities\WrapClientServer\vtkWrapClientServer.vcxproj" has not been resolved.
       Done executing task "ResolveNonMSBuildProjectOutput".
     1>Done building target "_SplitProjectReferencesByFileExistence" in project "vtkInteractionWidgetsCS.vcxproj".
     1>Target "_RemoveNameMetadataFromProjectReferenceItems" in file "C:\Program Files (x86)\MSBuild\Microsoft.Cpp\v4.0\V140\Microsoft.CppBuild.targets" from project "F:\Documents\Universita\Erasmus\Thesis\vrinterface\build\Wrapping\ClientServer\vtkInteractionWidgetsCS.vcxproj" (target "ResolveProjectReferences" depends on it):
     1>Done building target "_RemoveNameMetadataFromProjectReferenceItems" in project "vtkInteractionWidgetsCS.vcxproj".
     1>Target "ResolveProjectReferences" in file "C:\Program Files (x86)\MSBuild\14.0\bin\Microsoft.Common.CurrentVersion.targets" from project "F:\Documents\Universita\Erasmus\Thesis\vrinterface\build\Wrapping\ClientServer\vtkInteractionWidgetsCS.vcxproj" (target "ResolveReferences" depends on it):
       Task "MSBuild" skipped, due to false condition; ('%(_MSBuildProjectReferenceExistent.BuildReference)' == 'true' and '@(ProjectReferenceWithConfiguration)' != '' and ('$(BuildingInsideVisualStudio)' == 'true' or '$(BuildProjectReferences)' != 'true') and '$(VisualStudioVersion)' != '10.0' and '@(_MSBuildProjectReferenceExistent)' != '') was evaluated as ('' == 'true' and 'C:\Users\vr\Desktop\ParaView-v5.3.0-VR\build\ZERO_CHECK.vcxproj;C:\Users\vr\Desktop\ParaView-v5.3.0-VR\build\ParaViewCore\ClientServerStream\vtkClientServer.vcxproj;C:\Users\vr\Desktop\ParaView-v5.3.0-VR\build\VTK\Common\Core\vtkCommonCore.vcxproj;C:\Users\vr\Desktop\ParaView-v5.3.0-VR\build\VTK\Common\DataModel\vtkCommonDataModel.vcxproj;C:\Users\vr\Desktop\ParaView-v5.3.0-VR\build\VTK\Common\ExecutionModel\vtkCommonExecutionModel.vcxproj;C:\Users\vr\Desktop\ParaView-v5.3.0-VR\build\VTK\Common\Math\vtkCommonMath.vcxproj;C:\Users\vr\Desktop\ParaView-v5.3.0-VR\build\VTK\Common\Misc\vtkCommonMisc.vcxproj;C:\Users\vr\Desktop\ParaView-v5.3.0-VR\build\VTK\Common\Transforms\vtkCommonTransforms.vcxproj;C:\Users\vr\Desktop\ParaView-v5.3.0-VR\build\VTK\Filters\Core\vtkFiltersCore.vcxproj;C:\Users\vr\Desktop\ParaView-v5.3.0-VR\build\VTK\Filters\General\vtkFiltersGeneral.vcxproj;C:\Users\vr\Desktop\ParaView-v5.3.0-VR\build\VTK\Filters\Sources\vtkFiltersSources.vcxproj;C:\Users\vr\Desktop\ParaView-v5.3.0-VR\build\VTK\Interaction\Widgets\vtkInteractionWidgets.vcxproj;C:\Users\vr\Desktop\ParaView-v5.3.0-VR\build\VTK\Rendering\Core\vtkRenderingCore.vcxproj;C:\Users\vr\Desktop\ParaView-v5.3.0-VR\build\Utilities\WrapClientServer\vtkWrapClientServer.vcxproj' != '' and ('true' == 'true' or 'true' != 'true') and '14.0' != '10.0' and '' != '').
       Task "MSBuild" skipped, due to false condition; ('%(_MSBuildProjectReferenceExistent.BuildReference)' == 'true' and '@(ProjectReferenceWithConfiguration)' != '' and ('$(BuildingInsideVisualStudio)' == 'true' or '$(BuildProjectReferences)' != 'true') and '$(VisualStudioVersion)' == '10.0' and '@(_MSBuildProjectReferenceExistent)' != '') was evaluated as ('' == 'true' and 'C:\Users\vr\Desktop\ParaView-v5.3.0-VR\build\ZERO_CHECK.vcxproj;C:\Users\vr\Desktop\ParaView-v5.3.0-VR\build\ParaViewCore\ClientServerStream\vtkClientServer.vcxproj;C:\Users\vr\Desktop\ParaView-v5.3.0-VR\build\VTK\Common\Core\vtkCommonCore.vcxproj;C:\Users\vr\Desktop\ParaView-v5.3.0-VR\build\VTK\Common\DataModel\vtkCommonDataModel.vcxproj;C:\Users\vr\Desktop\ParaView-v5.3.0-VR\build\VTK\Common\ExecutionModel\vtkCommonExecutionModel.vcxproj;C:\Users\vr\Desktop\ParaView-v5.3.0-VR\build\VTK\Common\Math\vtkCommonMath.vcxproj;C:\Users\vr\Desktop\ParaView-v5.3.0-VR\build\VTK\Common\Misc\vtkCommonMisc.vcxproj;C:\Users\vr\Desktop\ParaView-v5.3.0-VR\build\VTK\Common\Transforms\vtkCommonTransforms.vcxproj;C:\Users\vr\Desktop\ParaView-v5.3.0-VR\build\VTK\Filters\Core\vtkFiltersCore.vcxproj;C:\Users\vr\Desktop\ParaView-v5.3.0-VR\build\VTK\Filters\General\vtkFiltersGeneral.vcxproj;C:\Users\vr\Desktop\ParaView-v5.3.0-VR\build\VTK\Filters\Sources\vtkFiltersSources.vcxproj;C:\Users\vr\Desktop\ParaView-v5.3.0-VR\build\VTK\Interaction\Widgets\vtkInteractionWidgets.vcxproj;C:\Users\vr\Desktop\ParaView-v5.3.0-VR\build\VTK\Rendering\Core\vtkRenderingCore.vcxproj;C:\Users\vr\Desktop\ParaView-v5.3.0-VR\build\Utilities\WrapClientServer\vtkWrapClientServer.vcxproj' != '' and ('true' == 'true' or 'true' != 'true') and '14.0' == '10.0' and '' != '').
       Task "MSBuild" skipped, due to false condition; ('%(_MSBuildProjectReferenceExistent.BuildReference)' == 'true' and '@(ProjectReferenceWithConfiguration)' != '' and '$(BuildingInsideVisualStudio)' != 'true' and '$(BuildProjectReferences)' == 'true' and '@(_MSBuildProjectReferenceExistent)' != '') was evaluated as ('' == 'true' and 'C:\Users\vr\Desktop\ParaView-v5.3.0-VR\build\ZERO_CHECK.vcxproj;C:\Users\vr\Desktop\ParaView-v5.3.0-VR\build\ParaViewCore\ClientServerStream\vtkClientServer.vcxproj;C:\Users\vr\Desktop\ParaView-v5.3.0-VR\build\VTK\Common\Core\vtkCommonCore.vcxproj;C:\Users\vr\Desktop\ParaView-v5.3.0-VR\build\VTK\Common\DataModel\vtkCommonDataModel.vcxproj;C:\Users\vr\Desktop\ParaView-v5.3.0-VR\build\VTK\Common\ExecutionModel\vtkCommonExecutionModel.vcxproj;C:\Users\vr\Desktop\ParaView-v5.3.0-VR\build\VTK\Common\Math\vtkCommonMath.vcxproj;C:\Users\vr\Desktop\ParaView-v5.3.0-VR\build\VTK\Common\Misc\vtkCommonMisc.vcxproj;C:\Users\vr\Desktop\ParaView-v5.3.0-VR\build\VTK\Common\Transforms\vtkCommonTransforms.vcxproj;C:\Users\vr\Desktop\ParaView-v5.3.0-VR\build\VTK\Filters\Core\vtkFiltersCore.vcxproj;C:\Users\vr\Desktop\ParaView-v5.3.0-VR\build\VTK\Filters\General\vtkFiltersGeneral.vcxproj;C:\Users\vr\Desktop\ParaView-v5.3.0-VR\build\VTK\Filters\Sources\vtkFiltersSources.vcxproj;C:\Users\vr\Desktop\ParaView-v5.3.0-VR\build\VTK\Interaction\Widgets\vtkInteractionWidgets.vcxproj;C:\Users\vr\Desktop\ParaView-v5.3.0-VR\build\VTK\Rendering\Core\vtkRenderingCore.vcxproj;C:\Users\vr\Desktop\ParaView-v5.3.0-VR\build\Utilities\WrapClientServer\vtkWrapClientServer.vcxproj' != '' and 'true' != 'true' and 'true' == 'true' and '' != '').
       Task "MSBuild" skipped, due to false condition; ('%(_MSBuildProjectReferenceExistent.BuildReference)' == 'true' and '@(ProjectReferenceWithConfiguration)' != '' and '$(BuildingProject)' == 'true' and '@(_MSBuildProjectReferenceExistent)' != '') was evaluated as ('' == 'true' and 'C:\Users\vr\Desktop\ParaView-v5.3.0-VR\build\ZERO_CHECK.vcxproj;C:\Users\vr\Desktop\ParaView-v5.3.0-VR\build\ParaViewCore\ClientServerStream\vtkClientServer.vcxproj;C:\Users\vr\Desktop\ParaView-v5.3.0-VR\build\VTK\Common\Core\vtkCommonCore.vcxproj;C:\Users\vr\Desktop\ParaView-v5.3.0-VR\build\VTK\Common\DataModel\vtkCommonDataModel.vcxproj;C:\Users\vr\Desktop\ParaView-v5.3.0-VR\build\VTK\Common\ExecutionModel\vtkCommonExecutionModel.vcxproj;C:\Users\vr\Desktop\ParaView-v5.3.0-VR\build\VTK\Common\Math\vtkCommonMath.vcxproj;C:\Users\vr\Desktop\ParaView-v5.3.0-VR\build\VTK\Common\Misc\vtkCommonMisc.vcxproj;C:\Users\vr\Desktop\ParaView-v5.3.0-VR\build\VTK\Common\Transforms\vtkCommonTransforms.vcxproj;C:\Users\vr\Desktop\ParaView-v5.3.0-VR\build\VTK\Filters\Core\vtkFiltersCore.vcxproj;C:\Users\vr\Desktop\ParaView-v5.3.0-VR\build\VTK\Filters\General\vtkFiltersGeneral.vcxproj;C:\Users\vr\Desktop\ParaView-v5.3.0-VR\build\VTK\Filters\Sources\vtkFiltersSources.vcxproj;C:\Users\vr\Desktop\ParaView-v5.3.0-VR\build\VTK\Interaction\Widgets\vtkInteractionWidgets.vcxproj;C:\Users\vr\Desktop\ParaView-v5.3.0-VR\build\VTK\Rendering\Core\vtkRenderingCore.vcxproj;C:\Users\vr\Desktop\ParaView-v5.3.0-VR\build\Utilities\WrapClientServer\vtkWrapClientServer.vcxproj' != '' and 'true' == 'true' and '' != '').
       Task "Warning"
     1>C:\Program Files (x86)\MSBuild\14.0\bin\Microsoft.Common.CurrentVersion.targets(1611,5): warning : The referenced project 'C:\Users\vr\Desktop\ParaView-v5.3.0-VR\build\ZERO_CHECK.vcxproj' does not exist.
       Done executing task "Warning".
       Task "Warning"
     1>C:\Program Files (x86)\MSBuild\14.0\bin\Microsoft.Common.CurrentVersion.targets(1611,5): warning : The referenced project 'C:\Users\vr\Desktop\ParaView-v5.3.0-VR\build\ParaViewCore\ClientServerStream\vtkClientServer.vcxproj' does not exist.
       Done executing task "Warning".
       Task "Warning"
     1>C:\Program Files (x86)\MSBuild\14.0\bin\Microsoft.Common.CurrentVersion.targets(1611,5): warning : The referenced project 'C:\Users\vr\Desktop\ParaView-v5.3.0-VR\build\VTK\Common\Core\vtkCommonCore.vcxproj' does not exist.
       Done executing task "Warning".
       Task "Warning"
     1>C:\Program Files (x86)\MSBuild\14.0\bin\Microsoft.Common.CurrentVersion.targets(1611,5): warning : The referenced project 'C:\Users\vr\Desktop\ParaView-v5.3.0-VR\build\VTK\Common\DataModel\vtkCommonDataModel.vcxproj' does not exist.
       Done executing task "Warning".
       Task "Warning"
     1>C:\Program Files (x86)\MSBuild\14.0\bin\Microsoft.Common.CurrentVersion.targets(1611,5): warning : The referenced project 'C:\Users\vr\Desktop\ParaView-v5.3.0-VR\build\VTK\Common\ExecutionModel\vtkCommonExecutionModel.vcxproj' does not exist.
       Done executing task "Warning".
       Task "Warning"
     1>C:\Program Files (x86)\MSBuild\14.0\bin\Microsoft.Common.CurrentVersion.targets(1611,5): warning : The referenced project 'C:\Users\vr\Desktop\ParaView-v5.3.0-VR\build\VTK\Common\Math\vtkCommonMath.vcxproj' does not exist.
       Done executing task "Warning".
       Task "Warning"
     1>C:\Program Files (x86)\MSBuild\14.0\bin\Microsoft.Common.CurrentVersion.targets(1611,5): warning : The referenced project 'C:\Users\vr\Desktop\ParaView-v5.3.0-VR\build\VTK\Common\Misc\vtkCommonMisc.vcxproj' does not exist.
       Done executing task "Warning".
       Task "Warning"
     1>C:\Program Files (x86)\MSBuild\14.0\bin\Microsoft.Common.CurrentVersion.targets(1611,5): warning : The referenced project 'C:\Users\vr\Desktop\ParaView-v5.3.0-VR\build\VTK\Common\Transforms\vtkCommonTransforms.vcxproj' does not exist.
       Done executing task "Warning".
       Task "Warning"
     1>C:\Program Files (x86)\MSBuild\14.0\bin\Microsoft.Common.CurrentVersion.targets(1611,5): warning : The referenced project 'C:\Users\vr\Desktop\ParaView-v5.3.0-VR\build\VTK\Filters\Core\vtkFiltersCore.vcxproj' does not exist.
       Done executing task "Warning".
       Task "Warning"
     1>C:\Program Files (x86)\MSBuild\14.0\bin\Microsoft.Common.CurrentVersion.targets(1611,5): warning : The referenced project 'C:\Users\vr\Desktop\ParaView-v5.3.0-VR\build\VTK\Filters\General\vtkFiltersGeneral.vcxproj' does not exist.
       Done executing task "Warning".
       Task "Warning"
     1>C:\Program Files (x86)\MSBuild\14.0\bin\Microsoft.Common.CurrentVersion.targets(1611,5): warning : The referenced project 'C:\Users\vr\Desktop\ParaView-v5.3.0-VR\build\VTK\Filters\Sources\vtkFiltersSources.vcxproj' does not exist.
       Done executing task "Warning".
       Task "Warning"
     1>C:\Program Files (x86)\MSBuild\14.0\bin\Microsoft.Common.CurrentVersion.targets(1611,5): warning : The referenced project 'C:\Users\vr\Desktop\ParaView-v5.3.0-VR\build\VTK\Interaction\Widgets\vtkInteractionWidgets.vcxproj' does not exist.
       Done executing task "Warning".
       Task "Warning"
     1>C:\Program Files (x86)\MSBuild\14.0\bin\Microsoft.Common.CurrentVersion.targets(1611,5): warning : The referenced project 'C:\Users\vr\Desktop\ParaView-v5.3.0-VR\build\VTK\Rendering\Core\vtkRenderingCore.vcxproj' does not exist.
       Done executing task "Warning".
       Task "Warning"
     1>C:\Program Files (x86)\MSBuild\14.0\bin\Microsoft.Common.CurrentVersion.targets(1611,5): warning : The referenced project 'C:\Users\vr\Desktop\ParaView-v5.3.0-VR\build\Utilities\WrapClientServer\vtkWrapClientServer.vcxproj' does not exist.
       Done executing task "Warning".
     1>Done building target "ResolveProjectReferences" in project "vtkInteractionWidgetsCS.vcxproj".
       Target "FindInvalidProjectReferences" skipped, due to false condition; ('$(FindInvalidProjectReferences)' == 'true') was evaluated as ('' == 'true').
       Target "ResolveNativeReferences" skipped, due to false condition; ('@(NativeReference)'!='') was evaluated as (''!='').
       Target "_PrepareForReferenceResolution" skipped. Previously built successfully.
     1>Target "GetFrameworkPaths" in file "C:\Program Files (x86)\MSBuild\14.0\bin\Microsoft.NetFramework.CurrentVersion.targets" from project "F:\Documents\Universita\Erasmus\Thesis\vrinterface\build\Wrapping\ClientServer\vtkInteractionWidgetsCS.vcxproj" (target "ResolveAssemblyReferences" depends on it):
     1>Done building target "GetFrameworkPaths" in project "vtkInteractionWidgetsCS.vcxproj".
       Target "GetWinFXPath" skipped, due to false condition; (('@(Page)' != '' or '@(ApplicationDefinition)' != '' or '@(Resource)' != '') and ('$(GetWinFXNativePath)' != '' or '$(GetWinFXWoWPath)' != '' )) was evaluated as (('' != '' or '' != '' or '' != '') and ('' != '' or '' != '' )).
     1>Target "GetReferenceAssemblyPaths" in file "C:\Program Files (x86)\MSBuild\14.0\bin\Microsoft.Common.CurrentVersion.targets" from project "F:\Documents\Universita\Erasmus\Thesis\vrinterface\build\Wrapping\ClientServer\vtkInteractionWidgetsCS.vcxproj" (target "ResolveAssemblyReferences" depends on it):
       Task "GetReferenceAssemblyPaths" skipped, due to false condition; ('$(TargetFrameworkMoniker)' != '' and ('$(_TargetFrameworkDirectories)' == '' or '$(_FullFrameworkReferenceAssemblyPaths)' == '')) was evaluated as ('' != '' and ('C:\Program Files (x86)\Reference Assemblies\Microsoft\Framework\.NETFramework\v4.0' == '' or 'C:\Program Files (x86)\Reference Assemblies\Microsoft\Framework\.NETFramework\v4.0' == '')).
     1>Done building target "GetReferenceAssemblyPaths" in project "vtkInteractionWidgetsCS.vcxproj".
     1>Target "SetBuildDefaultEnvironmentVariables" in file "C:\Program Files (x86)\MSBuild\Microsoft.Cpp\v4.0\V140\Microsoft.Cpp.Current.targets" from project "F:\Documents\Universita\Erasmus\Thesis\vrinterface\build\Wrapping\ClientServer\vtkInteractionWidgetsCS.vcxproj" (target "PrepareForBuild" depends on it):
       Using "SetEnv" task from assembly "C:\Program Files (x86)\MSBuild\Microsoft.Cpp\v4.0\V140\Microsoft.Build.CppTasks.Common.dll".
       Task "SetEnv"
         PATH=C:\Program Files (x86)\Microsoft Visual Studio 14.0\VC\bin\x86_amd64;C:\Program Files (x86)\Microsoft Visual Studio 14.0\VC\bin;C:\Program Files (x86)\Windows Kits\8.1\bin\x86;;C:\Program Files (x86)\Microsoft SDKs\Windows\v10.0A\bin\NETFX 4.6.1 Tools;C:\Program Files (x86)\Microsoft Visual Studio 14.0\Common7\tools;C:\Program Files (x86)\Microsoft Visual Studio 14.0\Common7\ide;C:\Program Files (x86)\HTML Help Workshop;;C:\Program Files (x86)\MSBuild\14.0\bin\;C:\WINDOWS\Microsoft.NET\Framework\v4.0.30319\;;C:\Program Files (x86)\Microsoft Visual Studio 14.0\Common7\IDE\CommonExtensions\Microsoft\TeamFoundation\Team Explorer\NativeBinaries\x86;C:\Program Files\Microsoft MPI\Bin\;C:\Program Files (x86)\Common Files\Intel\Shared Libraries\redist\intel64\compiler;C:\Program Files\NVIDIA GPU Computing Toolkit\CUDA\v8.0\bin;C:\Program Files\NVIDIA GPU Computing Toolkit\CUDA\v8.0\libnvvp;C:\Users\Lord\AppData\Local\Programs\Python\Python2711\;C:\Users\Lord\AppData\Local\Programs\Python\Python2711\Scripts;c:\programdata\oracle\java\javapath;c:\windows\system32;c:\windows;c:\windows\system32\wbem;c:\windows\system32\windowspowershell\v1.0\;c:\program files\calibre2\;c:\program files\miktex 2.9\miktex\bin\x64\;c:\program files (x86)\quicktime\qtsystem\;C:\Program Files (x86)\NVIDIA Corporation\PhysX\Common;C:\Android;C:\Windows\System32;C:\Users\Lord\AppData\Local\Programs\Python\Python35\Scripts\;C:\Users\Lord\AppData\Local\Programs\Python\Python35\;C:\Program Files\Java\jdk1.8.0_65\bin\;C:\adb;C:\Program Files\Common Files\Autodesk Shared\;C:\WINDOWS\system32;C:\WINDOWS;C:\WINDOWS\System32\Wbem;C:\WINDOWS\System32\WindowsPowerShell\v1.0\;C:\Program Files\gnuplot\bin;C:\Program Files\Microsoft SQL Server\130\Tools\Binn\;C:\Program Files\Microsoft DNX\Dnvm\;C:\Program Files (x86)\Windows Kits\8.1\Windows Performance Toolkit\;C:\Program Files\OpenVPN\bin;C:\Program Files (x86)\Skype\Phone\;C:\Program Files (x86)\Brackets\command;C:\WINDOWS\system32;C:\WINDOWS;C:\WINDOWS\System32\Wbem;C:\WINDOWS\System32\WindowsPowerShell\v1.0\;C:\Program Files\Git\cmd;C:\Program Files\CMake\bin;C:\Qt\5.8\msvc2015_64\bin;C:\Program Files\Intel\WiFi\bin\;C:\Program Files\Common Files\Intel\WirelessCommon\;C:\Users\Lord\scoop\shims;C:\Users\Lord\AppData\Local\Programs\Python\Python35\Scripts\;C:\Users\Lord\AppData\Local\Programs\Python\Python35\;C:\Program Files\Java\jdk1.8.0_65\bin\;C:\Program Files\Intel\WiFi\bin\;C:\Program Files\Common Files\Intel\WirelessCommon\;C:\Program Files (x86)\php;C:\Users\Lord\AppData\Local\Microsoft\WindowsApps;C:\Program Files\emacs\bin\;C:\Program Files\Microsoft MPI\Bin\;C:\Users\Lord\AppData\Local\Microsoft\WindowsApps;;
       Done executing task "SetEnv".
       Task "SetEnv"
         LIB=C:\Program Files (x86)\Microsoft Visual Studio 14.0\VC\lib\amd64;;C:\Program Files (x86)\Microsoft Visual Studio 14.0\VC\atlmfc\lib\amd64;;C:\Program Files (x86)\Windows Kits\10\lib\10.0.10240.0\ucrt\x64;;;C:\Program Files (x86)\Windows Kits\8.1\lib\winv6.3\um\x64;;C:\Program Files (x86)\Windows Kits\NETFXSDK\4.6.1\Lib\um\x64
       Done executing task "SetEnv".
       Task "SetEnv"
         LIBPATH=C:\Program Files (x86)\Microsoft Visual Studio 14.0\VC\atlmfc\lib\amd64;;C:\Program Files (x86)\Microsoft Visual Studio 14.0\VC\lib\amd64;
       Done executing task "SetEnv".
       Task "SetEnv"
         INCLUDE=C:\Program Files (x86)\Microsoft Visual Studio 14.0\VC\include;;C:\Program Files (x86)\Microsoft Visual Studio 14.0\VC\atlmfc\include;;C:\Program Files (x86)\Windows Kits\10\Include\10.0.10240.0\ucrt;;;C:\Program Files (x86)\Windows Kits\8.1\Include\um;C:\Program Files (x86)\Windows Kits\8.1\Include\shared;C:\Program Files (x86)\Windows Kits\8.1\Include\winrt;;
       Done executing task "SetEnv".
     1>Done building target "SetBuildDefaultEnvironmentVariables" in project "vtkInteractionWidgetsCS.vcxproj".
       Target "SetUserMacroEnvironmentVariables" skipped, due to false condition; ('@(BuildMacro)' != '' and '$(DesignTimeBuild)' != 'true') was evaluated as ('' != '' and '' != 'true').
     1>Target "GetResolvedWinMD" in file "C:\Program Files (x86)\MSBuild\Microsoft.Cpp\v4.0\V140\Microsoft.CppBuild.targets" from project "F:\Documents\Universita\Erasmus\Thesis\vrinterface\build\Wrapping\ClientServer\vtkInteractionWidgetsCS.vcxproj" (target "PrepareForBuild" depends on it):
     1>Done building target "GetResolvedWinMD" in project "vtkInteractionWidgetsCS.vcxproj".
     1>Target "PlatformPrepareForBuild" in file "C:\Program Files (x86)\MSBuild\Microsoft.Cpp\v4.0\V140\Microsoft.Cpp.Platform.targets" from project "F:\Documents\Universita\Erasmus\Thesis\vrinterface\build\Wrapping\ClientServer\vtkInteractionWidgetsCS.vcxproj" (target "PrepareForBuild" depends on it):
       Task "VCMessage" skipped, due to false condition; ('$(_Error64bitToolsNotInstalled)' == 'true') was evaluated as ('' == 'true').
       Task "VCMessage" skipped, due to false condition; ('$(DesignTimeBuild)'!='true' and '$(_ToolsetFound)' != 'true' and '$(PlatformToolset)' == 'v110') was evaluated as (''!='true' and 'true' != 'true' and 'v140' == 'v110').
       Task "VCMessage" skipped, due to false condition; ('$(DesignTimeBuild)'!='true' and '$(_ToolsetFound)' != 'true' and '$(PlatformToolset)' == 'v100') was evaluated as (''!='true' and 'true' != 'true' and 'v140' == 'v100').
       Task "VCMessage" skipped, due to false condition; ('$(DesignTimeBuild)'!='true' and '$(_ToolsetFound)' != 'true' and '$(PlatformToolset)' == 'v90') was evaluated as (''!='true' and 'true' != 'true' and 'v140' == 'v90').
       Task "VCMessage" skipped, due to false condition; ('$(DesignTimeBuild)'!='true' and '$(_ToolsetFound)' != 'true' and '$(PlatformToolset)' != 'v90' and '$(PlatformToolset)' != 'v100' and '$(PlatformToolset)' != 'v110') was evaluated as (''!='true' and 'true' != 'true' and 'v140' != 'v90' and 'v140' != 'v100' and 'v140' != 'v110').
     1>Done building target "PlatformPrepareForBuild" in project "vtkInteractionWidgetsCS.vcxproj".
     1>Target "Desktop_PlatformPrepareForBuild" in file "C:\Program Files (x86)\MSBuild\Microsoft.Cpp\v4.0\V140\Platforms\x64\PlatformToolsets\v140\Toolset.targets" from project "F:\Documents\Universita\Erasmus\Thesis\vrinterface\build\Wrapping\ClientServer\vtkInteractionWidgetsCS.vcxproj" (target "PrepareForBuild" depends on it):
       Task "VCMessage" skipped, due to false condition; ($(MissingSDKProps) == 'true') was evaluated as ( == 'true').
     1>Done building target "Desktop_PlatformPrepareForBuild" in project "vtkInteractionWidgetsCS.vcxproj".
       Target "GetFrameworkPaths" skipped. Previously built successfully.
       Target "GetReferenceAssemblyPaths" skipped. Previously built successfully.
       Target "AssignLinkMetadata" skipped, due to false condition; ( '$(SynthesizeLinkMetadata)' == 'true' ) was evaluated as ( '' == 'true' ).
     1>Target "SetCABuildNativeEnvironmentVariables" in file "C:\Program Files (x86)\MSBuild\Microsoft\VisualStudio\v14.0\CodeAnalysis\Microsoft.CodeAnalysis.targets" from project "F:\Documents\Universita\Erasmus\Thesis\vrinterface\build\Wrapping\ClientServer\vtkInteractionWidgetsCS.vcxproj" (target "PrepareForBuild" depends on it):
       Initializing task factory "CodeTaskFactory" from assembly "C:\Program Files (x86)\MSBuild\14.0\bin\Microsoft.Build.Tasks.Core.dll".
       Using "SetEnvironmentVariable" task from the task factory "Code Task Factory".
       Task "SetEnvironmentVariable"
       Done executing task "SetEnvironmentVariable".
     1>Done building target "SetCABuildNativeEnvironmentVariables" in project "vtkInteractionWidgetsCS.vcxproj".
     1>Target "PrepareForBuild" in file "C:\Program Files (x86)\MSBuild\Microsoft.Cpp\v4.0\V140\Microsoft.CppBuild.targets" from project "F:\Documents\Universita\Erasmus\Thesis\vrinterface\build\Wrapping\ClientServer\vtkInteractionWidgetsCS.vcxproj" (target "ResolveAssemblyReferences" depends on it):
       Task "VCMessage" skipped, due to false condition; ('$(DesignTimeBuild)' != 'true' and '$(ConfigurationPlatformExists)' != 'true') was evaluated as ('' != 'true' and 'true' != 'true').
       Task "MakeDir"
       Done executing task "MakeDir".
       Task "VCMessage" skipped, due to false condition; ('$(DesignTimeBuild)'!='true' and '$(WindowsAppContainer)'=='true' and '$(ConfigurationType)'!='Application' and '$(ConfigurationType)'!='DynamicLibrary' and '$(ConfigurationType)'!='StaticLibrary') was evaluated as (''!='true' and 'false'=='true' and 'StaticLibrary'!='Application' and 'StaticLibrary'!='DynamicLibrary' and 'StaticLibrary'!='StaticLibrary').
       Task "VCMessage" skipped, due to false condition; ('$(DesignTimeBuild)'!='true' and '$(VCInstallDir)'=='' and '$(UseEnv)' != 'true' and ('$(TargetFrameworkVersion)'=='v3.5' or '$(TargetFrameworkVersion)'=='v3.0' or '$(TargetFrameworkVersion)'=='v2.0' )) was evaluated as (''!='true' and 'C:\Program Files (x86)\Microsoft Visual Studio 14.0\VC\'=='' and '' != 'true' and ('v4.0'=='v3.5' or 'v4.0'=='v3.0' or 'v4.0'=='v2.0' )).
       Task "VCMessage" skipped, due to false condition; ('$(DesignTimeBuild)'!='true' and '$(VCInstallDir)'=='' and '$(UseEnv)' != 'true' and '$(PlatformToolset)'=='v90') was evaluated as (''!='true' and 'C:\Program Files (x86)\Microsoft Visual Studio 14.0\VC\'=='' and '' != 'true' and 'v140'=='v90').
       Task "VCMessage" skipped, due to false condition; ('$(VCInstallDir)'=='' and '$(UseEnv)' != 'true') was evaluated as ('C:\Program Files (x86)\Microsoft Visual Studio 14.0\VC\'=='' and '' != 'true').
       Task "VCMessage" skipped, due to false condition; ('$(WindowsSDKDir)'=='' and '$(UseEnv)' != 'true') was evaluated as ('C:\Program Files (x86)\Windows Kits\8.1\'=='' and '' != 'true').
       Task "VCMessage" skipped, due to false condition; ('$(IntDirTrailingSlashWarning)'=='true') was evaluated as (''=='true').
       Task "VCMessage" skipped, due to false condition; ('$(OutDirTrailingSlashWarning)'=='true') was evaluated as (''=='true').
       Task "VCMessage" skipped, due to false condition; ('%(CompatibilityIssues.Identity)' != '' and '$(DesignTimeBuild)'!='true') was evaluated as ('' != '' and ''!='true').
       Task "VCMessage" skipped, due to false condition; ('$(_MBCS_Using)' == 'true' and '$(_MBCS_Installed)' != 'true' and '$(DesignTimeBuild)' != 'true') was evaluated as ('' == 'true' and '' != 'true' and '' != 'true').
       Task "VCMessage" skipped, due to false condition; ('$(IgnoreWarnIntDirSharingDetected)' != 'true' and '$(IntDirSharingDetected)' == 'true') was evaluated as ('' != 'true' and '' == 'true').
       Task "VCMessage" skipped, due to false condition; ('$(IgnoreWarnIntDirInTempDetected)' != 'true' and ('$(_IntDirFullpath.StartsWith($(Tmp), true, null))' == 'true' or '$(_IntDirFullpath.StartsWith($(Temp), true, null))' == 'true' or '$(_OutDirFullpath.StartsWith($(Tmp), true, null))' == 'true' or '$(_OutDirFullpath.StartsWith($(Temp), true, null))' == 'true')) was evaluated as ('' != 'true' and ('False' == 'true' or 'False' == 'true' or 'False' == 'true' or 'False' == 'true')).
       Task "MakeDir"
         Creating directory "C:\Users\vr\Desktop\ParaView-v5.3.0-VR\build\lib\Debug\".
     1>C:\Program Files (x86)\MSBuild\Microsoft.Cpp\v4.0\V140\Microsoft.CppBuild.targets(403,5): error MSB3191: Unable to create directory "C:\Users\vr\Desktop\ParaView-v5.3.0-VR\build\lib\Debug\". Access to the path 'C:\Users\vr\Desktop\ParaView-v5.3.0-VR\build\lib\Debug\' is denied.
       Done executing task "MakeDir" -- FAILED.
     1>Done building target "PrepareForBuild" in project "vtkInteractionWidgetsCS.vcxproj" -- FAILED.
     1>Done Building Project "F:\Documents\Universita\Erasmus\Thesis\vrinterface\build\Wrapping\ClientServer\vtkInteractionWidgetsCS.vcxproj" (Build target(s)) -- FAILED.

Build FAILED.

Time Elapsed 00:00:00.02
