  Building Custom Rule C:/Users/vr/Desktop/ParaView-v5.3.0-VR/src/VTK/Interaction/Style/CMakeLists.txt
  CMake does not need to re-run because C:/Users/vr/Desktop/ParaView-v5.3.0-VR/build/VTK/Interaction/Style/CMakeFiles/generate.stamp is up-to-date.
  vtkInteractorStyleDrawPolygon.cxx
  vtkInteractorStyleFlight.cxx
  vtkInteractorStyleImage.cxx
  vtkInteractorStyleJoystickActor.cxx
  vtkInteractorStyleJoystickCamera.cxx
  vtkInteractorStyleMultiTouchCamera.cxx
  vtkInteractorStyleRubberBand2D.cxx
  vtkInteractorStyleRubberBand3D.cxx
  vtkInteractorStyleRubberBandPick.cxx
  vtkInteractorStyleRubberBandZoom.cxx
  vtkInteractorStyleTerrain.cxx
  vtkInteractorStyleTrackballActor.cxx
  vtkInteractorStyleTrackballCamera.cxx
  vtkInteractorStyleTrackball.cxx
  vtkInteractorStyleUnicam.cxx
  vtkInteractorStyleUser.cxx
  vtkInteractorStyleSwitch.cxx
  vtkParallelCoordinatesInteractorStyle.cxx
  vtkInteractionStyleObjectFactory.cxx
  Generating Code...
     Creating library C:/Users/vr/Desktop/ParaView-v5.3.0-VR/build/lib/Debug/vtkInteractionStyle-pv5.3.lib and object C:/Users/vr/Desktop/ParaView-v5.3.0-VR/build/lib/Debug/vtkInteractionStyle-pv5.3.exp
  vtkInteractionStyle.vcxproj -> C:\Users\vr\Desktop\ParaView-v5.3.0-VR\build\bin\Debug\vtkInteractionStyle-pv5.3.dll
