  Building Custom Rule C:/Users/vr/Desktop/ParaView-v5.3.0-VR/src/Plugins/NonOrthogonalSource/CMakeLists.txt
  CMake does not need to re-run because C:/Users/vr/Desktop/ParaView-v5.3.0-VR/build/Plugins/NonOrthogonalSource/CMakeFiles/generate.stamp is up-to-date.
  CS Wrapping - generating vtkShearedWaveletSourceClientServer.cxx
  Generating Documentation HTMLs from xmls
  Processing wiki sources
  Processing wiki filters
  Processing wiki writers
  Processing wiki readers
  Generating vtkSMXML_NonOrthogonalSource.h
  -- Generate module: vtkNonOrthogonalSource
  Generating moc_pqNonOrthogonalAutoStart.cpp
  Generating moc_pqNonOrthogonalAutoStartImplementation.cpp
  Generating moc_NonOrthogonalSource_Plugin.cpp
  vtkShearedWaveletSource.cxx
  vtkShearedWaveletSourceClientServer.cxx
  NonOrthogonalSourceInit.cxx
  pqNonOrthogonalAutoStart.cxx
  moc_pqNonOrthogonalAutoStart.cpp
  pqNonOrthogonalAutoStartImplementation.cxx
  moc_pqNonOrthogonalAutoStartImplementation.cpp
  NonOrthogonalSource_Plugin.cxx
  moc_NonOrthogonalSource_Plugin.cpp
  Generating Code...
     Creating library C:/Users/vr/Desktop/ParaView-v5.3.0-VR/build/lib/Debug/NonOrthogonalSource.lib and object C:/Users/vr/Desktop/ParaView-v5.3.0-VR/build/lib/Debug/NonOrthogonalSource.exp
  NonOrthogonalSource.vcxproj -> C:\Users\vr\Desktop\ParaView-v5.3.0-VR\build\bin\Debug\NonOrthogonalSource.dll
