  Building Custom Rule C:/Users/vr/Desktop/ParaView-v5.3.0-VR/src/Wrapping/ClientServer/CMakeLists.txt
  CMake does not need to re-run because C:/Users/vr/Desktop/ParaView-v5.3.0-VR/build/Wrapping/ClientServer/CMakeFiles/generate.stamp is up-to-date.
  CS Wrapping - generating vtkImageConnectorClientServer.cxx
  CS Wrapping - generating vtkImageConnectivityFilterClientServer.cxx
  CS Wrapping - generating vtkImageContinuousDilate3DClientServer.cxx
  CS Wrapping - generating vtkImageContinuousErode3DClientServer.cxx
  CS Wrapping - generating vtkImageDilateErode3DClientServer.cxx
  CS Wrapping - generating vtkImageIslandRemoval2DClientServer.cxx
  CS Wrapping - generating vtkImageNonMaximumSuppressionClientServer.cxx
  CS Wrapping - generating vtkImageOpenClose3DClientServer.cxx
  CS Wrapping - generating vtkImageSeedConnectivityClientServer.cxx
  CS Wrapping - generating vtkImageSkeleton2DClientServer.cxx
  CS Wrapping - generating vtkImageThresholdConnectivityClientServer.cxx
  vtkImageConnectorClientServer.cxx
  vtkImageConnectivityFilterClientServer.cxx
  vtkImageContinuousDilate3DClientServer.cxx
  vtkImageContinuousErode3DClientServer.cxx
  vtkImageDilateErode3DClientServer.cxx
  vtkImageIslandRemoval2DClientServer.cxx
  vtkImageNonMaximumSuppressionClientServer.cxx
  vtkImageOpenClose3DClientServer.cxx
  vtkImageSeedConnectivityClientServer.cxx
  vtkImageSkeleton2DClientServer.cxx
  vtkImageThresholdConnectivityClientServer.cxx
  vtkImagingMorphologicalCSInit.cxx
  Generating Code...
  vtkImagingMorphologicalCS.vcxproj -> C:\Users\vr\Desktop\ParaView-v5.3.0-VR\build\lib\Debug\vtkImagingMorphologicalCS-pv5.3.lib
