  Building Custom Rule C:/Users/vr/Desktop/ParaView-v5.3.0-VR/src/VTK/Utilities/KWSys/vtksys/CMakeLists.txt
  CMake does not need to re-run because C:/Users/vr/Desktop/ParaView-v5.3.0-VR/build/VTK/Utilities/KWSys/vtksys/CMakeFiles/generate.stamp is up-to-date.
  ProcessWin32.c
  Base64.c
  MD5.c
  Generating Code...
  EncodingC.c
  System.c
  Directory.cxx
  Glob.cxx
  RegularExpression.cxx
  CommandLineArguments.cxx
  FStream.cxx
  Generating Code...
  DynamicLoader.cxx
  EncodingCXX.cxx
  SystemTools.cxx
  SystemInformation.cxx
     Creating library C:/Users/vr/Desktop/ParaView-v5.3.0-VR/build/lib/Debug/vtksys-pv5.3.lib and object C:/Users/vr/Desktop/ParaView-v5.3.0-VR/build/lib/Debug/vtksys-pv5.3.exp
  vtksys.vcxproj -> C:\Users\vr\Desktop\ParaView-v5.3.0-VR\build\bin\Debug\vtksys-pv5.3.dll
