Build started 09/05/2017 13:36:56.
     1>Project "F:\Documents\Universita\Erasmus\Thesis\vrinterface\build\VTK\vtkCompileTools.vcxproj" on node 3 (Build target(s)).
     1>Building with tools version "14.0".
     1>Target "_CheckForInvalidConfigurationAndPlatform" in file "C:\Program Files (x86)\MSBuild\14.0\bin\Microsoft.Common.CurrentVersion.targets" from project "F:\Documents\Universita\Erasmus\Thesis\vrinterface\build\VTK\vtkCompileTools.vcxproj" (entry point):
       Task "Error" skipped, due to false condition; ( '$(_InvalidConfigurationError)' == 'true' ) was evaluated as ( '' == 'true' ).
       Task "Warning" skipped, due to false condition; ( '$(_InvalidConfigurationWarning)' == 'true' ) was evaluated as ( '' == 'true' ).
       Task "Message"
         Configuration=Debug
       Done executing task "Message".
       Task "Message"
         Platform=x64
       Done executing task "Message".
       Task "Error" skipped, due to false condition; ('$(OutDir)' != '' and !HasTrailingSlash('$(OutDir)')) was evaluated as ('F:\Documents\Universita\Erasmus\Thesis\vrinterface\build\x64\Debug\' != '' and !HasTrailingSlash('F:\Documents\Universita\Erasmus\Thesis\vrinterface\build\x64\Debug\')).
       Task "Error" skipped, due to false condition; ('$(BaseIntermediateOutputPath)' != '' and !HasTrailingSlash('$(BaseIntermediateOutputPath)')) was evaluated as ('obj\' != '' and !HasTrailingSlash('obj\')).
       Task "Error" skipped, due to false condition; ('$(IntermediateOutputPath)' != '' and !HasTrailingSlash('$(IntermediateOutputPath)')) was evaluated as ('x64\Debug\vtkCompileTools\' != '' and !HasTrailingSlash('x64\Debug\vtkCompileTools\')).
     1>Done building target "_CheckForInvalidConfigurationAndPlatform" in project "vtkCompileTools.vcxproj".
     1>Target "_PrepareForBuild" in file "C:\Program Files (x86)\MSBuild\Microsoft.Cpp\v4.0\V140\Microsoft.BuildSteps.Targets" from project "F:\Documents\Universita\Erasmus\Thesis\vrinterface\build\VTK\vtkCompileTools.vcxproj" (target "Build" depends on it):
       Task "CreateItem" skipped, due to false condition; ('%(CustomBuild.IncludeFileToTool)'!='') was evaluated as (''!='').
     1>Done building target "_PrepareForBuild" in project "vtkCompileTools.vcxproj".
     1>Target "_PrepareForReferenceResolution" in file "C:\Program Files (x86)\MSBuild\Microsoft.Cpp\v4.0\V140\Microsoft.CppBuild.targets" from project "F:\Documents\Universita\Erasmus\Thesis\vrinterface\build\VTK\vtkCompileTools.vcxproj" (target "ResolveReferences" depends on it):
       Task "Message" skipped, due to false condition; ('$(_REFERENCE_DEBUG)'=='true') was evaluated as (''=='true').
     1>Done building target "_PrepareForReferenceResolution" in project "vtkCompileTools.vcxproj".
       Target "ComputeCrtSDKReference" skipped, due to false condition; ('@(ClCompile)'!='' and '$(WindowsAppContainer)'=='true' and '$(UseCrtSDKReference)' != 'false') was evaluated as (''!='' and 'false'=='true' and '' != 'false').
     1>Target "BeforeResolveReferences" in file "C:\Program Files (x86)\MSBuild\14.0\bin\Microsoft.Common.CurrentVersion.targets" from project "F:\Documents\Universita\Erasmus\Thesis\vrinterface\build\VTK\vtkCompileTools.vcxproj" (target "ResolveReferences" depends on it):
     1>Done building target "BeforeResolveReferences" in project "vtkCompileTools.vcxproj".
     1>Target "AssignProjectConfiguration" in file "C:\Program Files (x86)\MSBuild\14.0\bin\Microsoft.Common.CurrentVersion.targets" from project "F:\Documents\Universita\Erasmus\Thesis\vrinterface\build\VTK\vtkCompileTools.vcxproj" (target "ResolveReferences" depends on it):
       Task "AssignProjectConfiguration"
         Project reference "C:\Users\vr\Desktop\ParaView-v5.3.0-VR\build\ZERO_CHECK.vcxproj" has not been resolved.
         Project reference "C:\Users\vr\Desktop\ParaView-v5.3.0-VR\build\Utilities\ProcessXML\kwProcessXML.vcxproj" has not been resolved.
         Project reference "C:\Users\vr\Desktop\ParaView-v5.3.0-VR\build\ThirdParty\protobuf\vtkprotobuf\src\protoc_compiler.vcxproj" has not been resolved.
         Project reference "C:\Users\vr\Desktop\ParaView-v5.3.0-VR\build\VTK\Utilities\EncodeString\vtkEncodeString.vcxproj" has not been resolved.
         Project reference "C:\Users\vr\Desktop\ParaView-v5.3.0-VR\build\VTK\Utilities\HashSource\vtkHashSource.vcxproj" has not been resolved.
         Project reference "C:\Users\vr\Desktop\ParaView-v5.3.0-VR\build\VTK\Wrapping\Tools\vtkParseJava.vcxproj" has not been resolved.
         Project reference "C:\Users\vr\Desktop\ParaView-v5.3.0-VR\build\Utilities\WrapClientServer\vtkWrapClientServer.vcxproj" has not been resolved.
         Project reference "C:\Users\vr\Desktop\ParaView-v5.3.0-VR\build\VTK\Wrapping\Tools\vtkWrapHierarchy.vcxproj" has not been resolved.
         Project reference "C:\Users\vr\Desktop\ParaView-v5.3.0-VR\build\VTK\Wrapping\Tools\vtkWrapJava.vcxproj" has not been resolved.
         Project reference "C:\Users\vr\Desktop\ParaView-v5.3.0-VR\build\VTK\Wrapping\Tools\vtkWrapPython.vcxproj" has not been resolved.
         Project reference "C:\Users\vr\Desktop\ParaView-v5.3.0-VR\build\VTK\Wrapping\Tools\vtkWrapPythonInit.vcxproj" has not been resolved.
         Project reference "C:\Users\vr\Desktop\ParaView-v5.3.0-VR\build\VTK\Wrapping\Tools\vtkWrapTcl.vcxproj" has not been resolved.
         Project reference "C:\Users\vr\Desktop\ParaView-v5.3.0-VR\build\VTK\Wrapping\Tools\vtkWrapTclInit.vcxproj" has not been resolved.
       Done executing task "AssignProjectConfiguration".
     1>Done building target "AssignProjectConfiguration" in project "vtkCompileTools.vcxproj".
       Target "AssignProjectConfiguration" skipped. Previously built successfully.
     1>Target "_SplitProjectReferencesByFileExistence" in file "C:\Program Files (x86)\MSBuild\14.0\bin\Microsoft.Common.CurrentVersion.targets" from project "F:\Documents\Universita\Erasmus\Thesis\vrinterface\build\VTK\vtkCompileTools.vcxproj" (target "ResolveProjectReferences" depends on it):
       Task "ResolveNonMSBuildProjectOutput"
         Resolving project reference "C:\Users\vr\Desktop\ParaView-v5.3.0-VR\build\ZERO_CHECK.vcxproj".
         Project reference "C:\Users\vr\Desktop\ParaView-v5.3.0-VR\build\ZERO_CHECK.vcxproj" has not been resolved.
         Resolving project reference "C:\Users\vr\Desktop\ParaView-v5.3.0-VR\build\Utilities\ProcessXML\kwProcessXML.vcxproj".
         Project reference "C:\Users\vr\Desktop\ParaView-v5.3.0-VR\build\Utilities\ProcessXML\kwProcessXML.vcxproj" has not been resolved.
         Resolving project reference "C:\Users\vr\Desktop\ParaView-v5.3.0-VR\build\ThirdParty\protobuf\vtkprotobuf\src\protoc_compiler.vcxproj".
         Project reference "C:\Users\vr\Desktop\ParaView-v5.3.0-VR\build\ThirdParty\protobuf\vtkprotobuf\src\protoc_compiler.vcxproj" has not been resolved.
         Resolving project reference "C:\Users\vr\Desktop\ParaView-v5.3.0-VR\build\VTK\Utilities\EncodeString\vtkEncodeString.vcxproj".
         Project reference "C:\Users\vr\Desktop\ParaView-v5.3.0-VR\build\VTK\Utilities\EncodeString\vtkEncodeString.vcxproj" has not been resolved.
         Resolving project reference "C:\Users\vr\Desktop\ParaView-v5.3.0-VR\build\VTK\Utilities\HashSource\vtkHashSource.vcxproj".
         Project reference "C:\Users\vr\Desktop\ParaView-v5.3.0-VR\build\VTK\Utilities\HashSource\vtkHashSource.vcxproj" has not been resolved.
         Resolving project reference "C:\Users\vr\Desktop\ParaView-v5.3.0-VR\build\VTK\Wrapping\Tools\vtkParseJava.vcxproj".
         Project reference "C:\Users\vr\Desktop\ParaView-v5.3.0-VR\build\VTK\Wrapping\Tools\vtkParseJava.vcxproj" has not been resolved.
         Resolving project reference "C:\Users\vr\Desktop\ParaView-v5.3.0-VR\build\Utilities\WrapClientServer\vtkWrapClientServer.vcxproj".
         Project reference "C:\Users\vr\Desktop\ParaView-v5.3.0-VR\build\Utilities\WrapClientServer\vtkWrapClientServer.vcxproj" has not been resolved.
         Resolving project reference "C:\Users\vr\Desktop\ParaView-v5.3.0-VR\build\VTK\Wrapping\Tools\vtkWrapHierarchy.vcxproj".
         Project reference "C:\Users\vr\Desktop\ParaView-v5.3.0-VR\build\VTK\Wrapping\Tools\vtkWrapHierarchy.vcxproj" has not been resolved.
         Resolving project reference "C:\Users\vr\Desktop\ParaView-v5.3.0-VR\build\VTK\Wrapping\Tools\vtkWrapJava.vcxproj".
         Project reference "C:\Users\vr\Desktop\ParaView-v5.3.0-VR\build\VTK\Wrapping\Tools\vtkWrapJava.vcxproj" has not been resolved.
         Resolving project reference "C:\Users\vr\Desktop\ParaView-v5.3.0-VR\build\VTK\Wrapping\Tools\vtkWrapPython.vcxproj".
         Project reference "C:\Users\vr\Desktop\ParaView-v5.3.0-VR\build\VTK\Wrapping\Tools\vtkWrapPython.vcxproj" has not been resolved.
         Resolving project reference "C:\Users\vr\Desktop\ParaView-v5.3.0-VR\build\VTK\Wrapping\Tools\vtkWrapPythonInit.vcxproj".
         Project reference "C:\Users\vr\Desktop\ParaView-v5.3.0-VR\build\VTK\Wrapping\Tools\vtkWrapPythonInit.vcxproj" has not been resolved.
         Resolving project reference "C:\Users\vr\Desktop\ParaView-v5.3.0-VR\build\VTK\Wrapping\Tools\vtkWrapTcl.vcxproj".
         Project reference "C:\Users\vr\Desktop\ParaView-v5.3.0-VR\build\VTK\Wrapping\Tools\vtkWrapTcl.vcxproj" has not been resolved.
         Resolving project reference "C:\Users\vr\Desktop\ParaView-v5.3.0-VR\build\VTK\Wrapping\Tools\vtkWrapTclInit.vcxproj".
         Project reference "C:\Users\vr\Desktop\ParaView-v5.3.0-VR\build\VTK\Wrapping\Tools\vtkWrapTclInit.vcxproj" has not been resolved.
       Done executing task "ResolveNonMSBuildProjectOutput".
     1>Done building target "_SplitProjectReferencesByFileExistence" in project "vtkCompileTools.vcxproj".
     1>Target "_RemoveNameMetadataFromProjectReferenceItems" in file "C:\Program Files (x86)\MSBuild\Microsoft.Cpp\v4.0\V140\Microsoft.CppBuild.targets" from project "F:\Documents\Universita\Erasmus\Thesis\vrinterface\build\VTK\vtkCompileTools.vcxproj" (target "ResolveProjectReferences" depends on it):
     1>Done building target "_RemoveNameMetadataFromProjectReferenceItems" in project "vtkCompileTools.vcxproj".
     1>Target "ResolveProjectReferences" in file "C:\Program Files (x86)\MSBuild\14.0\bin\Microsoft.Common.CurrentVersion.targets" from project "F:\Documents\Universita\Erasmus\Thesis\vrinterface\build\VTK\vtkCompileTools.vcxproj" (target "ResolveReferences" depends on it):
       Task "MSBuild" skipped, due to false condition; ('%(_MSBuildProjectReferenceExistent.BuildReference)' == 'true' and '@(ProjectReferenceWithConfiguration)' != '' and ('$(BuildingInsideVisualStudio)' == 'true' or '$(BuildProjectReferences)' != 'true') and '$(VisualStudioVersion)' != '10.0' and '@(_MSBuildProjectReferenceExistent)' != '') was evaluated as ('' == 'true' and 'C:\Users\vr\Desktop\ParaView-v5.3.0-VR\build\ZERO_CHECK.vcxproj;C:\Users\vr\Desktop\ParaView-v5.3.0-VR\build\Utilities\ProcessXML\kwProcessXML.vcxproj;C:\Users\vr\Desktop\ParaView-v5.3.0-VR\build\ThirdParty\protobuf\vtkprotobuf\src\protoc_compiler.vcxproj;C:\Users\vr\Desktop\ParaView-v5.3.0-VR\build\VTK\Utilities\EncodeString\vtkEncodeString.vcxproj;C:\Users\vr\Desktop\ParaView-v5.3.0-VR\build\VTK\Utilities\HashSource\vtkHashSource.vcxproj;C:\Users\vr\Desktop\ParaView-v5.3.0-VR\build\VTK\Wrapping\Tools\vtkParseJava.vcxproj;C:\Users\vr\Desktop\ParaView-v5.3.0-VR\build\Utilities\WrapClientServer\vtkWrapClientServer.vcxproj;C:\Users\vr\Desktop\ParaView-v5.3.0-VR\build\VTK\Wrapping\Tools\vtkWrapHierarchy.vcxproj;C:\Users\vr\Desktop\ParaView-v5.3.0-VR\build\VTK\Wrapping\Tools\vtkWrapJava.vcxproj;C:\Users\vr\Desktop\ParaView-v5.3.0-VR\build\VTK\Wrapping\Tools\vtkWrapPython.vcxproj;C:\Users\vr\Desktop\ParaView-v5.3.0-VR\build\VTK\Wrapping\Tools\vtkWrapPythonInit.vcxproj;C:\Users\vr\Desktop\ParaView-v5.3.0-VR\build\VTK\Wrapping\Tools\vtkWrapTcl.vcxproj;C:\Users\vr\Desktop\ParaView-v5.3.0-VR\build\VTK\Wrapping\Tools\vtkWrapTclInit.vcxproj' != '' and ('true' == 'true' or 'true' != 'true') and '14.0' != '10.0' and '' != '').
       Task "MSBuild" skipped, due to false condition; ('%(_MSBuildProjectReferenceExistent.BuildReference)' == 'true' and '@(ProjectReferenceWithConfiguration)' != '' and ('$(BuildingInsideVisualStudio)' == 'true' or '$(BuildProjectReferences)' != 'true') and '$(VisualStudioVersion)' == '10.0' and '@(_MSBuildProjectReferenceExistent)' != '') was evaluated as ('' == 'true' and 'C:\Users\vr\Desktop\ParaView-v5.3.0-VR\build\ZERO_CHECK.vcxproj;C:\Users\vr\Desktop\ParaView-v5.3.0-VR\build\Utilities\ProcessXML\kwProcessXML.vcxproj;C:\Users\vr\Desktop\ParaView-v5.3.0-VR\build\ThirdParty\protobuf\vtkprotobuf\src\protoc_compiler.vcxproj;C:\Users\vr\Desktop\ParaView-v5.3.0-VR\build\VTK\Utilities\EncodeString\vtkEncodeString.vcxproj;C:\Users\vr\Desktop\ParaView-v5.3.0-VR\build\VTK\Utilities\HashSource\vtkHashSource.vcxproj;C:\Users\vr\Desktop\ParaView-v5.3.0-VR\build\VTK\Wrapping\Tools\vtkParseJava.vcxproj;C:\Users\vr\Desktop\ParaView-v5.3.0-VR\build\Utilities\WrapClientServer\vtkWrapClientServer.vcxproj;C:\Users\vr\Desktop\ParaView-v5.3.0-VR\build\VTK\Wrapping\Tools\vtkWrapHierarchy.vcxproj;C:\Users\vr\Desktop\ParaView-v5.3.0-VR\build\VTK\Wrapping\Tools\vtkWrapJava.vcxproj;C:\Users\vr\Desktop\ParaView-v5.3.0-VR\build\VTK\Wrapping\Tools\vtkWrapPython.vcxproj;C:\Users\vr\Desktop\ParaView-v5.3.0-VR\build\VTK\Wrapping\Tools\vtkWrapPythonInit.vcxproj;C:\Users\vr\Desktop\ParaView-v5.3.0-VR\build\VTK\Wrapping\Tools\vtkWrapTcl.vcxproj;C:\Users\vr\Desktop\ParaView-v5.3.0-VR\build\VTK\Wrapping\Tools\vtkWrapTclInit.vcxproj' != '' and ('true' == 'true' or 'true' != 'true') and '14.0' == '10.0' and '' != '').
       Task "MSBuild" skipped, due to false condition; ('%(_MSBuildProjectReferenceExistent.BuildReference)' == 'true' and '@(ProjectReferenceWithConfiguration)' != '' and '$(BuildingInsideVisualStudio)' != 'true' and '$(BuildProjectReferences)' == 'true' and '@(_MSBuildProjectReferenceExistent)' != '') was evaluated as ('' == 'true' and 'C:\Users\vr\Desktop\ParaView-v5.3.0-VR\build\ZERO_CHECK.vcxproj;C:\Users\vr\Desktop\ParaView-v5.3.0-VR\build\Utilities\ProcessXML\kwProcessXML.vcxproj;C:\Users\vr\Desktop\ParaView-v5.3.0-VR\build\ThirdParty\protobuf\vtkprotobuf\src\protoc_compiler.vcxproj;C:\Users\vr\Desktop\ParaView-v5.3.0-VR\build\VTK\Utilities\EncodeString\vtkEncodeString.vcxproj;C:\Users\vr\Desktop\ParaView-v5.3.0-VR\build\VTK\Utilities\HashSource\vtkHashSource.vcxproj;C:\Users\vr\Desktop\ParaView-v5.3.0-VR\build\VTK\Wrapping\Tools\vtkParseJava.vcxproj;C:\Users\vr\Desktop\ParaView-v5.3.0-VR\build\Utilities\WrapClientServer\vtkWrapClientServer.vcxproj;C:\Users\vr\Desktop\ParaView-v5.3.0-VR\build\VTK\Wrapping\Tools\vtkWrapHierarchy.vcxproj;C:\Users\vr\Desktop\ParaView-v5.3.0-VR\build\VTK\Wrapping\Tools\vtkWrapJava.vcxproj;C:\Users\vr\Desktop\ParaView-v5.3.0-VR\build\VTK\Wrapping\Tools\vtkWrapPython.vcxproj;C:\Users\vr\Desktop\ParaView-v5.3.0-VR\build\VTK\Wrapping\Tools\vtkWrapPythonInit.vcxproj;C:\Users\vr\Desktop\ParaView-v5.3.0-VR\build\VTK\Wrapping\Tools\vtkWrapTcl.vcxproj;C:\Users\vr\Desktop\ParaView-v5.3.0-VR\build\VTK\Wrapping\Tools\vtkWrapTclInit.vcxproj' != '' and 'true' != 'true' and 'true' == 'true' and '' != '').
       Task "MSBuild" skipped, due to false condition; ('%(_MSBuildProjectReferenceExistent.BuildReference)' == 'true' and '@(ProjectReferenceWithConfiguration)' != '' and '$(BuildingProject)' == 'true' and '@(_MSBuildProjectReferenceExistent)' != '') was evaluated as ('' == 'true' and 'C:\Users\vr\Desktop\ParaView-v5.3.0-VR\build\ZERO_CHECK.vcxproj;C:\Users\vr\Desktop\ParaView-v5.3.0-VR\build\Utilities\ProcessXML\kwProcessXML.vcxproj;C:\Users\vr\Desktop\ParaView-v5.3.0-VR\build\ThirdParty\protobuf\vtkprotobuf\src\protoc_compiler.vcxproj;C:\Users\vr\Desktop\ParaView-v5.3.0-VR\build\VTK\Utilities\EncodeString\vtkEncodeString.vcxproj;C:\Users\vr\Desktop\ParaView-v5.3.0-VR\build\VTK\Utilities\HashSource\vtkHashSource.vcxproj;C:\Users\vr\Desktop\ParaView-v5.3.0-VR\build\VTK\Wrapping\Tools\vtkParseJava.vcxproj;C:\Users\vr\Desktop\ParaView-v5.3.0-VR\build\Utilities\WrapClientServer\vtkWrapClientServer.vcxproj;C:\Users\vr\Desktop\ParaView-v5.3.0-VR\build\VTK\Wrapping\Tools\vtkWrapHierarchy.vcxproj;C:\Users\vr\Desktop\ParaView-v5.3.0-VR\build\VTK\Wrapping\Tools\vtkWrapJava.vcxproj;C:\Users\vr\Desktop\ParaView-v5.3.0-VR\build\VTK\Wrapping\Tools\vtkWrapPython.vcxproj;C:\Users\vr\Desktop\ParaView-v5.3.0-VR\build\VTK\Wrapping\Tools\vtkWrapPythonInit.vcxproj;C:\Users\vr\Desktop\ParaView-v5.3.0-VR\build\VTK\Wrapping\Tools\vtkWrapTcl.vcxproj;C:\Users\vr\Desktop\ParaView-v5.3.0-VR\build\VTK\Wrapping\Tools\vtkWrapTclInit.vcxproj' != '' and 'true' == 'true' and '' != '').
       Task "Warning"
     1>C:\Program Files (x86)\MSBuild\14.0\bin\Microsoft.Common.CurrentVersion.targets(1611,5): warning : The referenced project 'C:\Users\vr\Desktop\ParaView-v5.3.0-VR\build\ZERO_CHECK.vcxproj' does not exist.
       Done executing task "Warning".
       Task "Warning"
     1>C:\Program Files (x86)\MSBuild\14.0\bin\Microsoft.Common.CurrentVersion.targets(1611,5): warning : The referenced project 'C:\Users\vr\Desktop\ParaView-v5.3.0-VR\build\Utilities\ProcessXML\kwProcessXML.vcxproj' does not exist.
       Done executing task "Warning".
       Task "Warning"
     1>C:\Program Files (x86)\MSBuild\14.0\bin\Microsoft.Common.CurrentVersion.targets(1611,5): warning : The referenced project 'C:\Users\vr\Desktop\ParaView-v5.3.0-VR\build\ThirdParty\protobuf\vtkprotobuf\src\protoc_compiler.vcxproj' does not exist.
       Done executing task "Warning".
       Task "Warning"
     1>C:\Program Files (x86)\MSBuild\14.0\bin\Microsoft.Common.CurrentVersion.targets(1611,5): warning : The referenced project 'C:\Users\vr\Desktop\ParaView-v5.3.0-VR\build\VTK\Utilities\EncodeString\vtkEncodeString.vcxproj' does not exist.
       Done executing task "Warning".
       Task "Warning"
     1>C:\Program Files (x86)\MSBuild\14.0\bin\Microsoft.Common.CurrentVersion.targets(1611,5): warning : The referenced project 'C:\Users\vr\Desktop\ParaView-v5.3.0-VR\build\VTK\Utilities\HashSource\vtkHashSource.vcxproj' does not exist.
       Done executing task "Warning".
       Task "Warning"
     1>C:\Program Files (x86)\MSBuild\14.0\bin\Microsoft.Common.CurrentVersion.targets(1611,5): warning : The referenced project 'C:\Users\vr\Desktop\ParaView-v5.3.0-VR\build\VTK\Wrapping\Tools\vtkParseJava.vcxproj' does not exist.
       Done executing task "Warning".
       Task "Warning"
     1>C:\Program Files (x86)\MSBuild\14.0\bin\Microsoft.Common.CurrentVersion.targets(1611,5): warning : The referenced project 'C:\Users\vr\Desktop\ParaView-v5.3.0-VR\build\Utilities\WrapClientServer\vtkWrapClientServer.vcxproj' does not exist.
       Done executing task "Warning".
       Task "Warning"
     1>C:\Program Files (x86)\MSBuild\14.0\bin\Microsoft.Common.CurrentVersion.targets(1611,5): warning : The referenced project 'C:\Users\vr\Desktop\ParaView-v5.3.0-VR\build\VTK\Wrapping\Tools\vtkWrapHierarchy.vcxproj' does not exist.
       Done executing task "Warning".
       Task "Warning"
     1>C:\Program Files (x86)\MSBuild\14.0\bin\Microsoft.Common.CurrentVersion.targets(1611,5): warning : The referenced project 'C:\Users\vr\Desktop\ParaView-v5.3.0-VR\build\VTK\Wrapping\Tools\vtkWrapJava.vcxproj' does not exist.
       Done executing task "Warning".
       Task "Warning"
     1>C:\Program Files (x86)\MSBuild\14.0\bin\Microsoft.Common.CurrentVersion.targets(1611,5): warning : The referenced project 'C:\Users\vr\Desktop\ParaView-v5.3.0-VR\build\VTK\Wrapping\Tools\vtkWrapPython.vcxproj' does not exist.
       Done executing task "Warning".
       Task "Warning"
     1>C:\Program Files (x86)\MSBuild\14.0\bin\Microsoft.Common.CurrentVersion.targets(1611,5): warning : The referenced project 'C:\Users\vr\Desktop\ParaView-v5.3.0-VR\build\VTK\Wrapping\Tools\vtkWrapPythonInit.vcxproj' does not exist.
       Done executing task "Warning".
       Task "Warning"
     1>C:\Program Files (x86)\MSBuild\14.0\bin\Microsoft.Common.CurrentVersion.targets(1611,5): warning : The referenced project 'C:\Users\vr\Desktop\ParaView-v5.3.0-VR\build\VTK\Wrapping\Tools\vtkWrapTcl.vcxproj' does not exist.
       Done executing task "Warning".
       Task "Warning"
     1>C:\Program Files (x86)\MSBuild\14.0\bin\Microsoft.Common.CurrentVersion.targets(1611,5): warning : The referenced project 'C:\Users\vr\Desktop\ParaView-v5.3.0-VR\build\VTK\Wrapping\Tools\vtkWrapTclInit.vcxproj' does not exist.
       Done executing task "Warning".
     1>Done building target "ResolveProjectReferences" in project "vtkCompileTools.vcxproj".
       Target "FindInvalidProjectReferences" skipped, due to false condition; ('$(FindInvalidProjectReferences)' == 'true') was evaluated as ('' == 'true').
       Target "ResolveNativeReferences" skipped, due to false condition; ('@(NativeReference)'!='') was evaluated as (''!='').
       Target "_PrepareForReferenceResolution" skipped. Previously built successfully.
     1>Target "GetFrameworkPaths" in file "C:\Program Files (x86)\MSBuild\14.0\bin\Microsoft.NetFramework.CurrentVersion.targets" from project "F:\Documents\Universita\Erasmus\Thesis\vrinterface\build\VTK\vtkCompileTools.vcxproj" (target "ResolveAssemblyReferences" depends on it):
     1>Done building target "GetFrameworkPaths" in project "vtkCompileTools.vcxproj".
       Target "GetWinFXPath" skipped, due to false condition; (('@(Page)' != '' or '@(ApplicationDefinition)' != '' or '@(Resource)' != '') and ('$(GetWinFXNativePath)' != '' or '$(GetWinFXWoWPath)' != '' )) was evaluated as (('' != '' or '' != '' or '' != '') and ('' != '' or '' != '' )).
     1>Target "GetReferenceAssemblyPaths" in file "C:\Program Files (x86)\MSBuild\14.0\bin\Microsoft.Common.CurrentVersion.targets" from project "F:\Documents\Universita\Erasmus\Thesis\vrinterface\build\VTK\vtkCompileTools.vcxproj" (target "ResolveAssemblyReferences" depends on it):
       Task "GetReferenceAssemblyPaths" skipped, due to false condition; ('$(TargetFrameworkMoniker)' != '' and ('$(_TargetFrameworkDirectories)' == '' or '$(_FullFrameworkReferenceAssemblyPaths)' == '')) was evaluated as ('' != '' and ('C:\Program Files (x86)\Reference Assemblies\Microsoft\Framework\.NETFramework\v4.0' == '' or 'C:\Program Files (x86)\Reference Assemblies\Microsoft\Framework\.NETFramework\v4.0' == '')).
     1>Done building target "GetReferenceAssemblyPaths" in project "vtkCompileTools.vcxproj".
     1>Target "SetBuildDefaultEnvironmentVariables" in file "C:\Program Files (x86)\MSBuild\Microsoft.Cpp\v4.0\V140\Microsoft.Cpp.Current.targets" from project "F:\Documents\Universita\Erasmus\Thesis\vrinterface\build\VTK\vtkCompileTools.vcxproj" (target "PrepareForBuild" depends on it):
       Using "SetEnv" task from assembly "C:\Program Files (x86)\MSBuild\Microsoft.Cpp\v4.0\V140\Microsoft.Build.CppTasks.Common.dll".
       Task "SetEnv"
         PATH=C:\Program Files (x86)\Microsoft Visual Studio 14.0\VC\bin\x86_amd64;C:\Program Files (x86)\Microsoft Visual Studio 14.0\VC\bin;C:\Program Files (x86)\Windows Kits\8.1\bin\x86;;C:\Program Files (x86)\Microsoft SDKs\Windows\v10.0A\bin\NETFX 4.6.1 Tools;C:\Program Files (x86)\Microsoft Visual Studio 14.0\Common7\tools;C:\Program Files (x86)\Microsoft Visual Studio 14.0\Common7\ide;C:\Program Files (x86)\HTML Help Workshop;;C:\Program Files (x86)\MSBuild\14.0\bin\;C:\WINDOWS\Microsoft.NET\Framework\v4.0.30319\;;C:\Program Files (x86)\Microsoft Visual Studio 14.0\Common7\IDE\CommonExtensions\Microsoft\TeamFoundation\Team Explorer\NativeBinaries\x86;C:\Program Files\Microsoft MPI\Bin\;C:\Program Files (x86)\Common Files\Intel\Shared Libraries\redist\intel64\compiler;C:\Program Files\NVIDIA GPU Computing Toolkit\CUDA\v8.0\bin;C:\Program Files\NVIDIA GPU Computing Toolkit\CUDA\v8.0\libnvvp;C:\Users\Lord\AppData\Local\Programs\Python\Python2711\;C:\Users\Lord\AppData\Local\Programs\Python\Python2711\Scripts;c:\programdata\oracle\java\javapath;c:\windows\system32;c:\windows;c:\windows\system32\wbem;c:\windows\system32\windowspowershell\v1.0\;c:\program files\calibre2\;c:\program files\miktex 2.9\miktex\bin\x64\;c:\program files (x86)\quicktime\qtsystem\;C:\Program Files (x86)\NVIDIA Corporation\PhysX\Common;C:\Android;C:\Windows\System32;C:\Users\Lord\AppData\Local\Programs\Python\Python35\Scripts\;C:\Users\Lord\AppData\Local\Programs\Python\Python35\;C:\Program Files\Java\jdk1.8.0_65\bin\;C:\adb;C:\Program Files\Common Files\Autodesk Shared\;C:\WINDOWS\system32;C:\WINDOWS;C:\WINDOWS\System32\Wbem;C:\WINDOWS\System32\WindowsPowerShell\v1.0\;C:\Program Files\gnuplot\bin;C:\Program Files\Microsoft SQL Server\130\Tools\Binn\;C:\Program Files\Microsoft DNX\Dnvm\;C:\Program Files (x86)\Windows Kits\8.1\Windows Performance Toolkit\;C:\Program Files\OpenVPN\bin;C:\Program Files (x86)\Skype\Phone\;C:\Program Files (x86)\Brackets\command;C:\WINDOWS\system32;C:\WINDOWS;C:\WINDOWS\System32\Wbem;C:\WINDOWS\System32\WindowsPowerShell\v1.0\;C:\Program Files\Git\cmd;C:\Program Files\CMake\bin;C:\Qt\5.8\msvc2015_64\bin;C:\Program Files\Intel\WiFi\bin\;C:\Program Files\Common Files\Intel\WirelessCommon\;C:\Users\Lord\scoop\shims;C:\Users\Lord\AppData\Local\Programs\Python\Python35\Scripts\;C:\Users\Lord\AppData\Local\Programs\Python\Python35\;C:\Program Files\Java\jdk1.8.0_65\bin\;C:\Program Files\Intel\WiFi\bin\;C:\Program Files\Common Files\Intel\WirelessCommon\;C:\Program Files (x86)\php;C:\Users\Lord\AppData\Local\Microsoft\WindowsApps;C:\Program Files\emacs\bin\;C:\Program Files\Microsoft MPI\Bin\;C:\Users\Lord\AppData\Local\Microsoft\WindowsApps;;
       Done executing task "SetEnv".
       Task "SetEnv"
         LIB=C:\Program Files (x86)\Microsoft Visual Studio 14.0\VC\lib\amd64;;C:\Program Files (x86)\Microsoft Visual Studio 14.0\VC\atlmfc\lib\amd64;;C:\Program Files (x86)\Windows Kits\10\lib\10.0.10240.0\ucrt\x64;;;C:\Program Files (x86)\Windows Kits\8.1\lib\winv6.3\um\x64;;C:\Program Files (x86)\Windows Kits\NETFXSDK\4.6.1\Lib\um\x64
       Done executing task "SetEnv".
       Task "SetEnv"
         LIBPATH=C:\Program Files (x86)\Microsoft Visual Studio 14.0\VC\atlmfc\lib\amd64;;C:\Program Files (x86)\Microsoft Visual Studio 14.0\VC\lib\amd64;
       Done executing task "SetEnv".
       Task "SetEnv"
         INCLUDE=C:\Program Files (x86)\Microsoft Visual Studio 14.0\VC\include;;C:\Program Files (x86)\Microsoft Visual Studio 14.0\VC\atlmfc\include;;C:\Program Files (x86)\Windows Kits\10\Include\10.0.10240.0\ucrt;;;C:\Program Files (x86)\Windows Kits\8.1\Include\um;C:\Program Files (x86)\Windows Kits\8.1\Include\shared;C:\Program Files (x86)\Windows Kits\8.1\Include\winrt;;
       Done executing task "SetEnv".
     1>Done building target "SetBuildDefaultEnvironmentVariables" in project "vtkCompileTools.vcxproj".
       Target "SetUserMacroEnvironmentVariables" skipped, due to false condition; ('@(BuildMacro)' != '' and '$(DesignTimeBuild)' != 'true') was evaluated as ('' != '' and '' != 'true').
     1>Target "GetResolvedWinMD" in file "C:\Program Files (x86)\MSBuild\Microsoft.Cpp\v4.0\V140\Microsoft.CppBuild.targets" from project "F:\Documents\Universita\Erasmus\Thesis\vrinterface\build\VTK\vtkCompileTools.vcxproj" (target "PrepareForBuild" depends on it):
     1>Done building target "GetResolvedWinMD" in project "vtkCompileTools.vcxproj".
     1>Target "PlatformPrepareForBuild" in file "C:\Program Files (x86)\MSBuild\Microsoft.Cpp\v4.0\V140\Microsoft.Cpp.Platform.targets" from project "F:\Documents\Universita\Erasmus\Thesis\vrinterface\build\VTK\vtkCompileTools.vcxproj" (target "PrepareForBuild" depends on it):
       Task "VCMessage" skipped, due to false condition; ('$(_Error64bitToolsNotInstalled)' == 'true') was evaluated as ('' == 'true').
       Task "VCMessage" skipped, due to false condition; ('$(DesignTimeBuild)'!='true' and '$(_ToolsetFound)' != 'true' and '$(PlatformToolset)' == 'v110') was evaluated as (''!='true' and 'true' != 'true' and 'v140' == 'v110').
       Task "VCMessage" skipped, due to false condition; ('$(DesignTimeBuild)'!='true' and '$(_ToolsetFound)' != 'true' and '$(PlatformToolset)' == 'v100') was evaluated as (''!='true' and 'true' != 'true' and 'v140' == 'v100').
       Task "VCMessage" skipped, due to false condition; ('$(DesignTimeBuild)'!='true' and '$(_ToolsetFound)' != 'true' and '$(PlatformToolset)' == 'v90') was evaluated as (''!='true' and 'true' != 'true' and 'v140' == 'v90').
       Task "VCMessage" skipped, due to false condition; ('$(DesignTimeBuild)'!='true' and '$(_ToolsetFound)' != 'true' and '$(PlatformToolset)' != 'v90' and '$(PlatformToolset)' != 'v100' and '$(PlatformToolset)' != 'v110') was evaluated as (''!='true' and 'true' != 'true' and 'v140' != 'v90' and 'v140' != 'v100' and 'v140' != 'v110').
     1>Done building target "PlatformPrepareForBuild" in project "vtkCompileTools.vcxproj".
     1>Target "Desktop_PlatformPrepareForBuild" in file "C:\Program Files (x86)\MSBuild\Microsoft.Cpp\v4.0\V140\Platforms\x64\PlatformToolsets\v140\Toolset.targets" from project "F:\Documents\Universita\Erasmus\Thesis\vrinterface\build\VTK\vtkCompileTools.vcxproj" (target "PrepareForBuild" depends on it):
       Task "VCMessage" skipped, due to false condition; ($(MissingSDKProps) == 'true') was evaluated as ( == 'true').
     1>Done building target "Desktop_PlatformPrepareForBuild" in project "vtkCompileTools.vcxproj".
       Target "GetFrameworkPaths" skipped. Previously built successfully.
       Target "GetReferenceAssemblyPaths" skipped. Previously built successfully.
       Target "AssignLinkMetadata" skipped, due to false condition; ( '$(SynthesizeLinkMetadata)' == 'true' ) was evaluated as ( '' == 'true' ).
     1>Target "SetCABuildNativeEnvironmentVariables" in file "C:\Program Files (x86)\MSBuild\Microsoft\VisualStudio\v14.0\CodeAnalysis\Microsoft.CodeAnalysis.targets" from project "F:\Documents\Universita\Erasmus\Thesis\vrinterface\build\VTK\vtkCompileTools.vcxproj" (target "PrepareForBuild" depends on it):
       Initializing task factory "CodeTaskFactory" from assembly "C:\Program Files (x86)\MSBuild\14.0\bin\Microsoft.Build.Tasks.Core.dll".
       Using "SetEnvironmentVariable" task from the task factory "Code Task Factory".
       Task "SetEnvironmentVariable"
       Done executing task "SetEnvironmentVariable".
     1>Done building target "SetCABuildNativeEnvironmentVariables" in project "vtkCompileTools.vcxproj".
     1>Target "PrepareForBuild" in file "C:\Program Files (x86)\MSBuild\Microsoft.Cpp\v4.0\V140\Microsoft.CppBuild.targets" from project "F:\Documents\Universita\Erasmus\Thesis\vrinterface\build\VTK\vtkCompileTools.vcxproj" (target "ResolveAssemblyReferences" depends on it):
       Task "VCMessage" skipped, due to false condition; ('$(DesignTimeBuild)' != 'true' and '$(ConfigurationPlatformExists)' != 'true') was evaluated as ('' != 'true' and 'true' != 'true').
       Task "MakeDir"
       Done executing task "MakeDir".
       Task "VCMessage" skipped, due to false condition; ('$(DesignTimeBuild)'!='true' and '$(WindowsAppContainer)'=='true' and '$(ConfigurationType)'!='Application' and '$(ConfigurationType)'!='DynamicLibrary' and '$(ConfigurationType)'!='StaticLibrary') was evaluated as (''!='true' and 'false'=='true' and 'Utility'!='Application' and 'Utility'!='DynamicLibrary' and 'Utility'!='StaticLibrary').
       Task "VCMessage" skipped, due to false condition; ('$(DesignTimeBuild)'!='true' and '$(VCInstallDir)'=='' and '$(UseEnv)' != 'true' and ('$(TargetFrameworkVersion)'=='v3.5' or '$(TargetFrameworkVersion)'=='v3.0' or '$(TargetFrameworkVersion)'=='v2.0' )) was evaluated as (''!='true' and 'C:\Program Files (x86)\Microsoft Visual Studio 14.0\VC\'=='' and '' != 'true' and ('v4.0'=='v3.5' or 'v4.0'=='v3.0' or 'v4.0'=='v2.0' )).
       Task "VCMessage" skipped, due to false condition; ('$(DesignTimeBuild)'!='true' and '$(VCInstallDir)'=='' and '$(UseEnv)' != 'true' and '$(PlatformToolset)'=='v90') was evaluated as (''!='true' and 'C:\Program Files (x86)\Microsoft Visual Studio 14.0\VC\'=='' and '' != 'true' and 'v140'=='v90').
       Task "VCMessage" skipped, due to false condition; ('$(VCInstallDir)'=='' and '$(UseEnv)' != 'true') was evaluated as ('C:\Program Files (x86)\Microsoft Visual Studio 14.0\VC\'=='' and '' != 'true').
       Task "VCMessage" skipped, due to false condition; ('$(WindowsSDKDir)'=='' and '$(UseEnv)' != 'true') was evaluated as ('C:\Program Files (x86)\Windows Kits\8.1\'=='' and '' != 'true').
       Task "VCMessage" skipped, due to false condition; ('$(IntDirTrailingSlashWarning)'=='true') was evaluated as (''=='true').
       Task "VCMessage" skipped, due to false condition; ('$(OutDirTrailingSlashWarning)'=='true') was evaluated as (''=='true').
       Task "VCMessage" skipped, due to false condition; ('%(CompatibilityIssues.Identity)' != '' and '$(DesignTimeBuild)'!='true') was evaluated as ('' != '' and ''!='true').
       Task "VCMessage" skipped, due to false condition; ('$(_MBCS_Using)' == 'true' and '$(_MBCS_Installed)' != 'true' and '$(DesignTimeBuild)' != 'true') was evaluated as ('' == 'true' and '' != 'true' and '' != 'true').
       Task "VCMessage" skipped, due to false condition; ('$(IgnoreWarnIntDirSharingDetected)' != 'true' and '$(IntDirSharingDetected)' == 'true') was evaluated as ('' != 'true' and '' == 'true').
       Task "VCMessage" skipped, due to false condition; ('$(IgnoreWarnIntDirInTempDetected)' != 'true' and ('$(_IntDirFullpath.StartsWith($(Tmp), true, null))' == 'true' or '$(_IntDirFullpath.StartsWith($(Temp), true, null))' == 'true' or '$(_OutDirFullpath.StartsWith($(Tmp), true, null))' == 'true' or '$(_OutDirFullpath.StartsWith($(Temp), true, null))' == 'true')) was evaluated as ('' != 'true' and ('False' == 'true' or 'False' == 'true' or 'False' == 'true' or 'False' == 'true')).
       Task "MakeDir"
       Done executing task "MakeDir".
     1>Done building target "PrepareForBuild" in project "vtkCompileTools.vcxproj".
       Target "_PrepareForReferenceResolution" skipped. Previously built successfully.
       Target "ComputeCrtSDKReference" skipped, due to false condition; ('@(ClCompile)'!='' and '$(WindowsAppContainer)'=='true' and '$(UseCrtSDKReference)' != 'false') was evaluated as (''!='' and 'false'=='true' and '' != 'false').
     1>Target "GetInstalledSDKLocations" in file "C:\Program Files (x86)\MSBuild\14.0\bin\Microsoft.Common.CurrentVersion.targets" from project "F:\Documents\Universita\Erasmus\Thesis\vrinterface\build\VTK\vtkCompileTools.vcxproj" (target "ResolveSDKReferences" depends on it):
       Task "GetInstalledSDKLocations" skipped, due to false condition; ('@(SDKReference)' != '') was evaluated as ('' != '').
       Task "GetInstalledSDKLocations" skipped, due to false condition; ('@(SDKReference)' != '' and '$(SupportWindows81SDKs)' == 'true' and '$(TargetPlatformIdentifierWindows81)' != '' and '$(TargetPlatformVersionWindows81)' != '') was evaluated as ('' != '' and '' == 'true' and '' != '' and '' != '').
       Task "GetInstalledSDKLocations" skipped, due to false condition; ('@(SDKReference)' != '' and '$(SupportWindowsPhone81SDKs)' == 'true' and '$(TargetPlatformIdentifierWindowsPhone81)' != '' and '$(TargetPlatformVersionWindowsPhone81)' != '') was evaluated as ('' != '' and '' == 'true' and '' != '' and '' != '').
     1>Done building target "GetInstalledSDKLocations" in project "vtkCompileTools.vcxproj".
     1>Target "ModifyUnitTestPlatformVersion" in file "C:\Program Files (x86)\MSBuild\14.0\Microsoft.Common.targets\ImportBefore\Windows.8.1.UT_SDKReference.props" from project "F:\Documents\Universita\Erasmus\Thesis\vrinterface\build\VTK\vtkCompileTools.vcxproj" (target "ResolveSDKReferences" depends on it):
     1>Done building target "ModifyUnitTestPlatformVersion" in project "vtkCompileTools.vcxproj".
     1>Target "ResolveSDKReferences" in file "C:\Program Files (x86)\MSBuild\14.0\bin\Microsoft.Common.CurrentVersion.targets" from project "F:\Documents\Universita\Erasmus\Thesis\vrinterface\build\VTK\vtkCompileTools.vcxproj" (target "ResolveAssemblyReferences" depends on it):
       Task "ResolveSDKReference" skipped, due to false condition; ('@(SDKReference)'!='') was evaluated as (''!='').
     1>Done building target "ResolveSDKReferences" in project "vtkCompileTools.vcxproj".
       Target "ResolveSDKReferences" skipped. Previously built successfully.
     1>Target "ExpandSDKReferences" in file "C:\Program Files (x86)\MSBuild\14.0\bin\Microsoft.Common.CurrentVersion.targets" from project "F:\Documents\Universita\Erasmus\Thesis\vrinterface\build\VTK\vtkCompileTools.vcxproj" (target "ResolveAssemblyReferences" depends on it):
       Task "GetSDKReferenceFiles" skipped, due to false condition; ('@(ResolvedSDKReference)'!='') was evaluated as (''!='').
     1>Done building target "ExpandSDKReferences" in project "vtkCompileTools.vcxproj".
       Target "ResolveNuGetPackageAssets" skipped, due to false condition; ('$(ResolveNuGetPackages)' == 'true' and exists('$(ProjectLockFile)')) was evaluated as ('true' == 'true' and exists('project.lock.json')).
     1>Target "ResolveAssemblyReferences" in file "C:\Program Files (x86)\MSBuild\14.0\bin\Microsoft.Common.CurrentVersion.targets" from project "F:\Documents\Universita\Erasmus\Thesis\vrinterface\build\VTK\vtkCompileTools.vcxproj" (target "ResolveReferences" depends on it):
       Task "ResolveAssemblyReference" skipped, due to false condition; ('@(Reference)'!='' or '@(_ResolvedProjectReferencePaths)'!='' or '@(_ExplicitReference)' != '') was evaluated as (''!='' or ''!='' or '' != '').
     1>Done building target "ResolveAssemblyReferences" in project "vtkCompileTools.vcxproj".
       Target "GenerateBindingRedirects" skipped, due to false condition; ('$(AutoGenerateBindingRedirects)' == 'true' and '$(GenerateBindingRedirectsOutputType)' == 'true') was evaluated as ('' == 'true' and 'true' == 'true').
       Target "GenerateBindingRedirectsUpdateAppConfig" skipped, due to false condition; ('$(AutoGenerateBindingRedirects)' == 'true' and '$(GenerateBindingRedirectsOutputType)' == 'true' and Exists('$(_GenerateBindingRedirectsIntermediateAppConfig)')) was evaluated as ('' == 'true' and 'true' == 'true' and Exists('x64\Debug\vtkCompileTools\vtkCompileTools.vcxproj.vtkCompileTools.config')).
       Target "ResolveComReferences" skipped, due to false condition; ('@(COMReference)'!='' or '@(COMFileReference)'!='') was evaluated as (''!='' or ''!='').
     1>Target "AfterResolveReferences" in file "C:\Program Files (x86)\MSBuild\14.0\bin\Microsoft.Common.CurrentVersion.targets" from project "F:\Documents\Universita\Erasmus\Thesis\vrinterface\build\VTK\vtkCompileTools.vcxproj" (target "ResolveReferences" depends on it):
     1>Done building target "AfterResolveReferences" in project "vtkCompileTools.vcxproj".
       Target "ImplicitlyExpandDesignTimeFacades" skipped, due to false condition; ('$(ImplicitlyExpandDesignTimeFacades)' == 'true') was evaluated as ('' == 'true').
       Target "ResolveTestReferences" skipped, due to false condition; ('@(Shadow)'!='') was evaluated as (''!='').
     1>Target "ResolveReferences" in file "C:\Program Files (x86)\MSBuild\14.0\bin\Microsoft.Common.CurrentVersion.targets" from project "F:\Documents\Universita\Erasmus\Thesis\vrinterface\build\VTK\vtkCompileTools.vcxproj" (target "Build" depends on it):
     1>Done building target "ResolveReferences" in project "vtkCompileTools.vcxproj".
       Target "PrepareForBuild" skipped. Previously built successfully.
       Target "PrepareForBuild" skipped. Previously built successfully.
     1>Target "InitializeBuildStatus" in file "C:\Program Files (x86)\MSBuild\Microsoft.Cpp\v4.0\V140\Microsoft.CppBuild.targets" from project "F:\Documents\Universita\Erasmus\Thesis\vrinterface\build\VTK\vtkCompileTools.vcxproj" (target "Build" depends on it):
       Task "ReadLinesFromFile"
       Done executing task "ReadLinesFromFile".
       Task "WriteLinesToFile"
       Done executing task "WriteLinesToFile".
       Task "Touch"
         Creating "x64\Debug\vtkCompileTools\vtkCompileTools.tlog\unsuccessfulbuild" because "AlwaysCreate" was specified.
       Done executing task "Touch".
     1>Done building target "InitializeBuildStatus" in project "vtkCompileTools.vcxproj".
       Target "AssignProjectConfiguration" skipped. Previously built successfully.
       Target "_SplitProjectReferencesByFileExistence" skipped. Previously built successfully.
     1>Target "BuildGenerateSourcesTraverse" in file "C:\Program Files (x86)\MSBuild\14.0\bin\Microsoft.Common.CurrentVersion.targets" from project "F:\Documents\Universita\Erasmus\Thesis\vrinterface\build\VTK\vtkCompileTools.vcxproj" (target "BuildGenerateSources" depends on it):
       Task "MSBuild" skipped, due to false condition; ('$(BuildPassReferences)' == 'true' and '@(ProjectReferenceWithConfiguration)' != '' and '@(_MSBuildProjectReferenceExistent)' != '' and '%(_MSBuildProjectReferenceExistent.BuildReference)' == 'true') was evaluated as ('' == 'true' and 'C:\Users\vr\Desktop\ParaView-v5.3.0-VR\build\ZERO_CHECK.vcxproj;C:\Users\vr\Desktop\ParaView-v5.3.0-VR\build\Utilities\ProcessXML\kwProcessXML.vcxproj;C:\Users\vr\Desktop\ParaView-v5.3.0-VR\build\ThirdParty\protobuf\vtkprotobuf\src\protoc_compiler.vcxproj;C:\Users\vr\Desktop\ParaView-v5.3.0-VR\build\VTK\Utilities\EncodeString\vtkEncodeString.vcxproj;C:\Users\vr\Desktop\ParaView-v5.3.0-VR\build\VTK\Utilities\HashSource\vtkHashSource.vcxproj;C:\Users\vr\Desktop\ParaView-v5.3.0-VR\build\VTK\Wrapping\Tools\vtkParseJava.vcxproj;C:\Users\vr\Desktop\ParaView-v5.3.0-VR\build\Utilities\WrapClientServer\vtkWrapClientServer.vcxproj;C:\Users\vr\Desktop\ParaView-v5.3.0-VR\build\VTK\Wrapping\Tools\vtkWrapHierarchy.vcxproj;C:\Users\vr\Desktop\ParaView-v5.3.0-VR\build\VTK\Wrapping\Tools\vtkWrapJava.vcxproj;C:\Users\vr\Desktop\ParaView-v5.3.0-VR\build\VTK\Wrapping\Tools\vtkWrapPython.vcxproj;C:\Users\vr\Desktop\ParaView-v5.3.0-VR\build\VTK\Wrapping\Tools\vtkWrapPythonInit.vcxproj;C:\Users\vr\Desktop\ParaView-v5.3.0-VR\build\VTK\Wrapping\Tools\vtkWrapTcl.vcxproj;C:\Users\vr\Desktop\ParaView-v5.3.0-VR\build\VTK\Wrapping\Tools\vtkWrapTclInit.vcxproj' != '' and '' != '' and '' == 'true').
     1>Done building target "BuildGenerateSourcesTraverse" in project "vtkCompileTools.vcxproj".
       Target "PrepareForBuild" skipped. Previously built successfully.
       Target "ResolveReferences" skipped. Previously built successfully.
     1>Target "BeforeBuildGenerateSources" in file "C:\Program Files (x86)\MSBuild\Microsoft.Cpp\v4.0\V140\Microsoft.BuildSteps.Targets" from project "F:\Documents\Universita\Erasmus\Thesis\vrinterface\build\VTK\vtkCompileTools.vcxproj" (target "_BuildGenerateSourcesAction" depends on it):
     1>Done building target "BeforeBuildGenerateSources" in project "vtkCompileTools.vcxproj".
     1>Target "PreBuildEvent" in file "C:\Program Files (x86)\MSBuild\Microsoft.Cpp\v4.0\V140\Microsoft.CppCommon.targets" from project "F:\Documents\Universita\Erasmus\Thesis\vrinterface\build\VTK\vtkCompileTools.vcxproj" (target "_BuildGenerateSourcesAction" depends on it):
       Task "Message" skipped, due to false condition; ('%(PreBuildEvent.Message)' != '' and '%(PreBuildEvent.Command)' != '') was evaluated as ('' != '' and '' != '').
       Task "Exec" skipped, due to false condition; ('%(PreBuildEvent.Command)' != '') was evaluated as ('' != '').
     1>Done building target "PreBuildEvent" in project "vtkCompileTools.vcxproj".
       Target "PrepareForBuild" skipped. Previously built successfully.
       Target "SetBuildDefaultEnvironmentVariables" skipped. Previously built successfully.
       Target "SetUserMacroEnvironmentVariables" skipped, due to false condition; ('@(BuildMacro)' != '' and '$(DesignTimeBuild)' != 'true') was evaluated as ('' != '' and '' != 'true').
     1>Target "_SelectedFiles" in file "C:\Program Files (x86)\MSBuild\Microsoft.Cpp\v4.0\V140\Microsoft.CppBuild.targets" from project "F:\Documents\Universita\Erasmus\Thesis\vrinterface\build\VTK\vtkCompileTools.vcxproj" (target "SelectCustomBuild" depends on it):
     1>Done building target "_SelectedFiles" in project "vtkCompileTools.vcxproj".
     1>Target "SelectCustomBuild" in file "C:\Program Files (x86)\MSBuild\Microsoft.Cpp\v4.0\V140\Microsoft.CppBuild.targets" from project "F:\Documents\Universita\Erasmus\Thesis\vrinterface\build\VTK\vtkCompileTools.vcxproj" (target "CustomBuild" depends on it):
     1>Done building target "SelectCustomBuild" in project "vtkCompileTools.vcxproj".
     1>Target "ComputeCustomBuildOutput" in file "C:\Program Files (x86)\MSBuild\Microsoft.Cpp\v4.0\V140\Microsoft.CppBuild.targets" from project "F:\Documents\Universita\Erasmus\Thesis\vrinterface\build\VTK\vtkCompileTools.vcxproj" (target "CustomBuild" depends on it):
       Task "CreateItem" skipped, due to false condition; ('%(CustomBuildDirsToMake.OutputFileToTool)'!='') was evaluated as (''!='').
       Task "MakeDir"
         Creating directory "C:\Users\vr\Desktop\ParaView-v5.3.0-VR\build\VTK\CMakeFiles\".
     1>C:\Program Files (x86)\MSBuild\Microsoft.Cpp\v4.0\V140\Microsoft.CppBuild.targets(995,5): error MSB3191: Unable to create directory "C:\Users\vr\Desktop\ParaView-v5.3.0-VR\build\VTK\CMakeFiles\". Access to the path 'C:\Users\vr\Desktop\ParaView-v5.3.0-VR\build\VTK\CMakeFiles\' is denied.
       Done executing task "MakeDir" -- FAILED.
     1>Done building target "ComputeCustomBuildOutput" in project "vtkCompileTools.vcxproj" -- FAILED.
     1>Done Building Project "F:\Documents\Universita\Erasmus\Thesis\vrinterface\build\VTK\vtkCompileTools.vcxproj" (Build target(s)) -- FAILED.

Build FAILED.

Time Elapsed 00:00:00.01
