Build started 09/05/2017 13:33:35.
     1>Project "F:\Documents\Universita\Erasmus\Thesis\vrinterface\build\VTK\Domains\ChemistryOpenGL2\vtkDomainsChemistryOpenGL2.vcxproj" on node 3 (Build target(s)).
     1>Building with tools version "14.0".
     1>Target "_CheckForInvalidConfigurationAndPlatform" in file "C:\Program Files (x86)\MSBuild\14.0\bin\Microsoft.Common.CurrentVersion.targets" from project "F:\Documents\Universita\Erasmus\Thesis\vrinterface\build\VTK\Domains\ChemistryOpenGL2\vtkDomainsChemistryOpenGL2.vcxproj" (entry point):
       Task "Error" skipped, due to false condition; ( '$(_InvalidConfigurationError)' == 'true' ) was evaluated as ( '' == 'true' ).
       Task "Warning" skipped, due to false condition; ( '$(_InvalidConfigurationWarning)' == 'true' ) was evaluated as ( '' == 'true' ).
       Task "Message"
         Configuration=Debug
       Done executing task "Message".
       Task "Message"
         Platform=x64
       Done executing task "Message".
       Task "Error" skipped, due to false condition; ('$(OutDir)' != '' and !HasTrailingSlash('$(OutDir)')) was evaluated as ('C:\Users\vr\Desktop\ParaView-v5.3.0-VR\build\bin\Debug\' != '' and !HasTrailingSlash('C:\Users\vr\Desktop\ParaView-v5.3.0-VR\build\bin\Debug\')).
       Task "Error" skipped, due to false condition; ('$(BaseIntermediateOutputPath)' != '' and !HasTrailingSlash('$(BaseIntermediateOutputPath)')) was evaluated as ('obj\' != '' and !HasTrailingSlash('obj\')).
       Task "Error" skipped, due to false condition; ('$(IntermediateOutputPath)' != '' and !HasTrailingSlash('$(IntermediateOutputPath)')) was evaluated as ('vtkDomainsChemistryOpenGL2.dir\Debug\' != '' and !HasTrailingSlash('vtkDomainsChemistryOpenGL2.dir\Debug\')).
     1>Done building target "_CheckForInvalidConfigurationAndPlatform" in project "vtkDomainsChemistryOpenGL2.vcxproj".
     1>Target "_PrepareForBuild" in file "C:\Program Files (x86)\MSBuild\Microsoft.Cpp\v4.0\V140\Microsoft.BuildSteps.Targets" from project "F:\Documents\Universita\Erasmus\Thesis\vrinterface\build\VTK\Domains\ChemistryOpenGL2\vtkDomainsChemistryOpenGL2.vcxproj" (target "Build" depends on it):
       Task "CreateItem" skipped, due to false condition; ('%(CustomBuild.IncludeFileToTool)'!='') was evaluated as (''!='').
     1>Done building target "_PrepareForBuild" in project "vtkDomainsChemistryOpenGL2.vcxproj".
     1>Target "_PrepareForReferenceResolution" in file "C:\Program Files (x86)\MSBuild\Microsoft.Cpp\v4.0\V140\Microsoft.CppBuild.targets" from project "F:\Documents\Universita\Erasmus\Thesis\vrinterface\build\VTK\Domains\ChemistryOpenGL2\vtkDomainsChemistryOpenGL2.vcxproj" (target "ResolveReferences" depends on it):
       Task "Message" skipped, due to false condition; ('$(_REFERENCE_DEBUG)'=='true') was evaluated as (''=='true').
     1>Done building target "_PrepareForReferenceResolution" in project "vtkDomainsChemistryOpenGL2.vcxproj".
       Target "ComputeCrtSDKReference" skipped, due to false condition; ('@(ClCompile)'!='' and '$(WindowsAppContainer)'=='true' and '$(UseCrtSDKReference)' != 'false') was evaluated as ('C:\Users\vr\Desktop\ParaView-v5.3.0-VR\src\VTK\Domains\ChemistryOpenGL2\vtkOpenGLMoleculeMapper.cxx;C:\Users\vr\Desktop\ParaView-v5.3.0-VR\build\VTK\Domains\ChemistryOpenGL2\vtkDomainsChemistryOpenGL2ObjectFactory.cxx'!='' and 'false'=='true' and '' != 'false').
     1>Target "BeforeResolveReferences" in file "C:\Program Files (x86)\MSBuild\14.0\bin\Microsoft.Common.CurrentVersion.targets" from project "F:\Documents\Universita\Erasmus\Thesis\vrinterface\build\VTK\Domains\ChemistryOpenGL2\vtkDomainsChemistryOpenGL2.vcxproj" (target "ResolveReferences" depends on it):
     1>Done building target "BeforeResolveReferences" in project "vtkDomainsChemistryOpenGL2.vcxproj".
     1>Target "AssignProjectConfiguration" in file "C:\Program Files (x86)\MSBuild\14.0\bin\Microsoft.Common.CurrentVersion.targets" from project "F:\Documents\Universita\Erasmus\Thesis\vrinterface\build\VTK\Domains\ChemistryOpenGL2\vtkDomainsChemistryOpenGL2.vcxproj" (target "ResolveReferences" depends on it):
       Task "AssignProjectConfiguration"
         Project reference "C:\Users\vr\Desktop\ParaView-v5.3.0-VR\build\ZERO_CHECK.vcxproj" has not been resolved.
         Project reference "C:\Users\vr\Desktop\ParaView-v5.3.0-VR\build\VTK\Common\Core\vtkCommonCore.vcxproj" has not been resolved.
         Project reference "C:\Users\vr\Desktop\ParaView-v5.3.0-VR\build\VTK\Common\DataModel\vtkCommonDataModel.vcxproj" has not been resolved.
         Project reference "C:\Users\vr\Desktop\ParaView-v5.3.0-VR\build\VTK\Common\ExecutionModel\vtkCommonExecutionModel.vcxproj" has not been resolved.
         Project reference "C:\Users\vr\Desktop\ParaView-v5.3.0-VR\build\VTK\Common\Math\vtkCommonMath.vcxproj" has not been resolved.
         Project reference "C:\Users\vr\Desktop\ParaView-v5.3.0-VR\build\VTK\Common\Misc\vtkCommonMisc.vcxproj" has not been resolved.
         Project reference "C:\Users\vr\Desktop\ParaView-v5.3.0-VR\build\VTK\Common\Transforms\vtkCommonTransforms.vcxproj" has not been resolved.
         Project reference "C:\Users\vr\Desktop\ParaView-v5.3.0-VR\build\VTK\Domains\Chemistry\vtkDomainsChemistry.vcxproj" has not been resolved.
         Project reference "C:\Users\vr\Desktop\ParaView-v5.3.0-VR\build\VTK\Filters\Core\vtkFiltersCore.vcxproj" has not been resolved.
         Project reference "C:\Users\vr\Desktop\ParaView-v5.3.0-VR\build\VTK\IO\Core\vtkIOCore.vcxproj" has not been resolved.
         Project reference "C:\Users\vr\Desktop\ParaView-v5.3.0-VR\build\VTK\IO\Legacy\vtkIOLegacy.vcxproj" has not been resolved.
         Project reference "C:\Users\vr\Desktop\ParaView-v5.3.0-VR\build\VTK\IO\XMLParser\vtkIOXMLParser.vcxproj" has not been resolved.
         Project reference "C:\Users\vr\Desktop\ParaView-v5.3.0-VR\build\VTK\Rendering\Core\vtkRenderingCore.vcxproj" has not been resolved.
         Project reference "C:\Users\vr\Desktop\ParaView-v5.3.0-VR\build\VTK\Rendering\OpenGL2\vtkRenderingOpenGL2.vcxproj" has not been resolved.
         Project reference "C:\Users\vr\Desktop\ParaView-v5.3.0-VR\build\VTK\ThirdParty\glew\vtkglew\vtkglew.vcxproj" has not been resolved.
       Done executing task "AssignProjectConfiguration".
     1>Done building target "AssignProjectConfiguration" in project "vtkDomainsChemistryOpenGL2.vcxproj".
       Target "AssignProjectConfiguration" skipped. Previously built successfully.
     1>Target "_SplitProjectReferencesByFileExistence" in file "C:\Program Files (x86)\MSBuild\14.0\bin\Microsoft.Common.CurrentVersion.targets" from project "F:\Documents\Universita\Erasmus\Thesis\vrinterface\build\VTK\Domains\ChemistryOpenGL2\vtkDomainsChemistryOpenGL2.vcxproj" (target "ResolveProjectReferences" depends on it):
       Task "ResolveNonMSBuildProjectOutput"
         Resolving project reference "C:\Users\vr\Desktop\ParaView-v5.3.0-VR\build\ZERO_CHECK.vcxproj".
         Project reference "C:\Users\vr\Desktop\ParaView-v5.3.0-VR\build\ZERO_CHECK.vcxproj" has not been resolved.
         Resolving project reference "C:\Users\vr\Desktop\ParaView-v5.3.0-VR\build\VTK\Common\Core\vtkCommonCore.vcxproj".
         Project reference "C:\Users\vr\Desktop\ParaView-v5.3.0-VR\build\VTK\Common\Core\vtkCommonCore.vcxproj" has not been resolved.
         Resolving project reference "C:\Users\vr\Desktop\ParaView-v5.3.0-VR\build\VTK\Common\DataModel\vtkCommonDataModel.vcxproj".
         Project reference "C:\Users\vr\Desktop\ParaView-v5.3.0-VR\build\VTK\Common\DataModel\vtkCommonDataModel.vcxproj" has not been resolved.
         Resolving project reference "C:\Users\vr\Desktop\ParaView-v5.3.0-VR\build\VTK\Common\ExecutionModel\vtkCommonExecutionModel.vcxproj".
         Project reference "C:\Users\vr\Desktop\ParaView-v5.3.0-VR\build\VTK\Common\ExecutionModel\vtkCommonExecutionModel.vcxproj" has not been resolved.
         Resolving project reference "C:\Users\vr\Desktop\ParaView-v5.3.0-VR\build\VTK\Common\Math\vtkCommonMath.vcxproj".
         Project reference "C:\Users\vr\Desktop\ParaView-v5.3.0-VR\build\VTK\Common\Math\vtkCommonMath.vcxproj" has not been resolved.
         Resolving project reference "C:\Users\vr\Desktop\ParaView-v5.3.0-VR\build\VTK\Common\Misc\vtkCommonMisc.vcxproj".
         Project reference "C:\Users\vr\Desktop\ParaView-v5.3.0-VR\build\VTK\Common\Misc\vtkCommonMisc.vcxproj" has not been resolved.
         Resolving project reference "C:\Users\vr\Desktop\ParaView-v5.3.0-VR\build\VTK\Common\Transforms\vtkCommonTransforms.vcxproj".
         Project reference "C:\Users\vr\Desktop\ParaView-v5.3.0-VR\build\VTK\Common\Transforms\vtkCommonTransforms.vcxproj" has not been resolved.
         Resolving project reference "C:\Users\vr\Desktop\ParaView-v5.3.0-VR\build\VTK\Domains\Chemistry\vtkDomainsChemistry.vcxproj".
         Project reference "C:\Users\vr\Desktop\ParaView-v5.3.0-VR\build\VTK\Domains\Chemistry\vtkDomainsChemistry.vcxproj" has not been resolved.
         Resolving project reference "C:\Users\vr\Desktop\ParaView-v5.3.0-VR\build\VTK\Filters\Core\vtkFiltersCore.vcxproj".
         Project reference "C:\Users\vr\Desktop\ParaView-v5.3.0-VR\build\VTK\Filters\Core\vtkFiltersCore.vcxproj" has not been resolved.
         Resolving project reference "C:\Users\vr\Desktop\ParaView-v5.3.0-VR\build\VTK\IO\Core\vtkIOCore.vcxproj".
         Project reference "C:\Users\vr\Desktop\ParaView-v5.3.0-VR\build\VTK\IO\Core\vtkIOCore.vcxproj" has not been resolved.
         Resolving project reference "C:\Users\vr\Desktop\ParaView-v5.3.0-VR\build\VTK\IO\Legacy\vtkIOLegacy.vcxproj".
         Project reference "C:\Users\vr\Desktop\ParaView-v5.3.0-VR\build\VTK\IO\Legacy\vtkIOLegacy.vcxproj" has not been resolved.
         Resolving project reference "C:\Users\vr\Desktop\ParaView-v5.3.0-VR\build\VTK\IO\XMLParser\vtkIOXMLParser.vcxproj".
         Project reference "C:\Users\vr\Desktop\ParaView-v5.3.0-VR\build\VTK\IO\XMLParser\vtkIOXMLParser.vcxproj" has not been resolved.
         Resolving project reference "C:\Users\vr\Desktop\ParaView-v5.3.0-VR\build\VTK\Rendering\Core\vtkRenderingCore.vcxproj".
         Project reference "C:\Users\vr\Desktop\ParaView-v5.3.0-VR\build\VTK\Rendering\Core\vtkRenderingCore.vcxproj" has not been resolved.
         Resolving project reference "C:\Users\vr\Desktop\ParaView-v5.3.0-VR\build\VTK\Rendering\OpenGL2\vtkRenderingOpenGL2.vcxproj".
         Project reference "C:\Users\vr\Desktop\ParaView-v5.3.0-VR\build\VTK\Rendering\OpenGL2\vtkRenderingOpenGL2.vcxproj" has not been resolved.
         Resolving project reference "C:\Users\vr\Desktop\ParaView-v5.3.0-VR\build\VTK\ThirdParty\glew\vtkglew\vtkglew.vcxproj".
         Project reference "C:\Users\vr\Desktop\ParaView-v5.3.0-VR\build\VTK\ThirdParty\glew\vtkglew\vtkglew.vcxproj" has not been resolved.
       Done executing task "ResolveNonMSBuildProjectOutput".
     1>Done building target "_SplitProjectReferencesByFileExistence" in project "vtkDomainsChemistryOpenGL2.vcxproj".
     1>Target "_RemoveNameMetadataFromProjectReferenceItems" in file "C:\Program Files (x86)\MSBuild\Microsoft.Cpp\v4.0\V140\Microsoft.CppBuild.targets" from project "F:\Documents\Universita\Erasmus\Thesis\vrinterface\build\VTK\Domains\ChemistryOpenGL2\vtkDomainsChemistryOpenGL2.vcxproj" (target "ResolveProjectReferences" depends on it):
     1>Done building target "_RemoveNameMetadataFromProjectReferenceItems" in project "vtkDomainsChemistryOpenGL2.vcxproj".
     1>Target "ResolveProjectReferences" in file "C:\Program Files (x86)\MSBuild\14.0\bin\Microsoft.Common.CurrentVersion.targets" from project "F:\Documents\Universita\Erasmus\Thesis\vrinterface\build\VTK\Domains\ChemistryOpenGL2\vtkDomainsChemistryOpenGL2.vcxproj" (target "ResolveReferences" depends on it):
       Task "MSBuild" skipped, due to false condition; ('%(_MSBuildProjectReferenceExistent.BuildReference)' == 'true' and '@(ProjectReferenceWithConfiguration)' != '' and ('$(BuildingInsideVisualStudio)' == 'true' or '$(BuildProjectReferences)' != 'true') and '$(VisualStudioVersion)' != '10.0' and '@(_MSBuildProjectReferenceExistent)' != '') was evaluated as ('' == 'true' and 'C:\Users\vr\Desktop\ParaView-v5.3.0-VR\build\ZERO_CHECK.vcxproj;C:\Users\vr\Desktop\ParaView-v5.3.0-VR\build\VTK\Common\Core\vtkCommonCore.vcxproj;C:\Users\vr\Desktop\ParaView-v5.3.0-VR\build\VTK\Common\DataModel\vtkCommonDataModel.vcxproj;C:\Users\vr\Desktop\ParaView-v5.3.0-VR\build\VTK\Common\ExecutionModel\vtkCommonExecutionModel.vcxproj;C:\Users\vr\Desktop\ParaView-v5.3.0-VR\build\VTK\Common\Math\vtkCommonMath.vcxproj;C:\Users\vr\Desktop\ParaView-v5.3.0-VR\build\VTK\Common\Misc\vtkCommonMisc.vcxproj;C:\Users\vr\Desktop\ParaView-v5.3.0-VR\build\VTK\Common\Transforms\vtkCommonTransforms.vcxproj;C:\Users\vr\Desktop\ParaView-v5.3.0-VR\build\VTK\Domains\Chemistry\vtkDomainsChemistry.vcxproj;C:\Users\vr\Desktop\ParaView-v5.3.0-VR\build\VTK\Filters\Core\vtkFiltersCore.vcxproj;C:\Users\vr\Desktop\ParaView-v5.3.0-VR\build\VTK\IO\Core\vtkIOCore.vcxproj;C:\Users\vr\Desktop\ParaView-v5.3.0-VR\build\VTK\IO\Legacy\vtkIOLegacy.vcxproj;C:\Users\vr\Desktop\ParaView-v5.3.0-VR\build\VTK\IO\XMLParser\vtkIOXMLParser.vcxproj;C:\Users\vr\Desktop\ParaView-v5.3.0-VR\build\VTK\Rendering\Core\vtkRenderingCore.vcxproj;C:\Users\vr\Desktop\ParaView-v5.3.0-VR\build\VTK\Rendering\OpenGL2\vtkRenderingOpenGL2.vcxproj;C:\Users\vr\Desktop\ParaView-v5.3.0-VR\build\VTK\ThirdParty\glew\vtkglew\vtkglew.vcxproj' != '' and ('true' == 'true' or 'true' != 'true') and '14.0' != '10.0' and '' != '').
       Task "MSBuild" skipped, due to false condition; ('%(_MSBuildProjectReferenceExistent.BuildReference)' == 'true' and '@(ProjectReferenceWithConfiguration)' != '' and ('$(BuildingInsideVisualStudio)' == 'true' or '$(BuildProjectReferences)' != 'true') and '$(VisualStudioVersion)' == '10.0' and '@(_MSBuildProjectReferenceExistent)' != '') was evaluated as ('' == 'true' and 'C:\Users\vr\Desktop\ParaView-v5.3.0-VR\build\ZERO_CHECK.vcxproj;C:\Users\vr\Desktop\ParaView-v5.3.0-VR\build\VTK\Common\Core\vtkCommonCore.vcxproj;C:\Users\vr\Desktop\ParaView-v5.3.0-VR\build\VTK\Common\DataModel\vtkCommonDataModel.vcxproj;C:\Users\vr\Desktop\ParaView-v5.3.0-VR\build\VTK\Common\ExecutionModel\vtkCommonExecutionModel.vcxproj;C:\Users\vr\Desktop\ParaView-v5.3.0-VR\build\VTK\Common\Math\vtkCommonMath.vcxproj;C:\Users\vr\Desktop\ParaView-v5.3.0-VR\build\VTK\Common\Misc\vtkCommonMisc.vcxproj;C:\Users\vr\Desktop\ParaView-v5.3.0-VR\build\VTK\Common\Transforms\vtkCommonTransforms.vcxproj;C:\Users\vr\Desktop\ParaView-v5.3.0-VR\build\VTK\Domains\Chemistry\vtkDomainsChemistry.vcxproj;C:\Users\vr\Desktop\ParaView-v5.3.0-VR\build\VTK\Filters\Core\vtkFiltersCore.vcxproj;C:\Users\vr\Desktop\ParaView-v5.3.0-VR\build\VTK\IO\Core\vtkIOCore.vcxproj;C:\Users\vr\Desktop\ParaView-v5.3.0-VR\build\VTK\IO\Legacy\vtkIOLegacy.vcxproj;C:\Users\vr\Desktop\ParaView-v5.3.0-VR\build\VTK\IO\XMLParser\vtkIOXMLParser.vcxproj;C:\Users\vr\Desktop\ParaView-v5.3.0-VR\build\VTK\Rendering\Core\vtkRenderingCore.vcxproj;C:\Users\vr\Desktop\ParaView-v5.3.0-VR\build\VTK\Rendering\OpenGL2\vtkRenderingOpenGL2.vcxproj;C:\Users\vr\Desktop\ParaView-v5.3.0-VR\build\VTK\ThirdParty\glew\vtkglew\vtkglew.vcxproj' != '' and ('true' == 'true' or 'true' != 'true') and '14.0' == '10.0' and '' != '').
       Task "MSBuild" skipped, due to false condition; ('%(_MSBuildProjectReferenceExistent.BuildReference)' == 'true' and '@(ProjectReferenceWithConfiguration)' != '' and '$(BuildingInsideVisualStudio)' != 'true' and '$(BuildProjectReferences)' == 'true' and '@(_MSBuildProjectReferenceExistent)' != '') was evaluated as ('' == 'true' and 'C:\Users\vr\Desktop\ParaView-v5.3.0-VR\build\ZERO_CHECK.vcxproj;C:\Users\vr\Desktop\ParaView-v5.3.0-VR\build\VTK\Common\Core\vtkCommonCore.vcxproj;C:\Users\vr\Desktop\ParaView-v5.3.0-VR\build\VTK\Common\DataModel\vtkCommonDataModel.vcxproj;C:\Users\vr\Desktop\ParaView-v5.3.0-VR\build\VTK\Common\ExecutionModel\vtkCommonExecutionModel.vcxproj;C:\Users\vr\Desktop\ParaView-v5.3.0-VR\build\VTK\Common\Math\vtkCommonMath.vcxproj;C:\Users\vr\Desktop\ParaView-v5.3.0-VR\build\VTK\Common\Misc\vtkCommonMisc.vcxproj;C:\Users\vr\Desktop\ParaView-v5.3.0-VR\build\VTK\Common\Transforms\vtkCommonTransforms.vcxproj;C:\Users\vr\Desktop\ParaView-v5.3.0-VR\build\VTK\Domains\Chemistry\vtkDomainsChemistry.vcxproj;C:\Users\vr\Desktop\ParaView-v5.3.0-VR\build\VTK\Filters\Core\vtkFiltersCore.vcxproj;C:\Users\vr\Desktop\ParaView-v5.3.0-VR\build\VTK\IO\Core\vtkIOCore.vcxproj;C:\Users\vr\Desktop\ParaView-v5.3.0-VR\build\VTK\IO\Legacy\vtkIOLegacy.vcxproj;C:\Users\vr\Desktop\ParaView-v5.3.0-VR\build\VTK\IO\XMLParser\vtkIOXMLParser.vcxproj;C:\Users\vr\Desktop\ParaView-v5.3.0-VR\build\VTK\Rendering\Core\vtkRenderingCore.vcxproj;C:\Users\vr\Desktop\ParaView-v5.3.0-VR\build\VTK\Rendering\OpenGL2\vtkRenderingOpenGL2.vcxproj;C:\Users\vr\Desktop\ParaView-v5.3.0-VR\build\VTK\ThirdParty\glew\vtkglew\vtkglew.vcxproj' != '' and 'true' != 'true' and 'true' == 'true' and '' != '').
       Task "MSBuild" skipped, due to false condition; ('%(_MSBuildProjectReferenceExistent.BuildReference)' == 'true' and '@(ProjectReferenceWithConfiguration)' != '' and '$(BuildingProject)' == 'true' and '@(_MSBuildProjectReferenceExistent)' != '') was evaluated as ('' == 'true' and 'C:\Users\vr\Desktop\ParaView-v5.3.0-VR\build\ZERO_CHECK.vcxproj;C:\Users\vr\Desktop\ParaView-v5.3.0-VR\build\VTK\Common\Core\vtkCommonCore.vcxproj;C:\Users\vr\Desktop\ParaView-v5.3.0-VR\build\VTK\Common\DataModel\vtkCommonDataModel.vcxproj;C:\Users\vr\Desktop\ParaView-v5.3.0-VR\build\VTK\Common\ExecutionModel\vtkCommonExecutionModel.vcxproj;C:\Users\vr\Desktop\ParaView-v5.3.0-VR\build\VTK\Common\Math\vtkCommonMath.vcxproj;C:\Users\vr\Desktop\ParaView-v5.3.0-VR\build\VTK\Common\Misc\vtkCommonMisc.vcxproj;C:\Users\vr\Desktop\ParaView-v5.3.0-VR\build\VTK\Common\Transforms\vtkCommonTransforms.vcxproj;C:\Users\vr\Desktop\ParaView-v5.3.0-VR\build\VTK\Domains\Chemistry\vtkDomainsChemistry.vcxproj;C:\Users\vr\Desktop\ParaView-v5.3.0-VR\build\VTK\Filters\Core\vtkFiltersCore.vcxproj;C:\Users\vr\Desktop\ParaView-v5.3.0-VR\build\VTK\IO\Core\vtkIOCore.vcxproj;C:\Users\vr\Desktop\ParaView-v5.3.0-VR\build\VTK\IO\Legacy\vtkIOLegacy.vcxproj;C:\Users\vr\Desktop\ParaView-v5.3.0-VR\build\VTK\IO\XMLParser\vtkIOXMLParser.vcxproj;C:\Users\vr\Desktop\ParaView-v5.3.0-VR\build\VTK\Rendering\Core\vtkRenderingCore.vcxproj;C:\Users\vr\Desktop\ParaView-v5.3.0-VR\build\VTK\Rendering\OpenGL2\vtkRenderingOpenGL2.vcxproj;C:\Users\vr\Desktop\ParaView-v5.3.0-VR\build\VTK\ThirdParty\glew\vtkglew\vtkglew.vcxproj' != '' and 'true' == 'true' and '' != '').
       Task "Warning"
     1>C:\Program Files (x86)\MSBuild\14.0\bin\Microsoft.Common.CurrentVersion.targets(1611,5): warning : The referenced project 'C:\Users\vr\Desktop\ParaView-v5.3.0-VR\build\ZERO_CHECK.vcxproj' does not exist.
       Done executing task "Warning".
       Task "Warning"
     1>C:\Program Files (x86)\MSBuild\14.0\bin\Microsoft.Common.CurrentVersion.targets(1611,5): warning : The referenced project 'C:\Users\vr\Desktop\ParaView-v5.3.0-VR\build\VTK\Common\Core\vtkCommonCore.vcxproj' does not exist.
       Done executing task "Warning".
       Task "Warning"
     1>C:\Program Files (x86)\MSBuild\14.0\bin\Microsoft.Common.CurrentVersion.targets(1611,5): warning : The referenced project 'C:\Users\vr\Desktop\ParaView-v5.3.0-VR\build\VTK\Common\DataModel\vtkCommonDataModel.vcxproj' does not exist.
       Done executing task "Warning".
       Task "Warning"
     1>C:\Program Files (x86)\MSBuild\14.0\bin\Microsoft.Common.CurrentVersion.targets(1611,5): warning : The referenced project 'C:\Users\vr\Desktop\ParaView-v5.3.0-VR\build\VTK\Common\ExecutionModel\vtkCommonExecutionModel.vcxproj' does not exist.
       Done executing task "Warning".
       Task "Warning"
     1>C:\Program Files (x86)\MSBuild\14.0\bin\Microsoft.Common.CurrentVersion.targets(1611,5): warning : The referenced project 'C:\Users\vr\Desktop\ParaView-v5.3.0-VR\build\VTK\Common\Math\vtkCommonMath.vcxproj' does not exist.
       Done executing task "Warning".
       Task "Warning"
     1>C:\Program Files (x86)\MSBuild\14.0\bin\Microsoft.Common.CurrentVersion.targets(1611,5): warning : The referenced project 'C:\Users\vr\Desktop\ParaView-v5.3.0-VR\build\VTK\Common\Misc\vtkCommonMisc.vcxproj' does not exist.
       Done executing task "Warning".
       Task "Warning"
     1>C:\Program Files (x86)\MSBuild\14.0\bin\Microsoft.Common.CurrentVersion.targets(1611,5): warning : The referenced project 'C:\Users\vr\Desktop\ParaView-v5.3.0-VR\build\VTK\Common\Transforms\vtkCommonTransforms.vcxproj' does not exist.
       Done executing task "Warning".
       Task "Warning"
     1>C:\Program Files (x86)\MSBuild\14.0\bin\Microsoft.Common.CurrentVersion.targets(1611,5): warning : The referenced project 'C:\Users\vr\Desktop\ParaView-v5.3.0-VR\build\VTK\Domains\Chemistry\vtkDomainsChemistry.vcxproj' does not exist.
       Done executing task "Warning".
       Task "Warning"
     1>C:\Program Files (x86)\MSBuild\14.0\bin\Microsoft.Common.CurrentVersion.targets(1611,5): warning : The referenced project 'C:\Users\vr\Desktop\ParaView-v5.3.0-VR\build\VTK\Filters\Core\vtkFiltersCore.vcxproj' does not exist.
       Done executing task "Warning".
       Task "Warning"
     1>C:\Program Files (x86)\MSBuild\14.0\bin\Microsoft.Common.CurrentVersion.targets(1611,5): warning : The referenced project 'C:\Users\vr\Desktop\ParaView-v5.3.0-VR\build\VTK\IO\Core\vtkIOCore.vcxproj' does not exist.
       Done executing task "Warning".
       Task "Warning"
     1>C:\Program Files (x86)\MSBuild\14.0\bin\Microsoft.Common.CurrentVersion.targets(1611,5): warning : The referenced project 'C:\Users\vr\Desktop\ParaView-v5.3.0-VR\build\VTK\IO\Legacy\vtkIOLegacy.vcxproj' does not exist.
       Done executing task "Warning".
       Task "Warning"
     1>C:\Program Files (x86)\MSBuild\14.0\bin\Microsoft.Common.CurrentVersion.targets(1611,5): warning : The referenced project 'C:\Users\vr\Desktop\ParaView-v5.3.0-VR\build\VTK\IO\XMLParser\vtkIOXMLParser.vcxproj' does not exist.
       Done executing task "Warning".
       Task "Warning"
     1>C:\Program Files (x86)\MSBuild\14.0\bin\Microsoft.Common.CurrentVersion.targets(1611,5): warning : The referenced project 'C:\Users\vr\Desktop\ParaView-v5.3.0-VR\build\VTK\Rendering\Core\vtkRenderingCore.vcxproj' does not exist.
       Done executing task "Warning".
       Task "Warning"
     1>C:\Program Files (x86)\MSBuild\14.0\bin\Microsoft.Common.CurrentVersion.targets(1611,5): warning : The referenced project 'C:\Users\vr\Desktop\ParaView-v5.3.0-VR\build\VTK\Rendering\OpenGL2\vtkRenderingOpenGL2.vcxproj' does not exist.
       Done executing task "Warning".
       Task "Warning"
     1>C:\Program Files (x86)\MSBuild\14.0\bin\Microsoft.Common.CurrentVersion.targets(1611,5): warning : The referenced project 'C:\Users\vr\Desktop\ParaView-v5.3.0-VR\build\VTK\ThirdParty\glew\vtkglew\vtkglew.vcxproj' does not exist.
       Done executing task "Warning".
     1>Done building target "ResolveProjectReferences" in project "vtkDomainsChemistryOpenGL2.vcxproj".
       Target "FindInvalidProjectReferences" skipped, due to false condition; ('$(FindInvalidProjectReferences)' == 'true') was evaluated as ('' == 'true').
       Target "ResolveNativeReferences" skipped, due to false condition; ('@(NativeReference)'!='') was evaluated as (''!='').
       Target "_PrepareForReferenceResolution" skipped. Previously built successfully.
     1>Target "GetFrameworkPaths" in file "C:\Program Files (x86)\MSBuild\14.0\bin\Microsoft.NetFramework.CurrentVersion.targets" from project "F:\Documents\Universita\Erasmus\Thesis\vrinterface\build\VTK\Domains\ChemistryOpenGL2\vtkDomainsChemistryOpenGL2.vcxproj" (target "ResolveAssemblyReferences" depends on it):
     1>Done building target "GetFrameworkPaths" in project "vtkDomainsChemistryOpenGL2.vcxproj".
       Target "GetWinFXPath" skipped, due to false condition; (('@(Page)' != '' or '@(ApplicationDefinition)' != '' or '@(Resource)' != '') and ('$(GetWinFXNativePath)' != '' or '$(GetWinFXWoWPath)' != '' )) was evaluated as (('' != '' or '' != '' or '' != '') and ('' != '' or '' != '' )).
     1>Target "GetReferenceAssemblyPaths" in file "C:\Program Files (x86)\MSBuild\14.0\bin\Microsoft.Common.CurrentVersion.targets" from project "F:\Documents\Universita\Erasmus\Thesis\vrinterface\build\VTK\Domains\ChemistryOpenGL2\vtkDomainsChemistryOpenGL2.vcxproj" (target "ResolveAssemblyReferences" depends on it):
       Task "GetReferenceAssemblyPaths" skipped, due to false condition; ('$(TargetFrameworkMoniker)' != '' and ('$(_TargetFrameworkDirectories)' == '' or '$(_FullFrameworkReferenceAssemblyPaths)' == '')) was evaluated as ('' != '' and ('C:\Program Files (x86)\Reference Assemblies\Microsoft\Framework\.NETFramework\v4.0' == '' or 'C:\Program Files (x86)\Reference Assemblies\Microsoft\Framework\.NETFramework\v4.0' == '')).
     1>Done building target "GetReferenceAssemblyPaths" in project "vtkDomainsChemistryOpenGL2.vcxproj".
     1>Target "SetBuildDefaultEnvironmentVariables" in file "C:\Program Files (x86)\MSBuild\Microsoft.Cpp\v4.0\V140\Microsoft.Cpp.Current.targets" from project "F:\Documents\Universita\Erasmus\Thesis\vrinterface\build\VTK\Domains\ChemistryOpenGL2\vtkDomainsChemistryOpenGL2.vcxproj" (target "PrepareForBuild" depends on it):
       Using "SetEnv" task from assembly "C:\Program Files (x86)\MSBuild\Microsoft.Cpp\v4.0\V140\Microsoft.Build.CppTasks.Common.dll".
       Task "SetEnv"
         PATH=C:\Program Files (x86)\Microsoft Visual Studio 14.0\VC\bin\x86_amd64;C:\Program Files (x86)\Microsoft Visual Studio 14.0\VC\bin;C:\Program Files (x86)\Windows Kits\8.1\bin\x86;;C:\Program Files (x86)\Microsoft SDKs\Windows\v10.0A\bin\NETFX 4.6.1 Tools;C:\Program Files (x86)\Microsoft Visual Studio 14.0\Common7\tools;C:\Program Files (x86)\Microsoft Visual Studio 14.0\Common7\ide;C:\Program Files (x86)\HTML Help Workshop;;C:\Program Files (x86)\MSBuild\14.0\bin\;C:\WINDOWS\Microsoft.NET\Framework\v4.0.30319\;;C:\Program Files (x86)\Microsoft Visual Studio 14.0\Common7\IDE\CommonExtensions\Microsoft\TeamFoundation\Team Explorer\NativeBinaries\x86;C:\Program Files\Microsoft MPI\Bin\;C:\Program Files (x86)\Common Files\Intel\Shared Libraries\redist\intel64\compiler;C:\Program Files\NVIDIA GPU Computing Toolkit\CUDA\v8.0\bin;C:\Program Files\NVIDIA GPU Computing Toolkit\CUDA\v8.0\libnvvp;C:\Users\Lord\AppData\Local\Programs\Python\Python2711\;C:\Users\Lord\AppData\Local\Programs\Python\Python2711\Scripts;c:\programdata\oracle\java\javapath;c:\windows\system32;c:\windows;c:\windows\system32\wbem;c:\windows\system32\windowspowershell\v1.0\;c:\program files\calibre2\;c:\program files\miktex 2.9\miktex\bin\x64\;c:\program files (x86)\quicktime\qtsystem\;C:\Program Files (x86)\NVIDIA Corporation\PhysX\Common;C:\Android;C:\Windows\System32;C:\Users\Lord\AppData\Local\Programs\Python\Python35\Scripts\;C:\Users\Lord\AppData\Local\Programs\Python\Python35\;C:\Program Files\Java\jdk1.8.0_65\bin\;C:\adb;C:\Program Files\Common Files\Autodesk Shared\;C:\WINDOWS\system32;C:\WINDOWS;C:\WINDOWS\System32\Wbem;C:\WINDOWS\System32\WindowsPowerShell\v1.0\;C:\Program Files\gnuplot\bin;C:\Program Files\Microsoft SQL Server\130\Tools\Binn\;C:\Program Files\Microsoft DNX\Dnvm\;C:\Program Files (x86)\Windows Kits\8.1\Windows Performance Toolkit\;C:\Program Files\OpenVPN\bin;C:\Program Files (x86)\Skype\Phone\;C:\Program Files (x86)\Brackets\command;C:\WINDOWS\system32;C:\WINDOWS;C:\WINDOWS\System32\Wbem;C:\WINDOWS\System32\WindowsPowerShell\v1.0\;C:\Program Files\Git\cmd;C:\Program Files\CMake\bin;C:\Qt\5.8\msvc2015_64\bin;C:\Program Files\Intel\WiFi\bin\;C:\Program Files\Common Files\Intel\WirelessCommon\;C:\Users\Lord\scoop\shims;C:\Users\Lord\AppData\Local\Programs\Python\Python35\Scripts\;C:\Users\Lord\AppData\Local\Programs\Python\Python35\;C:\Program Files\Java\jdk1.8.0_65\bin\;C:\Program Files\Intel\WiFi\bin\;C:\Program Files\Common Files\Intel\WirelessCommon\;C:\Program Files (x86)\php;C:\Users\Lord\AppData\Local\Microsoft\WindowsApps;C:\Program Files\emacs\bin\;C:\Program Files\Microsoft MPI\Bin\;C:\Users\Lord\AppData\Local\Microsoft\WindowsApps;;
       Done executing task "SetEnv".
       Task "SetEnv"
         LIB=C:\Program Files (x86)\Microsoft Visual Studio 14.0\VC\lib\amd64;;C:\Program Files (x86)\Microsoft Visual Studio 14.0\VC\atlmfc\lib\amd64;;C:\Program Files (x86)\Windows Kits\10\lib\10.0.10240.0\ucrt\x64;;;C:\Program Files (x86)\Windows Kits\8.1\lib\winv6.3\um\x64;;C:\Program Files (x86)\Windows Kits\NETFXSDK\4.6.1\Lib\um\x64
       Done executing task "SetEnv".
       Task "SetEnv"
         LIBPATH=C:\Program Files (x86)\Microsoft Visual Studio 14.0\VC\atlmfc\lib\amd64;;C:\Program Files (x86)\Microsoft Visual Studio 14.0\VC\lib\amd64;
       Done executing task "SetEnv".
       Task "SetEnv"
         INCLUDE=C:\Program Files (x86)\Microsoft Visual Studio 14.0\VC\include;;C:\Program Files (x86)\Microsoft Visual Studio 14.0\VC\atlmfc\include;;C:\Program Files (x86)\Windows Kits\10\Include\10.0.10240.0\ucrt;;;C:\Program Files (x86)\Windows Kits\8.1\Include\um;C:\Program Files (x86)\Windows Kits\8.1\Include\shared;C:\Program Files (x86)\Windows Kits\8.1\Include\winrt;;
       Done executing task "SetEnv".
     1>Done building target "SetBuildDefaultEnvironmentVariables" in project "vtkDomainsChemistryOpenGL2.vcxproj".
       Target "SetUserMacroEnvironmentVariables" skipped, due to false condition; ('@(BuildMacro)' != '' and '$(DesignTimeBuild)' != 'true') was evaluated as ('' != '' and '' != 'true').
     1>Target "GetResolvedWinMD" in file "C:\Program Files (x86)\MSBuild\Microsoft.Cpp\v4.0\V140\Microsoft.CppBuild.targets" from project "F:\Documents\Universita\Erasmus\Thesis\vrinterface\build\VTK\Domains\ChemistryOpenGL2\vtkDomainsChemistryOpenGL2.vcxproj" (target "PrepareForBuild" depends on it):
     1>Done building target "GetResolvedWinMD" in project "vtkDomainsChemistryOpenGL2.vcxproj".
     1>Target "PlatformPrepareForBuild" in file "C:\Program Files (x86)\MSBuild\Microsoft.Cpp\v4.0\V140\Microsoft.Cpp.Platform.targets" from project "F:\Documents\Universita\Erasmus\Thesis\vrinterface\build\VTK\Domains\ChemistryOpenGL2\vtkDomainsChemistryOpenGL2.vcxproj" (target "PrepareForBuild" depends on it):
       Task "VCMessage" skipped, due to false condition; ('$(_Error64bitToolsNotInstalled)' == 'true') was evaluated as ('' == 'true').
       Task "VCMessage" skipped, due to false condition; ('$(DesignTimeBuild)'!='true' and '$(_ToolsetFound)' != 'true' and '$(PlatformToolset)' == 'v110') was evaluated as (''!='true' and 'true' != 'true' and 'v140' == 'v110').
       Task "VCMessage" skipped, due to false condition; ('$(DesignTimeBuild)'!='true' and '$(_ToolsetFound)' != 'true' and '$(PlatformToolset)' == 'v100') was evaluated as (''!='true' and 'true' != 'true' and 'v140' == 'v100').
       Task "VCMessage" skipped, due to false condition; ('$(DesignTimeBuild)'!='true' and '$(_ToolsetFound)' != 'true' and '$(PlatformToolset)' == 'v90') was evaluated as (''!='true' and 'true' != 'true' and 'v140' == 'v90').
       Task "VCMessage" skipped, due to false condition; ('$(DesignTimeBuild)'!='true' and '$(_ToolsetFound)' != 'true' and '$(PlatformToolset)' != 'v90' and '$(PlatformToolset)' != 'v100' and '$(PlatformToolset)' != 'v110') was evaluated as (''!='true' and 'true' != 'true' and 'v140' != 'v90' and 'v140' != 'v100' and 'v140' != 'v110').
     1>Done building target "PlatformPrepareForBuild" in project "vtkDomainsChemistryOpenGL2.vcxproj".
     1>Target "Desktop_PlatformPrepareForBuild" in file "C:\Program Files (x86)\MSBuild\Microsoft.Cpp\v4.0\V140\Platforms\x64\PlatformToolsets\v140\Toolset.targets" from project "F:\Documents\Universita\Erasmus\Thesis\vrinterface\build\VTK\Domains\ChemistryOpenGL2\vtkDomainsChemistryOpenGL2.vcxproj" (target "PrepareForBuild" depends on it):
       Task "VCMessage" skipped, due to false condition; ($(MissingSDKProps) == 'true') was evaluated as ( == 'true').
     1>Done building target "Desktop_PlatformPrepareForBuild" in project "vtkDomainsChemistryOpenGL2.vcxproj".
       Target "GetFrameworkPaths" skipped. Previously built successfully.
       Target "GetReferenceAssemblyPaths" skipped. Previously built successfully.
       Target "AssignLinkMetadata" skipped, due to false condition; ( '$(SynthesizeLinkMetadata)' == 'true' ) was evaluated as ( '' == 'true' ).
     1>Target "SetCABuildNativeEnvironmentVariables" in file "C:\Program Files (x86)\MSBuild\Microsoft\VisualStudio\v14.0\CodeAnalysis\Microsoft.CodeAnalysis.targets" from project "F:\Documents\Universita\Erasmus\Thesis\vrinterface\build\VTK\Domains\ChemistryOpenGL2\vtkDomainsChemistryOpenGL2.vcxproj" (target "PrepareForBuild" depends on it):
       Initializing task factory "CodeTaskFactory" from assembly "C:\Program Files (x86)\MSBuild\14.0\bin\Microsoft.Build.Tasks.Core.dll".
       Using "SetEnvironmentVariable" task from the task factory "Code Task Factory".
       Task "SetEnvironmentVariable"
       Done executing task "SetEnvironmentVariable".
     1>Done building target "SetCABuildNativeEnvironmentVariables" in project "vtkDomainsChemistryOpenGL2.vcxproj".
     1>Target "PrepareForBuild" in file "C:\Program Files (x86)\MSBuild\Microsoft.Cpp\v4.0\V140\Microsoft.CppBuild.targets" from project "F:\Documents\Universita\Erasmus\Thesis\vrinterface\build\VTK\Domains\ChemistryOpenGL2\vtkDomainsChemistryOpenGL2.vcxproj" (target "ResolveAssemblyReferences" depends on it):
       Task "VCMessage" skipped, due to false condition; ('$(DesignTimeBuild)' != 'true' and '$(ConfigurationPlatformExists)' != 'true') was evaluated as ('' != 'true' and 'true' != 'true').
       Task "MakeDir"
       Done executing task "MakeDir".
       Task "VCMessage" skipped, due to false condition; ('$(DesignTimeBuild)'!='true' and '$(WindowsAppContainer)'=='true' and '$(ConfigurationType)'!='Application' and '$(ConfigurationType)'!='DynamicLibrary' and '$(ConfigurationType)'!='StaticLibrary') was evaluated as (''!='true' and 'false'=='true' and 'DynamicLibrary'!='Application' and 'DynamicLibrary'!='DynamicLibrary' and 'DynamicLibrary'!='StaticLibrary').
       Task "VCMessage" skipped, due to false condition; ('$(DesignTimeBuild)'!='true' and '$(VCInstallDir)'=='' and '$(UseEnv)' != 'true' and ('$(TargetFrameworkVersion)'=='v3.5' or '$(TargetFrameworkVersion)'=='v3.0' or '$(TargetFrameworkVersion)'=='v2.0' )) was evaluated as (''!='true' and 'C:\Program Files (x86)\Microsoft Visual Studio 14.0\VC\'=='' and '' != 'true' and ('v4.0'=='v3.5' or 'v4.0'=='v3.0' or 'v4.0'=='v2.0' )).
       Task "VCMessage" skipped, due to false condition; ('$(DesignTimeBuild)'!='true' and '$(VCInstallDir)'=='' and '$(UseEnv)' != 'true' and '$(PlatformToolset)'=='v90') was evaluated as (''!='true' and 'C:\Program Files (x86)\Microsoft Visual Studio 14.0\VC\'=='' and '' != 'true' and 'v140'=='v90').
       Task "VCMessage" skipped, due to false condition; ('$(VCInstallDir)'=='' and '$(UseEnv)' != 'true') was evaluated as ('C:\Program Files (x86)\Microsoft Visual Studio 14.0\VC\'=='' and '' != 'true').
       Task "VCMessage" skipped, due to false condition; ('$(WindowsSDKDir)'=='' and '$(UseEnv)' != 'true') was evaluated as ('C:\Program Files (x86)\Windows Kits\8.1\'=='' and '' != 'true').
       Task "VCMessage" skipped, due to false condition; ('$(IntDirTrailingSlashWarning)'=='true') was evaluated as (''=='true').
       Task "VCMessage" skipped, due to false condition; ('$(OutDirTrailingSlashWarning)'=='true') was evaluated as (''=='true').
       Task "VCMessage" skipped, due to false condition; ('%(CompatibilityIssues.Identity)' != '' and '$(DesignTimeBuild)'!='true') was evaluated as ('' != '' and ''!='true').
       Task "VCMessage" skipped, due to false condition; ('$(_MBCS_Using)' == 'true' and '$(_MBCS_Installed)' != 'true' and '$(DesignTimeBuild)' != 'true') was evaluated as ('' == 'true' and '' != 'true' and '' != 'true').
       Task "VCMessage" skipped, due to false condition; ('$(IgnoreWarnIntDirSharingDetected)' != 'true' and '$(IntDirSharingDetected)' == 'true') was evaluated as ('' != 'true' and '' == 'true').
       Task "VCMessage" skipped, due to false condition; ('$(IgnoreWarnIntDirInTempDetected)' != 'true' and ('$(_IntDirFullpath.StartsWith($(Tmp), true, null))' == 'true' or '$(_IntDirFullpath.StartsWith($(Temp), true, null))' == 'true' or '$(_OutDirFullpath.StartsWith($(Tmp), true, null))' == 'true' or '$(_OutDirFullpath.StartsWith($(Temp), true, null))' == 'true')) was evaluated as ('' != 'true' and ('False' == 'true' or 'False' == 'true' or 'False' == 'true' or 'False' == 'true')).
       Task "MakeDir"
         Creating directory "C:\Users\vr\Desktop\ParaView-v5.3.0-VR\build\bin\Debug\".
     1>C:\Program Files (x86)\MSBuild\Microsoft.Cpp\v4.0\V140\Microsoft.CppBuild.targets(403,5): error MSB3191: Unable to create directory "C:\Users\vr\Desktop\ParaView-v5.3.0-VR\build\bin\Debug\". Access to the path 'C:\Users\vr\Desktop\ParaView-v5.3.0-VR\build\bin\Debug\' is denied.
       Done executing task "MakeDir" -- FAILED.
     1>Done building target "PrepareForBuild" in project "vtkDomainsChemistryOpenGL2.vcxproj" -- FAILED.
     1>Done Building Project "F:\Documents\Universita\Erasmus\Thesis\vrinterface\build\VTK\Domains\ChemistryOpenGL2\vtkDomainsChemistryOpenGL2.vcxproj" (Build target(s)) -- FAILED.

Build FAILED.

Time Elapsed 00:00:00.01
