  Building Custom Rule C:/Users/vr/Desktop/ParaView-v5.3.0-VR/src/ParaViewCore/VTKExtensions/Core/CMakeLists.txt
  CMake does not need to re-run because C:/Users/vr/Desktop/ParaView-v5.3.0-VR/build/ParaViewCore/VTKExtensions/Core/CMakeFiles/generate.stamp is up-to-date.
  vtkAttributeDataReductionFilter.cxx
  vtkCommunicationErrorCatcher.cxx
  vtkCompositeMultiProcessController.cxx
  vtkDistributedTrivialProducer.cxx
  vtkExtractHistogram.cxx
  vtkFileSeriesReader.cxx
  vtkFileSeriesWriter.cxx
  vtkImageFileSeriesReader.cxx
  vtkIntegrateAttributes.cxx
  vtkMetaReader.cxx
  vtkMultiProcessControllerHelper.cxx
  vtkParallelSerialWriter.cxx
  vtkPExtractHistogram.cxx
  vtkPVCompositeDataPipeline.cxx
  vtkPVNullSource.cxx
  vtkPVPostFilter.cxx
  vtkPVPostFilterExecutive.cxx
  vtkPVInformationKeys.cxx
  vtkPVTransform.cxx
  vtkPVTrivialProducer.cxx
  Generating Code...
  Compiling...
  vtkReductionFilter.cxx
  vtkSelectionSerializer.cxx
  vtkUndoElement.cxx
  vtkUndoSet.cxx
  vtkUndoStack.cxx
  Generating Code...
     Creating library C:/Users/vr/Desktop/ParaView-v5.3.0-VR/build/lib/Debug/vtkPVVTKExtensionsCore-pv5.3.lib and object C:/Users/vr/Desktop/ParaView-v5.3.0-VR/build/lib/Debug/vtkPVVTKExtensionsCore-pv5.3.exp
  vtkPVVTKExtensionsCore.vcxproj -> C:\Users\vr\Desktop\ParaView-v5.3.0-VR\build\bin\Debug\vtkPVVTKExtensionsCore-pv5.3.dll
