  Building Custom Rule C:/Users/vr/Desktop/ParaView-v5.3.0-VR/src/ParaViewCore/ClientServerCore/Core/CMakeLists.txt
  CMake does not need to re-run because C:/Users/vr/Desktop/ParaView-v5.3.0-VR/build/ParaViewCore/ClientServerCore/Core/CMakeFiles/generate.stamp is up-to-date.
  vtkCompleteArrays.cxx
  vtkExtractsDeliveryHelper.cxx
  vtkMPIMToNSocketConnection.cxx
  vtkMPIMToNSocketConnectionPortInformation.cxx
  vtkNetworkAccessManager.cxx
  vtkPConvertSelection.cxx
  vtkProcessModuleAutoMPI.cxx
  vtkProcessModule.cxx
  vtkPVAlgorithmPortsInformation.cxx
  vtkPVArrayInformation.cxx
  vtkPVClassNameInformation.cxx
  vtkPVCompositeDataInformation.cxx
  vtkPVCompositeDataInformationIterator.cxx
  vtkPVDataInformation.cxx
  vtkPVDataInformationHelper.cxx
  vtkPVDataSetAttributesInformation.cxx
  vtkPVDataSizeInformation.cxx
  vtkPVDisableStackTraceSignalHandler.cxx
  vtkPVEnableStackTraceSignalHandler.cxx
  vtkPVExtractSelection.cxx
  Generating Code...
  Compiling...
  vtkPVExtractArraysOverTime.cxx
  vtkPVFileInformationHelper.cxx
  vtkPVGenericAttributeInformation.cxx
  vtkPVInformation.cxx
  vtkPVMemoryUseInformation.cxx
  vtkPVMultiClientsInformation.cxx
  vtkPVOptions.cxx
  vtkPVOptionsXMLParser.cxx
  vtkPVPlugin.cxx
  vtkPVPluginLoader.cxx
  vtkPVPluginsInformation.cxx
  vtkPVPluginTracker.cxx
  vtkPVProgressHandler.cxx
  vtkPVPythonInformation.cxx
  vtkPVPythonModule.cxx
  vtkPVPythonOptions.cxx
  vtkPVPythonPluginInterface.cxx
  vtkPVServerInformation.cxx
  vtkPVServerManagerPluginInterface.cxx
  vtkPVServerOptions.cxx
  Generating Code...
  Compiling...
  vtkPVSession.cxx
  vtkPVSILInformation.cxx
  vtkPVSystemConfigInformation.cxx
  vtkPVSystemInformation.cxx
  vtkPVTemporalDataInformation.cxx
  vtkPVTimerInformation.cxx
  vtkSession.cxx
  vtkSessionIterator.cxx
  vtkTCPNetworkAccessManager.cxx
  vtkEnvironmentAnnotationFilter.cxx
  Generating Code...
     Creating library C:/Users/vr/Desktop/ParaView-v5.3.0-VR/build/lib/Debug/vtkPVClientServerCoreCore-pv5.3.lib and object C:/Users/vr/Desktop/ParaView-v5.3.0-VR/build/lib/Debug/vtkPVClientServerCoreCore-pv5.3.exp
  vtkPVClientServerCoreCore.vcxproj -> C:\Users\vr\Desktop\ParaView-v5.3.0-VR\build\bin\Debug\vtkPVClientServerCoreCore-pv5.3.dll
