  Building Custom Rule C:/Users/vr/Desktop/ParaView-v5.3.0-VR/src/VTK/Rendering/LICOpenGL2/CMakeLists.txt
  CMake does not need to re-run because C:/Users/vr/Desktop/ParaView-v5.3.0-VR/build/VTK/Rendering/LICOpenGL2/CMakeFiles/generate.stamp is up-to-date.
  Generating vtkLineIntegralConvolution2D_VT.cxx, vtkLineIntegralConvolution2D_VT.h
  Generating vtkLineIntegralConvolution2D_LIC0.cxx, vtkLineIntegralConvolution2D_LIC0.h
  Generating vtkLineIntegralConvolution2D_LICI.cxx, vtkLineIntegralConvolution2D_LICI.h
  Generating vtkLineIntegralConvolution2D_LICN.cxx, vtkLineIntegralConvolution2D_LICN.h
  Generating vtkLineIntegralConvolution2D_EE.cxx, vtkLineIntegralConvolution2D_EE.h
  Generating vtkLineIntegralConvolution2D_CE.cxx, vtkLineIntegralConvolution2D_CE.h
  Generating vtkLineIntegralConvolution2D_AAH.cxx, vtkLineIntegralConvolution2D_AAH.h
  Generating vtkLineIntegralConvolution2D_AAV.cxx, vtkLineIntegralConvolution2D_AAV.h
  Generating vtkStructuredGridLIC2D_fs.cxx, vtkStructuredGridLIC2D_fs.h
  Generating vtkSurfaceLICInterface_SC.cxx, vtkSurfaceLICInterface_SC.h
  Generating vtkSurfaceLICInterface_CE.cxx, vtkSurfaceLICInterface_CE.h
  Generating vtkSurfaceLICInterface_DCpy.cxx, vtkSurfaceLICInterface_DCpy.h
  vtkImageDataLIC2D.cxx
  vtkLICNoiseHelper.cxx
  vtkLineIntegralConvolution2D.cxx
  vtkStructuredGridLIC2D.cxx
  vtkSurfaceLICComposite.cxx
  vtkSurfaceLICHelper.cxx
  vtkSurfaceLICInterface.cxx
  vtkSurfaceLICMapper.cxx
  vtkCompositeSurfaceLICMapper.cxx
  vtkTextureIO.cxx
  vtkLineIntegralConvolution2D_VT.cxx
  vtkLineIntegralConvolution2D_LIC0.cxx
  vtkLineIntegralConvolution2D_LICI.cxx
  vtkLineIntegralConvolution2D_LICN.cxx
  vtkLineIntegralConvolution2D_EE.cxx
  vtkLineIntegralConvolution2D_CE.cxx
  vtkLineIntegralConvolution2D_AAH.cxx
  vtkLineIntegralConvolution2D_AAV.cxx
  vtkStructuredGridLIC2D_fs.cxx
  vtkSurfaceLICInterface_SC.cxx
  Generating Code...
  Compiling...
  vtkSurfaceLICInterface_CE.cxx
  vtkSurfaceLICInterface_DCpy.cxx
  Generating Code...
     Creating library C:/Users/vr/Desktop/ParaView-v5.3.0-VR/build/lib/Debug/vtkRenderingLICOpenGL2-pv5.3.lib and object C:/Users/vr/Desktop/ParaView-v5.3.0-VR/build/lib/Debug/vtkRenderingLICOpenGL2-pv5.3.exp
  vtkRenderingLICOpenGL2.vcxproj -> C:\Users\vr\Desktop\ParaView-v5.3.0-VR\build\bin\Debug\vtkRenderingLICOpenGL2-pv5.3.dll
