  Building Custom Rule C:/Users/vr/Desktop/ParaView-v5.3.0-VR/src/VTK/Imaging/General/CMakeLists.txt
  CMake does not need to re-run because C:/Users/vr/Desktop/ParaView-v5.3.0-VR/build/VTK/Imaging/General/CMakeFiles/generate.stamp is up-to-date.
  vtkImageAnisotropicDiffusion2D.cxx
  vtkImageAnisotropicDiffusion3D.cxx
  vtkImageCheckerboard.cxx
  vtkImageCityBlockDistance.cxx
  vtkImageConvolve.cxx
  vtkImageCorrelation.cxx
  vtkImageEuclideanDistance.cxx
  vtkImageEuclideanToPolar.cxx
  vtkImageGaussianSmooth.cxx
  vtkImageGradient.cxx
  vtkImageGradientMagnitude.cxx
  vtkImageHybridMedian2D.cxx
  vtkImageLaplacian.cxx
  vtkImageMedian3D.cxx
  vtkImageNormalize.cxx
  vtkImageRange3D.cxx
  vtkImageSeparableConvolution.cxx
  vtkImageSobel2D.cxx
  vtkImageSobel3D.cxx
  vtkImageSpatialAlgorithm.cxx
  Generating Code...
  Compiling...
  vtkImageVariance3D.cxx
  vtkSimpleImageFilterExample.cxx
  vtkImageSlab.cxx
  vtkImageSlabReslice.cxx
  Generating Code...
     Creating library C:/Users/vr/Desktop/ParaView-v5.3.0-VR/build/lib/Debug/vtkImagingGeneral-pv5.3.lib and object C:/Users/vr/Desktop/ParaView-v5.3.0-VR/build/lib/Debug/vtkImagingGeneral-pv5.3.exp
  vtkImagingGeneral.vcxproj -> C:\Users\vr\Desktop\ParaView-v5.3.0-VR\build\bin\Debug\vtkImagingGeneral-pv5.3.dll
