  Building Custom Rule C:/Users/vr/Desktop/ParaView-v5.3.0-VR/src/Wrapping/ClientServer/CMakeLists.txt
  CMake does not need to re-run because C:/Users/vr/Desktop/ParaView-v5.3.0-VR/build/Wrapping/ClientServer/CMakeFiles/generate.stamp is up-to-date.
  CS Wrapping - generating vtkAbstractTransformClientServer.cxx
  CS Wrapping - generating vtkCylindricalTransformClientServer.cxx
  CS Wrapping - generating vtkGeneralTransformClientServer.cxx
  CS Wrapping - generating vtkHomogeneousTransformClientServer.cxx
  CS Wrapping - generating vtkIdentityTransformClientServer.cxx
  CS Wrapping - generating vtkLinearTransformClientServer.cxx
  CS Wrapping - generating vtkMatrixToHomogeneousTransformClientServer.cxx
  CS Wrapping - generating vtkMatrixToLinearTransformClientServer.cxx
  CS Wrapping - generating vtkPerspectiveTransformClientServer.cxx
  CS Wrapping - generating vtkSphericalTransformClientServer.cxx
  CS Wrapping - generating vtkThinPlateSplineTransformClientServer.cxx
  CS Wrapping - generating vtkTransform2DClientServer.cxx
  CS Wrapping - generating vtkTransformCollectionClientServer.cxx
  CS Wrapping - generating vtkTransformClientServer.cxx
  CS Wrapping - generating vtkWarpTransformClientServer.cxx
  CS Wrapping - generating vtkLandmarkTransformClientServer.cxx
  vtkAbstractTransformClientServer.cxx
  vtkCylindricalTransformClientServer.cxx
  vtkGeneralTransformClientServer.cxx
  vtkHomogeneousTransformClientServer.cxx
  vtkIdentityTransformClientServer.cxx
  vtkLinearTransformClientServer.cxx
  vtkMatrixToHomogeneousTransformClientServer.cxx
  vtkMatrixToLinearTransformClientServer.cxx
  vtkPerspectiveTransformClientServer.cxx
  vtkSphericalTransformClientServer.cxx
  vtkThinPlateSplineTransformClientServer.cxx
  vtkTransform2DClientServer.cxx
  vtkTransformCollectionClientServer.cxx
  vtkTransformClientServer.cxx
  vtkWarpTransformClientServer.cxx
  vtkLandmarkTransformClientServer.cxx
  vtkCommonTransformsCSInit.cxx
  Generating Code...
  vtkCommonTransformsCS.vcxproj -> C:\Users\vr\Desktop\ParaView-v5.3.0-VR\build\lib\Debug\vtkCommonTransformsCS-pv5.3.lib
