  Checking Build System
  CMake does not need to re-run because C:/Users/vr/Desktop/ParaView-v5.3.0-VR/build/CMakeFiles/generate.stamp is up-to-date.
  CMake does not need to re-run because C:/Users/vr/Desktop/ParaView-v5.3.0-VR/build/VTK/CMakeFiles/generate.stamp is up-to-date.
  CMake does not need to re-run because C:/Users/vr/Desktop/ParaView-v5.3.0-VR/build/VTK/Remote/CMakeFiles/generate.stamp is up-to-date.
  CMake does not need to re-run because C:/Users/vr/Desktop/ParaView-v5.3.0-VR/build/VTK/Utilities/KWIML/CMakeFiles/generate.stamp is up-to-date.
  CMake does not need to re-run because C:/Users/vr/Desktop/ParaView-v5.3.0-VR/build/VTK/Utilities/KWIML/vtkkwiml/CMakeFiles/generate.stamp is up-to-date.
  CMake does not need to re-run because C:/Users/vr/Desktop/ParaView-v5.3.0-VR/build/VTK/Utilities/KWSys/CMakeFiles/generate.stamp is up-to-date.
  CMake does not need to re-run because C:/Users/vr/Desktop/ParaView-v5.3.0-VR/build/VTK/Utilities/KWSys/vtksys/CMakeFiles/generate.stamp is up-to-date.
  CMake does not need to re-run because C:/Users/vr/Desktop/ParaView-v5.3.0-VR/build/VTK/Common/Core/CMakeFiles/generate.stamp is up-to-date.
  CMake does not need to re-run because C:/Users/vr/Desktop/ParaView-v5.3.0-VR/build/VTK/Common/Math/CMakeFiles/generate.stamp is up-to-date.
  CMake does not need to re-run because C:/Users/vr/Desktop/ParaView-v5.3.0-VR/build/VTK/Common/Misc/CMakeFiles/generate.stamp is up-to-date.
  CMake does not need to re-run because C:/Users/vr/Desktop/ParaView-v5.3.0-VR/build/VTK/Common/System/CMakeFiles/generate.stamp is up-to-date.
  CMake does not need to re-run because C:/Users/vr/Desktop/ParaView-v5.3.0-VR/build/VTK/Common/Transforms/CMakeFiles/generate.stamp is up-to-date.
  CMake does not need to re-run because C:/Users/vr/Desktop/ParaView-v5.3.0-VR/build/VTK/Common/DataModel/CMakeFiles/generate.stamp is up-to-date.
  CMake does not need to re-run because C:/Users/vr/Desktop/ParaView-v5.3.0-VR/build/VTK/Common/ExecutionModel/CMakeFiles/generate.stamp is up-to-date.
  CMake does not need to re-run because C:/Users/vr/Desktop/ParaView-v5.3.0-VR/build/VTK/Filters/Core/CMakeFiles/generate.stamp is up-to-date.
  CMake does not need to re-run because C:/Users/vr/Desktop/ParaView-v5.3.0-VR/build/VTK/Common/ComputationalGeometry/CMakeFiles/generate.stamp is up-to-date.
  CMake does not need to re-run because C:/Users/vr/Desktop/ParaView-v5.3.0-VR/build/VTK/Filters/General/CMakeFiles/generate.stamp is up-to-date.
  CMake does not need to re-run because C:/Users/vr/Desktop/ParaView-v5.3.0-VR/build/VTK/Imaging/Core/CMakeFiles/generate.stamp is up-to-date.
  CMake does not need to re-run because C:/Users/vr/Desktop/ParaView-v5.3.0-VR/build/VTK/Imaging/Fourier/CMakeFiles/generate.stamp is up-to-date.
  CMake does not need to re-run because C:/Users/vr/Desktop/ParaView-v5.3.0-VR/build/VTK/ThirdParty/alglib/CMakeFiles/generate.stamp is up-to-date.
  CMake does not need to re-run because C:/Users/vr/Desktop/ParaView-v5.3.0-VR/build/VTK/Filters/Statistics/CMakeFiles/generate.stamp is up-to-date.
  CMake does not need to re-run because C:/Users/vr/Desktop/ParaView-v5.3.0-VR/build/VTK/Filters/Extraction/CMakeFiles/generate.stamp is up-to-date.
  CMake does not need to re-run because C:/Users/vr/Desktop/ParaView-v5.3.0-VR/build/VTK/Filters/Sources/CMakeFiles/generate.stamp is up-to-date.
  CMake does not need to re-run because C:/Users/vr/Desktop/ParaView-v5.3.0-VR/build/VTK/Common/Color/CMakeFiles/generate.stamp is up-to-date.
  CMake does not need to re-run because C:/Users/vr/Desktop/ParaView-v5.3.0-VR/build/VTK/Filters/Geometry/CMakeFiles/generate.stamp is up-to-date.
  CMake does not need to re-run because C:/Users/vr/Desktop/ParaView-v5.3.0-VR/build/VTK/Rendering/Core/CMakeFiles/generate.stamp is up-to-date.
  CMake does not need to re-run because C:/Users/vr/Desktop/ParaView-v5.3.0-VR/build/VTK/Interaction/Style/CMakeFiles/generate.stamp is up-to-date.
  CMake does not need to re-run because C:/Users/vr/Desktop/ParaView-v5.3.0-VR/build/VTK/Utilities/DICOMParser/CMakeFiles/generate.stamp is up-to-date.
  CMake does not need to re-run because C:/Users/vr/Desktop/ParaView-v5.3.0-VR/build/VTK/ThirdParty/zlib/CMakeFiles/generate.stamp is up-to-date.
  CMake does not need to re-run because C:/Users/vr/Desktop/ParaView-v5.3.0-VR/build/VTK/ThirdParty/zlib/vtkzlib/CMakeFiles/generate.stamp is up-to-date.
  CMake does not need to re-run because C:/Users/vr/Desktop/ParaView-v5.3.0-VR/build/VTK/Utilities/MetaIO/CMakeFiles/generate.stamp is up-to-date.
  CMake does not need to re-run because C:/Users/vr/Desktop/ParaView-v5.3.0-VR/build/VTK/Utilities/MetaIO/vtkmetaio/CMakeFiles/generate.stamp is up-to-date.
  CMake does not need to re-run because C:/Users/vr/Desktop/ParaView-v5.3.0-VR/build/VTK/ThirdParty/jpeg/CMakeFiles/generate.stamp is up-to-date.
  CMake does not need to re-run because C:/Users/vr/Desktop/ParaView-v5.3.0-VR/build/VTK/ThirdParty/jpeg/vtkjpeg/CMakeFiles/generate.stamp is up-to-date.
  CMake does not need to re-run because C:/Users/vr/Desktop/ParaView-v5.3.0-VR/build/VTK/ThirdParty/png/CMakeFiles/generate.stamp is up-to-date.
  CMake does not need to re-run because C:/Users/vr/Desktop/ParaView-v5.3.0-VR/build/VTK/ThirdParty/png/vtkpng/CMakeFiles/generate.stamp is up-to-date.
  CMake does not need to re-run because C:/Users/vr/Desktop/ParaView-v5.3.0-VR/build/VTK/ThirdParty/tiff/CMakeFiles/generate.stamp is up-to-date.
  CMake does not need to re-run because C:/Users/vr/Desktop/ParaView-v5.3.0-VR/build/VTK/ThirdParty/tiff/vtktiff/CMakeFiles/generate.stamp is up-to-date.
  CMake does not need to re-run because C:/Users/vr/Desktop/ParaView-v5.3.0-VR/build/VTK/ThirdParty/tiff/vtktiff/port/CMakeFiles/generate.stamp is up-to-date.
  CMake does not need to re-run because C:/Users/vr/Desktop/ParaView-v5.3.0-VR/build/VTK/ThirdParty/tiff/vtktiff/libtiff/CMakeFiles/generate.stamp is up-to-date.
  CMake does not need to re-run because C:/Users/vr/Desktop/ParaView-v5.3.0-VR/build/VTK/IO/Image/CMakeFiles/generate.stamp is up-to-date.
  CMake does not need to re-run because C:/Users/vr/Desktop/ParaView-v5.3.0-VR/build/VTK/Utilities/EncodeString/CMakeFiles/generate.stamp is up-to-date.
  CMake does not need to re-run because C:/Users/vr/Desktop/ParaView-v5.3.0-VR/build/VTK/ThirdParty/glew/CMakeFiles/generate.stamp is up-to-date.
  CMake does not need to re-run because C:/Users/vr/Desktop/ParaView-v5.3.0-VR/build/VTK/ThirdParty/glew/vtkglew/CMakeFiles/generate.stamp is up-to-date.
  CMake does not need to re-run because C:/Users/vr/Desktop/ParaView-v5.3.0-VR/build/VTK/Rendering/OpenGL2/CMakeFiles/generate.stamp is up-to-date.
  CMake does not need to re-run because C:/Users/vr/Desktop/ParaView-v5.3.0-VR/build/VTK/GUISupport/Qt/CMakeFiles/generate.stamp is up-to-date.
  CMake does not need to re-run because C:/Users/vr/Desktop/ParaView-v5.3.0-VR/build/VTK/Filters/Modeling/CMakeFiles/generate.stamp is up-to-date.
  CMake does not need to re-run because C:/Users/vr/Desktop/ParaView-v5.3.0-VR/build/VTK/ThirdParty/lz4/CMakeFiles/generate.stamp is up-to-date.
  CMake does not need to re-run because C:/Users/vr/Desktop/ParaView-v5.3.0-VR/build/VTK/ThirdParty/lz4/vtklz4/CMakeFiles/generate.stamp is up-to-date.
  CMake does not need to re-run because C:/Users/vr/Desktop/ParaView-v5.3.0-VR/build/VTK/IO/Core/CMakeFiles/generate.stamp is up-to-date.
  CMake does not need to re-run because C:/Users/vr/Desktop/ParaView-v5.3.0-VR/build/VTK/IO/Legacy/CMakeFiles/generate.stamp is up-to-date.
  CMake does not need to re-run because C:/Users/vr/Desktop/ParaView-v5.3.0-VR/build/VTK/Utilities/HashSource/CMakeFiles/generate.stamp is up-to-date.
  CMake does not need to re-run because C:/Users/vr/Desktop/ParaView-v5.3.0-VR/build/VTK/Parallel/Core/CMakeFiles/generate.stamp is up-to-date.
  CMake does not need to re-run because C:/Users/vr/Desktop/ParaView-v5.3.0-VR/build/VTK/Filters/Parallel/CMakeFiles/generate.stamp is up-to-date.
  CMake does not need to re-run because C:/Users/vr/Desktop/ParaView-v5.3.0-VR/build/ParaViewCore/ClientServerStream/CMakeFiles/generate.stamp is up-to-date.
  CMake does not need to re-run because C:/Users/vr/Desktop/ParaView-v5.3.0-VR/build/VTK/ThirdParty/expat/CMakeFiles/generate.stamp is up-to-date.
  CMake does not need to re-run because C:/Users/vr/Desktop/ParaView-v5.3.0-VR/build/VTK/ThirdParty/expat/vtkexpat/CMakeFiles/generate.stamp is up-to-date.
  CMake does not need to re-run because C:/Users/vr/Desktop/ParaView-v5.3.0-VR/build/VTK/IO/XMLParser/CMakeFiles/generate.stamp is up-to-date.
  CMake does not need to re-run because C:/Users/vr/Desktop/ParaView-v5.3.0-VR/build/ParaViewCore/Common/CMakeFiles/generate.stamp is up-to-date.
  CMake does not need to re-run because C:/Users/vr/Desktop/ParaView-v5.3.0-VR/build/ParaViewCore/VTKExtensions/Core/CMakeFiles/generate.stamp is up-to-date.
  CMake does not need to re-run because C:/Users/vr/Desktop/ParaView-v5.3.0-VR/build/VTK/Parallel/MPI/CMakeFiles/generate.stamp is up-to-date.
  CMake does not need to re-run because C:/Users/vr/Desktop/ParaView-v5.3.0-VR/build/VTK/Wrapping/Tools/CMakeFiles/generate.stamp is up-to-date.
  CMake does not need to re-run because C:/Users/vr/Desktop/ParaView-v5.3.0-VR/build/Utilities/WrapClientServer/CMakeFiles/generate.stamp is up-to-date.
  CMake does not need to re-run because C:/Users/vr/Desktop/ParaView-v5.3.0-VR/build/ParaViewCore/ClientServerCore/Core/CMakeFiles/generate.stamp is up-to-date.
  CMake does not need to re-run because C:/Users/vr/Desktop/ParaView-v5.3.0-VR/build/ThirdParty/protobuf/CMakeFiles/generate.stamp is up-to-date.
  CMake does not need to re-run because C:/Users/vr/Desktop/ParaView-v5.3.0-VR/build/ThirdParty/protobuf/vtkprotobuf/CMakeFiles/generate.stamp is up-to-date.
  CMake does not need to re-run because C:/Users/vr/Desktop/ParaView-v5.3.0-VR/build/ThirdParty/protobuf/vtkprotobuf/src/CMakeFiles/generate.stamp is up-to-date.
  CMake does not need to re-run because C:/Users/vr/Desktop/ParaView-v5.3.0-VR/build/ParaViewCore/ServerImplementation/Core/CMakeFiles/generate.stamp is up-to-date.
  CMake does not need to re-run because C:/Users/vr/Desktop/ParaView-v5.3.0-VR/build/VTK/ThirdParty/jsoncpp/CMakeFiles/generate.stamp is up-to-date.
  CMake does not need to re-run because C:/Users/vr/Desktop/ParaView-v5.3.0-VR/build/VTK/ThirdParty/jsoncpp/vtkjsoncpp/CMakeFiles/generate.stamp is up-to-date.
  CMake does not need to re-run because C:/Users/vr/Desktop/ParaView-v5.3.0-VR/build/ThirdParty/pugixml/CMakeFiles/generate.stamp is up-to-date.
  CMake does not need to re-run because C:/Users/vr/Desktop/ParaView-v5.3.0-VR/build/ParaViewCore/ServerManager/Core/CMakeFiles/generate.stamp is up-to-date.
  CMake does not need to re-run because C:/Users/vr/Desktop/ParaView-v5.3.0-VR/build/ThirdParty/QtTesting/CMakeFiles/generate.stamp is up-to-date.
  CMake does not need to re-run because C:/Users/vr/Desktop/ParaView-v5.3.0-VR/build/ThirdParty/QtTesting/vtkqttesting/CMakeFiles/generate.stamp is up-to-date.
  CMake does not need to re-run because C:/Users/vr/Desktop/ParaView-v5.3.0-VR/build/ThirdParty/QtTesting/vtkqttesting/Examples/CMakeFiles/generate.stamp is up-to-date.
  CMake does not need to re-run because C:/Users/vr/Desktop/ParaView-v5.3.0-VR/build/Qt/Widgets/CMakeFiles/generate.stamp is up-to-date.
  CMake does not need to re-run because C:/Users/vr/Desktop/ParaView-v5.3.0-VR/build/VTK/ThirdParty/oggtheora/CMakeFiles/generate.stamp is up-to-date.
  CMake does not need to re-run because C:/Users/vr/Desktop/ParaView-v5.3.0-VR/build/VTK/ThirdParty/oggtheora/vtkoggtheora/CMakeFiles/generate.stamp is up-to-date.
  CMake does not need to re-run because C:/Users/vr/Desktop/ParaView-v5.3.0-VR/build/VTK/IO/Movie/CMakeFiles/generate.stamp is up-to-date.
  CMake does not need to re-run because C:/Users/vr/Desktop/ParaView-v5.3.0-VR/build/VTK/IO/XML/CMakeFiles/generate.stamp is up-to-date.
  CMake does not need to re-run because C:/Users/vr/Desktop/ParaView-v5.3.0-VR/build/VTK/Infovis/Core/CMakeFiles/generate.stamp is up-to-date.
  CMake does not need to re-run because C:/Users/vr/Desktop/ParaView-v5.3.0-VR/build/VTK/ThirdParty/libxml2/CMakeFiles/generate.stamp is up-to-date.
  CMake does not need to re-run because C:/Users/vr/Desktop/ParaView-v5.3.0-VR/build/VTK/ThirdParty/libxml2/vtklibxml2/CMakeFiles/generate.stamp is up-to-date.
  CMake does not need to re-run because C:/Users/vr/Desktop/ParaView-v5.3.0-VR/build/VTK/IO/Infovis/CMakeFiles/generate.stamp is up-to-date.
  CMake does not need to re-run because C:/Users/vr/Desktop/ParaView-v5.3.0-VR/build/VTK/Domains/Chemistry/CMakeFiles/generate.stamp is up-to-date.
  CMake does not need to re-run because C:/Users/vr/Desktop/ParaView-v5.3.0-VR/build/VTK/Filters/AMR/CMakeFiles/generate.stamp is up-to-date.
  CMake does not need to re-run because C:/Users/vr/Desktop/ParaView-v5.3.0-VR/build/VTK/ThirdParty/freetype/CMakeFiles/generate.stamp is up-to-date.
  CMake does not need to re-run because C:/Users/vr/Desktop/ParaView-v5.3.0-VR/build/VTK/ThirdParty/freetype/vtkfreetype/CMakeFiles/generate.stamp is up-to-date.
  CMake does not need to re-run because C:/Users/vr/Desktop/ParaView-v5.3.0-VR/build/VTK/Rendering/FreeType/CMakeFiles/generate.stamp is up-to-date.
  CMake does not need to re-run because C:/Users/vr/Desktop/ParaView-v5.3.0-VR/build/VTK/Rendering/Context2D/CMakeFiles/generate.stamp is up-to-date.
  CMake does not need to re-run because C:/Users/vr/Desktop/ParaView-v5.3.0-VR/build/VTK/Charts/Core/CMakeFiles/generate.stamp is up-to-date.
  CMake does not need to re-run because C:/Users/vr/Desktop/ParaView-v5.3.0-VR/build/VTK/Filters/FlowPaths/CMakeFiles/generate.stamp is up-to-date.
  CMake does not need to re-run because C:/Users/vr/Desktop/ParaView-v5.3.0-VR/build/VTK/Filters/ParallelFlowPaths/CMakeFiles/generate.stamp is up-to-date.
  CMake does not need to re-run because C:/Users/vr/Desktop/ParaView-v5.3.0-VR/build/VTK/Filters/ParallelStatistics/CMakeFiles/generate.stamp is up-to-date.
  CMake does not need to re-run because C:/Users/vr/Desktop/ParaView-v5.3.0-VR/build/VTK/IO/EnSight/CMakeFiles/generate.stamp is up-to-date.
  CMake does not need to re-run because C:/Users/vr/Desktop/ParaView-v5.3.0-VR/build/VTK/IO/Import/CMakeFiles/generate.stamp is up-to-date.
  CMake does not need to re-run because C:/Users/vr/Desktop/ParaView-v5.3.0-VR/build/VTK/IO/MPIImage/CMakeFiles/generate.stamp is up-to-date.
  CMake does not need to re-run because C:/Users/vr/Desktop/ParaView-v5.3.0-VR/build/VTK/IO/PLY/CMakeFiles/generate.stamp is up-to-date.
  CMake does not need to re-run because C:/Users/vr/Desktop/ParaView-v5.3.0-VR/build/VTK/IO/Geometry/CMakeFiles/generate.stamp is up-to-date.
  CMake does not need to re-run because C:/Users/vr/Desktop/ParaView-v5.3.0-VR/build/VTK/ThirdParty/hdf5/CMakeFiles/generate.stamp is up-to-date.
  CMake does not need to re-run because C:/Users/vr/Desktop/ParaView-v5.3.0-VR/build/VTK/ThirdParty/hdf5/vtkhdf5/CMakeFiles/generate.stamp is up-to-date.
  CMake does not need to re-run because C:/Users/vr/Desktop/ParaView-v5.3.0-VR/build/VTK/ThirdParty/hdf5/vtkhdf5/src/CMakeFiles/generate.stamp is up-to-date.
  CMake does not need to re-run because C:/Users/vr/Desktop/ParaView-v5.3.0-VR/build/VTK/ThirdParty/hdf5/vtkhdf5/hl/CMakeFiles/generate.stamp is up-to-date.
  CMake does not need to re-run because C:/Users/vr/Desktop/ParaView-v5.3.0-VR/build/VTK/ThirdParty/hdf5/vtkhdf5/hl/src/CMakeFiles/generate.stamp is up-to-date.
  CMake does not need to re-run because C:/Users/vr/Desktop/ParaView-v5.3.0-VR/build/VTK/ThirdParty/netcdf/CMakeFiles/generate.stamp is up-to-date.
  CMake does not need to re-run because C:/Users/vr/Desktop/ParaView-v5.3.0-VR/build/VTK/ThirdParty/netcdf/vtknetcdf/CMakeFiles/generate.stamp is up-to-date.
  CMake does not need to re-run because C:/Users/vr/Desktop/ParaView-v5.3.0-VR/build/VTK/ThirdParty/netcdf/vtknetcdf/liblib/CMakeFiles/generate.stamp is up-to-date.
  CMake does not need to re-run because C:/Users/vr/Desktop/ParaView-v5.3.0-VR/build/VTK/ThirdParty/netcdf/vtknetcdf/libdispatch/CMakeFiles/generate.stamp is up-to-date.
  CMake does not need to re-run because C:/Users/vr/Desktop/ParaView-v5.3.0-VR/build/VTK/ThirdParty/netcdf/vtknetcdf/libsrc/CMakeFiles/generate.stamp is up-to-date.
  CMake does not need to re-run because C:/Users/vr/Desktop/ParaView-v5.3.0-VR/build/VTK/ThirdParty/netcdf/vtknetcdf/libsrc4/CMakeFiles/generate.stamp is up-to-date.
  CMake does not need to re-run because C:/Users/vr/Desktop/ParaView-v5.3.0-VR/build/VTK/ThirdParty/netcdf/vtknetcdf/cxx/CMakeFiles/generate.stamp is up-to-date.
  CMake does not need to re-run because C:/Users/vr/Desktop/ParaView-v5.3.0-VR/build/VTK/IO/NetCDF/CMakeFiles/generate.stamp is up-to-date.
  CMake does not need to re-run because C:/Users/vr/Desktop/ParaView-v5.3.0-VR/build/VTK/ThirdParty/exodusII/CMakeFiles/generate.stamp is up-to-date.
  CMake does not need to re-run because C:/Users/vr/Desktop/ParaView-v5.3.0-VR/build/VTK/ThirdParty/exodusII/vtkexodusII/CMakeFiles/generate.stamp is up-to-date.
  CMake does not need to re-run because C:/Users/vr/Desktop/ParaView-v5.3.0-VR/build/VTK/IO/Parallel/CMakeFiles/generate.stamp is up-to-date.
  CMake does not need to re-run because C:/Users/vr/Desktop/ParaView-v5.3.0-VR/build/VTK/IO/Exodus/CMakeFiles/generate.stamp is up-to-date.
  CMake does not need to re-run because C:/Users/vr/Desktop/ParaView-v5.3.0-VR/build/VTK/IO/ParallelExodus/CMakeFiles/generate.stamp is up-to-date.
  CMake does not need to re-run because C:/Users/vr/Desktop/ParaView-v5.3.0-VR/build/VTK/IO/ParallelXML/CMakeFiles/generate.stamp is up-to-date.
  CMake does not need to re-run because C:/Users/vr/Desktop/ParaView-v5.3.0-VR/build/VTK/Imaging/Sources/CMakeFiles/generate.stamp is up-to-date.
  CMake does not need to re-run because C:/Users/vr/Desktop/ParaView-v5.3.0-VR/build/VTK/Filters/Hybrid/CMakeFiles/generate.stamp is up-to-date.
  CMake does not need to re-run because C:/Users/vr/Desktop/ParaView-v5.3.0-VR/build/VTK/Imaging/Color/CMakeFiles/generate.stamp is up-to-date.
  CMake does not need to re-run because C:/Users/vr/Desktop/ParaView-v5.3.0-VR/build/VTK/Imaging/General/CMakeFiles/generate.stamp is up-to-date.
  CMake does not need to re-run because C:/Users/vr/Desktop/ParaView-v5.3.0-VR/build/VTK/Imaging/Hybrid/CMakeFiles/generate.stamp is up-to-date.
  CMake does not need to re-run because C:/Users/vr/Desktop/ParaView-v5.3.0-VR/build/VTK/Rendering/Annotation/CMakeFiles/generate.stamp is up-to-date.
  CMake does not need to re-run because C:/Users/vr/Desktop/ParaView-v5.3.0-VR/build/VTK/Rendering/Volume/CMakeFiles/generate.stamp is up-to-date.
  CMake does not need to re-run because C:/Users/vr/Desktop/ParaView-v5.3.0-VR/build/VTK/Interaction/Widgets/CMakeFiles/generate.stamp is up-to-date.
  CMake does not need to re-run because C:/Users/vr/Desktop/ParaView-v5.3.0-VR/build/VTK/Filters/Generic/CMakeFiles/generate.stamp is up-to-date.
  CMake does not need to re-run because C:/Users/vr/Desktop/ParaView-v5.3.0-VR/build/VTK/Filters/HyperTree/CMakeFiles/generate.stamp is up-to-date.
  CMake does not need to re-run because C:/Users/vr/Desktop/ParaView-v5.3.0-VR/build/VTK/Filters/ParallelMPI/CMakeFiles/generate.stamp is up-to-date.
  CMake does not need to re-run because C:/Users/vr/Desktop/ParaView-v5.3.0-VR/build/VTK/ThirdParty/gl2ps/CMakeFiles/generate.stamp is up-to-date.
  CMake does not need to re-run because C:/Users/vr/Desktop/ParaView-v5.3.0-VR/build/VTK/ThirdParty/gl2ps/vtkgl2ps/CMakeFiles/generate.stamp is up-to-date.
  CMake does not need to re-run because C:/Users/vr/Desktop/ParaView-v5.3.0-VR/build/VTK/Rendering/GL2PSOpenGL2/CMakeFiles/generate.stamp is up-to-date.
  CMake does not need to re-run because C:/Users/vr/Desktop/ParaView-v5.3.0-VR/build/VTK/IO/Export/CMakeFiles/generate.stamp is up-to-date.
  CMake does not need to re-run because C:/Users/vr/Desktop/ParaView-v5.3.0-VR/build/VTK/IO/ExportOpenGL2/CMakeFiles/generate.stamp is up-to-date.
  CMake does not need to re-run because C:/Users/vr/Desktop/ParaView-v5.3.0-VR/build/VTK/Rendering/Parallel/CMakeFiles/generate.stamp is up-to-date.
  CMake does not need to re-run because C:/Users/vr/Desktop/ParaView-v5.3.0-VR/build/VTK/Imaging/Math/CMakeFiles/generate.stamp is up-to-date.
  CMake does not need to re-run because C:/Users/vr/Desktop/ParaView-v5.3.0-VR/build/VTK/Rendering/VolumeOpenGL2/CMakeFiles/generate.stamp is up-to-date.
  CMake does not need to re-run because C:/Users/vr/Desktop/ParaView-v5.3.0-VR/build/VTK/Rendering/VolumeAMR/CMakeFiles/generate.stamp is up-to-date.
  CMake does not need to re-run because C:/Users/vr/Desktop/ParaView-v5.3.0-VR/build/ThirdParty/IceT/CMakeFiles/generate.stamp is up-to-date.
  CMake does not need to re-run because C:/Users/vr/Desktop/ParaView-v5.3.0-VR/build/ThirdParty/IceT/vtkicet/CMakeFiles/generate.stamp is up-to-date.
  CMake does not need to re-run because C:/Users/vr/Desktop/ParaView-v5.3.0-VR/build/ThirdParty/IceT/vtkicet/src/CMakeFiles/generate.stamp is up-to-date.
  CMake does not need to re-run because C:/Users/vr/Desktop/ParaView-v5.3.0-VR/build/ThirdParty/IceT/vtkicet/src/ice-t/CMakeFiles/generate.stamp is up-to-date.
  CMake does not need to re-run because C:/Users/vr/Desktop/ParaView-v5.3.0-VR/build/ThirdParty/IceT/vtkicet/src/communication/CMakeFiles/generate.stamp is up-to-date.
  CMake does not need to re-run because C:/Users/vr/Desktop/ParaView-v5.3.0-VR/build/ThirdParty/IceT/vtkicet/src/strategies/CMakeFiles/generate.stamp is up-to-date.
  CMake does not need to re-run because C:/Users/vr/Desktop/ParaView-v5.3.0-VR/build/ThirdParty/IceT/vtkicet/src/gl/CMakeFiles/generate.stamp is up-to-date.
  CMake does not need to re-run because C:/Users/vr/Desktop/ParaView-v5.3.0-VR/build/ThirdParty/IceT/vtkicet/doc/CMakeFiles/generate.stamp is up-to-date.
  CMake does not need to re-run because C:/Users/vr/Desktop/ParaView-v5.3.0-VR/build/ThirdParty/IceT/vtkicet/doc/man/CMakeFiles/generate.stamp is up-to-date.
  CMake does not need to re-run because C:/Users/vr/Desktop/ParaView-v5.3.0-VR/build/ParaViewCore/VTKExtensions/Rendering/CMakeFiles/generate.stamp is up-to-date.
  CMake does not need to re-run because C:/Users/vr/Desktop/ParaView-v5.3.0-VR/build/ParaViewCore/VTKExtensions/Default/CMakeFiles/generate.stamp is up-to-date.
  CMake does not need to re-run because C:/Users/vr/Desktop/ParaView-v5.3.0-VR/build/VTK/Rendering/Label/CMakeFiles/generate.stamp is up-to-date.
  CMake does not need to re-run because C:/Users/vr/Desktop/ParaView-v5.3.0-VR/build/VTK/Views/Core/CMakeFiles/generate.stamp is up-to-date.
  CMake does not need to re-run because C:/Users/vr/Desktop/ParaView-v5.3.0-VR/build/VTK/Views/Context2D/CMakeFiles/generate.stamp is up-to-date.
  CMake does not need to re-run because C:/Users/vr/Desktop/ParaView-v5.3.0-VR/build/ParaViewCore/ClientServerCore/Rendering/CMakeFiles/generate.stamp is up-to-date.
  CMake does not need to re-run because C:/Users/vr/Desktop/ParaView-v5.3.0-VR/build/ParaViewCore/ClientServerCore/Default/CMakeFiles/generate.stamp is up-to-date.
  CMake does not need to re-run because C:/Users/vr/Desktop/ParaView-v5.3.0-VR/build/ParaViewCore/ServerImplementation/Rendering/CMakeFiles/generate.stamp is up-to-date.
  CMake does not need to re-run because C:/Users/vr/Desktop/ParaView-v5.3.0-VR/build/Utilities/ProcessXML/CMakeFiles/generate.stamp is up-to-date.
  CMake does not need to re-run because C:/Users/vr/Desktop/ParaView-v5.3.0-VR/build/ParaViewCore/ServerManager/Rendering/CMakeFiles/generate.stamp is up-to-date.
  CMake does not need to re-run because C:/Users/vr/Desktop/ParaView-v5.3.0-VR/build/VTK/Testing/Core/CMakeFiles/generate.stamp is up-to-date.
  CMake does not need to re-run because C:/Users/vr/Desktop/ParaView-v5.3.0-VR/build/VTK/Testing/Rendering/CMakeFiles/generate.stamp is up-to-date.
  CMake does not need to re-run because C:/Users/vr/Desktop/ParaView-v5.3.0-VR/build/ParaViewCore/ServerManager/Default/CMakeFiles/generate.stamp is up-to-date.
  CMake does not need to re-run because C:/Users/vr/Desktop/ParaView-v5.3.0-VR/build/ParaViewCore/Animation/CMakeFiles/generate.stamp is up-to-date.
  CMake does not need to re-run because C:/Users/vr/Desktop/ParaView-v5.3.0-VR/build/VTK/Domains/ChemistryOpenGL2/CMakeFiles/generate.stamp is up-to-date.
  CMake does not need to re-run because C:/Users/vr/Desktop/ParaView-v5.3.0-VR/build/VTK/Filters/ParallelGeometry/CMakeFiles/generate.stamp is up-to-date.
  CMake does not need to re-run because C:/Users/vr/Desktop/ParaView-v5.3.0-VR/build/VTK/Filters/Imaging/CMakeFiles/generate.stamp is up-to-date.
  CMake does not need to re-run because C:/Users/vr/Desktop/ParaView-v5.3.0-VR/build/VTK/Filters/ParallelImaging/CMakeFiles/generate.stamp is up-to-date.
  CMake does not need to re-run because C:/Users/vr/Desktop/ParaView-v5.3.0-VR/build/VTK/Filters/Programmable/CMakeFiles/generate.stamp is up-to-date.
  CMake does not need to re-run because C:/Users/vr/Desktop/ParaView-v5.3.0-VR/build/VTK/Filters/Texture/CMakeFiles/generate.stamp is up-to-date.
  CMake does not need to re-run because C:/Users/vr/Desktop/ParaView-v5.3.0-VR/build/VTK/ThirdParty/verdict/CMakeFiles/generate.stamp is up-to-date.
  CMake does not need to re-run because C:/Users/vr/Desktop/ParaView-v5.3.0-VR/build/VTK/ThirdParty/verdict/vtkverdict/CMakeFiles/generate.stamp is up-to-date.
  CMake does not need to re-run because C:/Users/vr/Desktop/ParaView-v5.3.0-VR/build/VTK/Filters/Verdict/CMakeFiles/generate.stamp is up-to-date.
  CMake does not need to re-run because C:/Users/vr/Desktop/ParaView-v5.3.0-VR/build/VTK/IO/AMR/CMakeFiles/generate.stamp is up-to-date.
  CMake does not need to re-run because C:/Users/vr/Desktop/ParaView-v5.3.0-VR/build/VTK/IO/MPIParallel/CMakeFiles/generate.stamp is up-to-date.
  CMake does not need to re-run because C:/Users/vr/Desktop/ParaView-v5.3.0-VR/build/VTK/IO/LSDyna/CMakeFiles/generate.stamp is up-to-date.
  CMake does not need to re-run because C:/Users/vr/Desktop/ParaView-v5.3.0-VR/build/VTK/IO/ParallelLSDyna/CMakeFiles/generate.stamp is up-to-date.
  CMake does not need to re-run because C:/Users/vr/Desktop/ParaView-v5.3.0-VR/build/VTK/IO/ParallelNetCDF/CMakeFiles/generate.stamp is up-to-date.
  CMake does not need to re-run because C:/Users/vr/Desktop/ParaView-v5.3.0-VR/build/VTK/IO/TRUCHAS/CMakeFiles/generate.stamp is up-to-date.
  CMake does not need to re-run because C:/Users/vr/Desktop/ParaView-v5.3.0-VR/build/VTK/IO/TecplotTable/CMakeFiles/generate.stamp is up-to-date.
  CMake does not need to re-run because C:/Users/vr/Desktop/ParaView-v5.3.0-VR/build/VTK/ThirdParty/VPIC/CMakeFiles/generate.stamp is up-to-date.
  CMake does not need to re-run because C:/Users/vr/Desktop/ParaView-v5.3.0-VR/build/VTK/IO/VPIC/CMakeFiles/generate.stamp is up-to-date.
  CMake does not need to re-run because C:/Users/vr/Desktop/ParaView-v5.3.0-VR/build/VTK/ThirdParty/xdmf2/CMakeFiles/generate.stamp is up-to-date.
  CMake does not need to re-run because C:/Users/vr/Desktop/ParaView-v5.3.0-VR/build/VTK/ThirdParty/xdmf2/vtkxdmf2/CMakeFiles/generate.stamp is up-to-date.
  CMake does not need to re-run because C:/Users/vr/Desktop/ParaView-v5.3.0-VR/build/VTK/ThirdParty/xdmf2/vtkxdmf2/libsrc/CMakeFiles/generate.stamp is up-to-date.
  CMake does not need to re-run because C:/Users/vr/Desktop/ParaView-v5.3.0-VR/build/VTK/IO/Xdmf2/CMakeFiles/generate.stamp is up-to-date.
  CMake does not need to re-run because C:/Users/vr/Desktop/ParaView-v5.3.0-VR/build/VTK/Imaging/Morphological/CMakeFiles/generate.stamp is up-to-date.
  CMake does not need to re-run because C:/Users/vr/Desktop/ParaView-v5.3.0-VR/build/VTK/Interaction/Image/CMakeFiles/generate.stamp is up-to-date.
  CMake does not need to re-run because C:/Users/vr/Desktop/ParaView-v5.3.0-VR/build/VTK/Filters/Points/CMakeFiles/generate.stamp is up-to-date.
  CMake does not need to re-run because C:/Users/vr/Desktop/ParaView-v5.3.0-VR/build/ParaViewCore/VTKExtensions/Points/CMakeFiles/generate.stamp is up-to-date.
  CMake does not need to re-run because C:/Users/vr/Desktop/ParaView-v5.3.0-VR/build/VTK/Rendering/LICOpenGL2/CMakeFiles/generate.stamp is up-to-date.
  CMake does not need to re-run because C:/Users/vr/Desktop/ParaView-v5.3.0-VR/build/VTK/Rendering/LOD/CMakeFiles/generate.stamp is up-to-date.
  CMake does not need to re-run because C:/Users/vr/Desktop/ParaView-v5.3.0-VR/build/VTK/Rendering/ParallelLIC/CMakeFiles/generate.stamp is up-to-date.
  CMake does not need to re-run because C:/Users/vr/Desktop/ParaView-v5.3.0-VR/build/ParaViewCore/ServerManager/SMApplication/CMakeFiles/generate.stamp is up-to-date.
  CMake does not need to re-run because C:/Users/vr/Desktop/ParaView-v5.3.0-VR/build/Qt/Core/CMakeFiles/generate.stamp is up-to-date.
  CMake does not need to re-run because C:/Users/vr/Desktop/ParaView-v5.3.0-VR/build/Qt/Components/CMakeFiles/generate.stamp is up-to-date.
  CMake does not need to re-run because C:/Users/vr/Desktop/ParaView-v5.3.0-VR/build/Utilities/LegacyColorMapXMLToJSON/CMakeFiles/generate.stamp is up-to-date.
  CMake does not need to re-run because C:/Users/vr/Desktop/ParaView-v5.3.0-VR/build/Qt/ApplicationComponents/CMakeFiles/generate.stamp is up-to-date.
  CMake does not need to re-run because C:/Users/vr/Desktop/ParaView-v5.3.0-VR/build/Utilities/TestDriver/CMakeFiles/generate.stamp is up-to-date.
  CMake does not need to re-run because C:/Users/vr/Desktop/ParaView-v5.3.0-VR/build/CoProcessing/Catalyst/CMakeFiles/generate.stamp is up-to-date.
  CMake does not need to re-run because C:/Users/vr/Desktop/ParaView-v5.3.0-VR/build/VTK/Rendering/ContextOpenGL2/CMakeFiles/generate.stamp is up-to-date.
  CMake does not need to re-run because C:/Users/vr/Desktop/ParaView-v5.3.0-VR/build/Wrapping/ClientServer/CMakeFiles/generate.stamp is up-to-date.
  CMake does not need to re-run because C:/Users/vr/Desktop/ParaView-v5.3.0-VR/build/Wrapping/Python/CMakeFiles/generate.stamp is up-to-date.
  CMake does not need to re-run because C:/Users/vr/Desktop/ParaView-v5.3.0-VR/build/Plugins/AcceleratedAlgorithms/CMakeFiles/generate.stamp is up-to-date.
  CMake does not need to re-run because C:/Users/vr/Desktop/ParaView-v5.3.0-VR/build/Plugins/AnalyzeNIfTIReaderWriter/CMakeFiles/generate.stamp is up-to-date.
  CMake does not need to re-run because C:/Users/vr/Desktop/ParaView-v5.3.0-VR/build/Plugins/ArrowGlyph/CMakeFiles/generate.stamp is up-to-date.
  CMake does not need to re-run because C:/Users/vr/Desktop/ParaView-v5.3.0-VR/build/Plugins/EyeDomeLighting/CMakeFiles/generate.stamp is up-to-date.
  CMake does not need to re-run because C:/Users/vr/Desktop/ParaView-v5.3.0-VR/build/Plugins/EyeDomeLighting/ParaViewPlugin/CMakeFiles/generate.stamp is up-to-date.
  CMake does not need to re-run because C:/Users/vr/Desktop/ParaView-v5.3.0-VR/build/Plugins/GMVReader/CMakeFiles/generate.stamp is up-to-date.
  CMake does not need to re-run because C:/Users/vr/Desktop/ParaView-v5.3.0-VR/build/Plugins/GeodesicMeasurementPlugin/CMakeFiles/generate.stamp is up-to-date.
  CMake does not need to re-run because C:/Users/vr/Desktop/ParaView-v5.3.0-VR/build/Plugins/GeodesicMeasurementPlugin/FmmMesh/CMakeFiles/generate.stamp is up-to-date.
  CMake does not need to re-run because C:/Users/vr/Desktop/ParaView-v5.3.0-VR/build/Plugins/H5PartReader/CMakeFiles/generate.stamp is up-to-date.
  CMake does not need to re-run because C:/Users/vr/Desktop/ParaView-v5.3.0-VR/build/Plugins/LagrangianParticleTracker/CMakeFiles/generate.stamp is up-to-date.
  CMake does not need to re-run because C:/Users/vr/Desktop/ParaView-v5.3.0-VR/build/Plugins/Moments/CMakeFiles/generate.stamp is up-to-date.
  CMake does not need to re-run because C:/Users/vr/Desktop/ParaView-v5.3.0-VR/build/Plugins/NonOrthogonalSource/CMakeFiles/generate.stamp is up-to-date.
  CMake does not need to re-run because C:/Users/vr/Desktop/ParaView-v5.3.0-VR/build/Plugins/SLACTools/CMakeFiles/generate.stamp is up-to-date.
  CMake does not need to re-run because C:/Users/vr/Desktop/ParaView-v5.3.0-VR/build/Plugins/SierraPlotTools/CMakeFiles/generate.stamp is up-to-date.
  CMake does not need to re-run because C:/Users/vr/Desktop/ParaView-v5.3.0-VR/build/Plugins/StreamLinesRepresentation/CMakeFiles/generate.stamp is up-to-date.
  CMake does not need to re-run because C:/Users/vr/Desktop/ParaView-v5.3.0-VR/build/Plugins/StreamingParticles/CMakeFiles/generate.stamp is up-to-date.
  CMake does not need to re-run because C:/Users/vr/Desktop/ParaView-v5.3.0-VR/build/Plugins/SurfaceLIC/CMakeFiles/generate.stamp is up-to-date.
  CMake does not need to re-run because C:/Users/vr/Desktop/ParaView-v5.3.0-VR/build/Plugins/TestPlugin/CMakeFiles/generate.stamp is up-to-date.
  CMake does not need to re-run because C:/Users/vr/Desktop/ParaView-v5.3.0-VR/build/Plugins/ThickenLayeredCells/CMakeFiles/generate.stamp is up-to-date.
  CMake does not need to re-run because C:/Users/vr/Desktop/ParaView-v5.3.0-VR/build/Plugins/VR/CMakeFiles/generate.stamp is up-to-date.
  CMake does not need to re-run because C:/Users/vr/Desktop/ParaView-v5.3.0-VR/build/CommandLineExecutables/CMakeFiles/generate.stamp is up-to-date.
  CMake does not need to re-run because C:/Users/vr/Desktop/ParaView-v5.3.0-VR/build/Applications/CMakeFiles/generate.stamp is up-to-date.
  CMake does not need to re-run because C:/Users/vr/Desktop/ParaView-v5.3.0-VR/build/Applications/ParaView/CMakeFiles/generate.stamp is up-to-date.
  CMake does not need to re-run because C:/Users/vr/Desktop/ParaView-v5.3.0-VR/build/Applications/ParaView/Documentation/CMakeFiles/generate.stamp is up-to-date.
