  Building Custom Rule C:/Users/vr/Desktop/ParaView-v5.3.0-VR/src/Wrapping/ClientServer/CMakeLists.txt
  CMake does not need to re-run because C:/Users/vr/Desktop/ParaView-v5.3.0-VR/build/Wrapping/ClientServer/CMakeFiles/generate.stamp is up-to-date.
  CS Wrapping - generating vtkAbstractArrayClientServer.cxx
  CS Wrapping - generating vtkAnimationCueClientServer.cxx
  CS Wrapping - generating vtkArrayClientServer.cxx
  CS Wrapping - generating vtkArrayIteratorClientServer.cxx
  CS Wrapping - generating vtkBitArrayClientServer.cxx
  CS Wrapping - generating vtkBitArrayIteratorClientServer.cxx
  CS Wrapping - generating vtkBoxMuellerRandomSequenceClientServer.cxx
  CS Wrapping - generating vtkByteSwapClientServer.cxx
  CS Wrapping - generating vtkCharArrayClientServer.cxx
  CS Wrapping - generating vtkCollectionClientServer.cxx
  CS Wrapping - generating vtkCollectionIteratorClientServer.cxx
  CS Wrapping - generating vtkCommandClientServer.cxx
  CS Wrapping - generating vtkConditionVariableClientServer.cxx
  CS Wrapping - generating vtkCriticalSectionClientServer.cxx
  CS Wrapping - generating vtkDataArrayCollectionClientServer.cxx
  CS Wrapping - generating vtkDataArrayCollectionIteratorClientServer.cxx
  CS Wrapping - generating vtkDataArrayClientServer.cxx
  CS Wrapping - generating vtkDataArraySelectionClientServer.cxx
  CS Wrapping - generating vtkDebugLeaksClientServer.cxx
  CS Wrapping - generating vtkDoubleArrayClientServer.cxx
  CS Wrapping - generating vtkDynamicLoaderClientServer.cxx
  CS Wrapping - generating vtkFileOutputWindowClientServer.cxx
  CS Wrapping - generating vtkFloatArrayClientServer.cxx
  CS Wrapping - generating vtkGarbageCollectorClientServer.cxx
  CS Wrapping - generating vtkGaussianRandomSequenceClientServer.cxx
  CS Wrapping - generating vtkIdListCollectionClientServer.cxx
  CS Wrapping - generating vtkIdListClientServer.cxx
  CS Wrapping - generating vtkIdTypeArrayClientServer.cxx
  CS Wrapping - generating vtkInformationClientServer.cxx
  CS Wrapping - generating vtkInformationDataObjectKeyClientServer.cxx
  CS Wrapping - generating vtkInformationDoubleKeyClientServer.cxx
  CS Wrapping - generating vtkInformationDoubleVectorKeyClientServer.cxx
  CS Wrapping - generating vtkInformationIdTypeKeyClientServer.cxx
  CS Wrapping - generating vtkInformationInformationKeyClientServer.cxx
  CS Wrapping - generating vtkInformationInformationVectorKeyClientServer.cxx
  CS Wrapping - generating vtkInformationIntegerKeyClientServer.cxx
  CS Wrapping - generating vtkInformationIntegerPointerKeyClientServer.cxx
  CS Wrapping - generating vtkInformationIntegerVectorKeyClientServer.cxx
  CS Wrapping - generating vtkInformationIteratorClientServer.cxx
  CS Wrapping - generating vtkInformationKeyClientServer.cxx
  CS Wrapping - generating vtkInformationKeyLookupClientServer.cxx
  CS Wrapping - generating vtkInformationKeyVectorKeyClientServer.cxx
  CS Wrapping - generating vtkInformationObjectBaseKeyClientServer.cxx
  CS Wrapping - generating vtkInformationObjectBaseVectorKeyClientServer.cxx
  CS Wrapping - generating vtkInformationRequestKeyClientServer.cxx
  CS Wrapping - generating vtkInformationStringKeyClientServer.cxx
  CS Wrapping - generating vtkInformationStringVectorKeyClientServer.cxx
  CS Wrapping - generating vtkInformationUnsignedLongKeyClientServer.cxx
  CS Wrapping - generating vtkInformationVariantKeyClientServer.cxx
  CS Wrapping - generating vtkInformationVariantVectorKeyClientServer.cxx
  CS Wrapping - generating vtkInformationVectorClientServer.cxx
  CS Wrapping - generating vtkInstantiatorClientServer.cxx
  CS Wrapping - generating vtkIntArrayClientServer.cxx
  CS Wrapping - generating vtkLongArrayClientServer.cxx
  CS Wrapping - generating vtkLongLongArrayClientServer.cxx
  CS Wrapping - generating vtkLookupTableClientServer.cxx
  CS Wrapping - generating vtkMathClientServer.cxx
  CS Wrapping - generating vtkMersenneTwisterClientServer.cxx
  CS Wrapping - generating vtkMinimalStandardRandomSequenceClientServer.cxx
  CS Wrapping - generating vtkMultiThreaderClientServer.cxx
  CS Wrapping - generating vtkMutexLockClientServer.cxx
  CS Wrapping - generating vtkObjectBaseClientServer.cxx
  CS Wrapping - generating vtkObjectClientServer.cxx
  CS Wrapping - generating vtkObjectFactoryCollectionClientServer.cxx
  CS Wrapping - generating vtkObjectFactoryClientServer.cxx
  CS Wrapping - generating vtkOutputWindowClientServer.cxx
  CS Wrapping - generating vtkOverrideInformationCollectionClientServer.cxx
  CS Wrapping - generating vtkOverrideInformationClientServer.cxx
  CS Wrapping - generating vtkPoints2DClientServer.cxx
  CS Wrapping - generating vtkPointsClientServer.cxx
  CS Wrapping - generating vtkPriorityQueueClientServer.cxx
  CS Wrapping - generating vtkRandomSequenceClientServer.cxx
  CS Wrapping - generating vtkReferenceCountClientServer.cxx
  CS Wrapping - generating vtkScalarsToColorsClientServer.cxx
  CS Wrapping - generating vtkShortArrayClientServer.cxx
  CS Wrapping - generating vtkSignedCharArrayClientServer.cxx
  CS Wrapping - generating vtkSortDataArrayClientServer.cxx
  CS Wrapping - generating vtkStringArrayClientServer.cxx
  CS Wrapping - generating vtkStringOutputWindowClientServer.cxx
  CS Wrapping - generating vtkTimePointUtilityClientServer.cxx
  CS Wrapping - generating vtkUnicodeStringArrayClientServer.cxx
  CS Wrapping - generating vtkUnsignedCharArrayClientServer.cxx
  CS Wrapping - generating vtkUnsignedIntArrayClientServer.cxx
  CS Wrapping - generating vtkUnsignedLongArrayClientServer.cxx
  CS Wrapping - generating vtkUnsignedLongLongArrayClientServer.cxx
  CS Wrapping - generating vtkUnsignedShortArrayClientServer.cxx
  CS Wrapping - generating vtkVariantArrayClientServer.cxx
  CS Wrapping - generating vtkVersionClientServer.cxx
  CS Wrapping - generating vtkVoidArrayClientServer.cxx
  CS Wrapping - generating vtkWindowClientServer.cxx
  CS Wrapping - generating vtkXMLFileOutputWindowClientServer.cxx
  CS Wrapping - generating vtkWin32OutputWindowClientServer.cxx
  CS Wrapping - generating vtkWin32ProcessOutputWindowClientServer.cxx
  CS Wrapping - generating vtkTypeInt8ArrayClientServer.cxx
  CS Wrapping - generating vtkTypeInt16ArrayClientServer.cxx
  CS Wrapping - generating vtkTypeInt32ArrayClientServer.cxx
  CS Wrapping - generating vtkTypeInt64ArrayClientServer.cxx
  CS Wrapping - generating vtkTypeUInt8ArrayClientServer.cxx
  CS Wrapping - generating vtkTypeUInt16ArrayClientServer.cxx
  CS Wrapping - generating vtkTypeUInt32ArrayClientServer.cxx
  CS Wrapping - generating vtkTypeUInt64ArrayClientServer.cxx
  CS Wrapping - generating vtkTypeFloat32ArrayClientServer.cxx
  CS Wrapping - generating vtkTypeFloat64ArrayClientServer.cxx
  vtkAbstractArrayClientServer.cxx
  vtkAnimationCueClientServer.cxx
  vtkArrayClientServer.cxx
  vtkArrayIteratorClientServer.cxx
  vtkBitArrayClientServer.cxx
  vtkBitArrayIteratorClientServer.cxx
  vtkBoxMuellerRandomSequenceClientServer.cxx
  vtkByteSwapClientServer.cxx
  vtkCharArrayClientServer.cxx
  vtkCollectionClientServer.cxx
  vtkCollectionIteratorClientServer.cxx
  vtkCommandClientServer.cxx
  vtkConditionVariableClientServer.cxx
  vtkCriticalSectionClientServer.cxx
  vtkDataArrayCollectionClientServer.cxx
  vtkDataArrayCollectionIteratorClientServer.cxx
  vtkDataArrayClientServer.cxx
  vtkDataArraySelectionClientServer.cxx
  vtkDebugLeaksClientServer.cxx
  vtkDoubleArrayClientServer.cxx
  Generating Code...
  Compiling...
  vtkDynamicLoaderClientServer.cxx
  vtkFileOutputWindowClientServer.cxx
  vtkFloatArrayClientServer.cxx
  vtkGarbageCollectorClientServer.cxx
  vtkGaussianRandomSequenceClientServer.cxx
  vtkIdListCollectionClientServer.cxx
  vtkIdListClientServer.cxx
  vtkIdTypeArrayClientServer.cxx
  vtkInformationClientServer.cxx
  vtkInformationDataObjectKeyClientServer.cxx
  vtkInformationDoubleKeyClientServer.cxx
  vtkInformationDoubleVectorKeyClientServer.cxx
  vtkInformationIdTypeKeyClientServer.cxx
  vtkInformationInformationKeyClientServer.cxx
  vtkInformationInformationVectorKeyClientServer.cxx
  vtkInformationIntegerKeyClientServer.cxx
  vtkInformationIntegerPointerKeyClientServer.cxx
  vtkInformationIntegerVectorKeyClientServer.cxx
  vtkInformationIteratorClientServer.cxx
  vtkInformationKeyClientServer.cxx
  Generating Code...
  Compiling...
  vtkInformationKeyLookupClientServer.cxx
  vtkInformationKeyVectorKeyClientServer.cxx
  vtkInformationObjectBaseKeyClientServer.cxx
  vtkInformationObjectBaseVectorKeyClientServer.cxx
  vtkInformationRequestKeyClientServer.cxx
  vtkInformationStringKeyClientServer.cxx
  vtkInformationStringVectorKeyClientServer.cxx
  vtkInformationUnsignedLongKeyClientServer.cxx
  vtkInformationVariantKeyClientServer.cxx
  vtkInformationVariantVectorKeyClientServer.cxx
  vtkInformationVectorClientServer.cxx
  vtkInstantiatorClientServer.cxx
  vtkIntArrayClientServer.cxx
  vtkLongArrayClientServer.cxx
  vtkLongLongArrayClientServer.cxx
  vtkLookupTableClientServer.cxx
  vtkMathClientServer.cxx
  vtkMersenneTwisterClientServer.cxx
  vtkMinimalStandardRandomSequenceClientServer.cxx
  vtkMultiThreaderClientServer.cxx
  Generating Code...
  Compiling...
  vtkMutexLockClientServer.cxx
  vtkObjectBaseClientServer.cxx
  vtkObjectClientServer.cxx
  vtkObjectFactoryCollectionClientServer.cxx
  vtkObjectFactoryClientServer.cxx
  vtkOutputWindowClientServer.cxx
  vtkOverrideInformationCollectionClientServer.cxx
  vtkOverrideInformationClientServer.cxx
  vtkPoints2DClientServer.cxx
  vtkPointsClientServer.cxx
  vtkPriorityQueueClientServer.cxx
  vtkRandomSequenceClientServer.cxx
  vtkReferenceCountClientServer.cxx
  vtkScalarsToColorsClientServer.cxx
  vtkShortArrayClientServer.cxx
  vtkSignedCharArrayClientServer.cxx
  vtkSortDataArrayClientServer.cxx
  vtkStringArrayClientServer.cxx
  vtkStringOutputWindowClientServer.cxx
  vtkTimePointUtilityClientServer.cxx
  Generating Code...
  Compiling...
  vtkUnicodeStringArrayClientServer.cxx
  vtkUnsignedCharArrayClientServer.cxx
  vtkUnsignedIntArrayClientServer.cxx
  vtkUnsignedLongArrayClientServer.cxx
  vtkUnsignedLongLongArrayClientServer.cxx
  vtkUnsignedShortArrayClientServer.cxx
  vtkVariantArrayClientServer.cxx
  vtkVersionClientServer.cxx
  vtkVoidArrayClientServer.cxx
  vtkWindowClientServer.cxx
  vtkXMLFileOutputWindowClientServer.cxx
  vtkWin32OutputWindowClientServer.cxx
  vtkWin32ProcessOutputWindowClientServer.cxx
  vtkTypeInt8ArrayClientServer.cxx
  vtkTypeInt16ArrayClientServer.cxx
  vtkTypeInt32ArrayClientServer.cxx
  vtkTypeInt64ArrayClientServer.cxx
  vtkTypeUInt8ArrayClientServer.cxx
  vtkTypeUInt16ArrayClientServer.cxx
  vtkTypeUInt32ArrayClientServer.cxx
  Generating Code...
  Compiling...
  vtkTypeUInt64ArrayClientServer.cxx
  vtkTypeFloat32ArrayClientServer.cxx
  vtkTypeFloat64ArrayClientServer.cxx
  vtkCommonCoreCSInit.cxx
  Generating Code...
  vtkCommonCoreCS.vcxproj -> C:\Users\vr\Desktop\ParaView-v5.3.0-VR\build\lib\Debug\vtkCommonCoreCS-pv5.3.lib
