  Building Custom Rule C:/Users/vr/Desktop/ParaView-v5.3.0-VR/src/ParaViewCore/Animation/CMakeLists.txt
  CMake does not need to re-run because C:/Users/vr/Desktop/ParaView-v5.3.0-VR/build/ParaViewCore/Animation/CMakeFiles/generate.stamp is up-to-date.
  vtkAnimationPlayer.cxx
  vtkCompositeAnimationPlayer.cxx
  vtkPVAnimationCue.cxx
  vtkPVBooleanKeyFrame.cxx
  vtkPVCameraAnimationCue.cxx
  vtkPVCameraCueManipulator.cxx
  vtkPVCameraKeyFrame.cxx
  vtkPVCompositeKeyFrame.cxx
  vtkPVCueManipulator.cxx
  vtkPVExponentialKeyFrame.cxx
  vtkPVKeyFrameAnimationCue.cxx
  vtkPVKeyFrameAnimationCueForProxies.cxx
  vtkPVKeyFrameCueManipulator.cxx
  vtkPVKeyFrame.cxx
  vtkPVRampKeyFrame.cxx
  vtkPVRepresentationAnimationHelper.cxx
  vtkPVServerSideAnimationPlayer.cxx
  vtkPVSinusoidKeyFrame.cxx
  vtkRealtimeAnimationPlayer.cxx
  vtkSequenceAnimationPlayer.cxx
  Generating Code...
  Compiling...
  vtkSIXMLAnimationWriterRepresentationProperty.cxx
C:\Users\vr\Desktop\ParaView-v5.3.0-VR\src\ThirdParty\protobuf\vtkprotobuf\src\google/protobuf/io/coded_stream.h(986): warning C4267: 'argument': conversion from 'size_t' to 'int', possible loss of data
C:\Users\vr\Desktop\ParaView-v5.3.0-VR\src\ThirdParty\protobuf\vtkprotobuf\src\google/protobuf/io/coded_stream.h(991): warning C4267: 'argument': conversion from 'size_t' to 'int', possible loss of data
C:\Users\vr\Desktop\ParaView-v5.3.0-VR\src\ThirdParty\protobuf\vtkprotobuf\src\google/protobuf/unknown_field_set.h(118): warning C4267: 'argument': conversion from 'size_t' to 'int', possible loss of data
C:\Users\vr\Desktop\ParaView-v5.3.0-VR\src\ThirdParty\protobuf\vtkprotobuf\src\google/protobuf/unknown_field_set.h(200): warning C4267: 'return': conversion from 'size_t' to 'int', possible loss of data
  vtkSMAnimationScene.cxx
  vtkSMAnimationSceneGeometryWriter.cxx
  vtkSMAnimationSceneImageWriter.cxx
  vtkSMAnimationSceneProxy.cxx
  vtkSMAnimationSceneWriter.cxx
  vtkTimestepsAnimationPlayer.cxx
  vtkXMLPVAnimationWriter.cxx
  Generating Code...
     Creating library C:/Users/vr/Desktop/ParaView-v5.3.0-VR/build/lib/Debug/vtkPVAnimation-pv5.3.lib and object C:/Users/vr/Desktop/ParaView-v5.3.0-VR/build/lib/Debug/vtkPVAnimation-pv5.3.exp
  vtkPVAnimation.vcxproj -> C:\Users\vr\Desktop\ParaView-v5.3.0-VR\build\bin\Debug\vtkPVAnimation-pv5.3.dll
